#
# A fatal error has been detected by the Java Runtime Environment:
#
#  EXCEPTION_ACCESS_VIOLATION (0xc0000005) at pc=0x000002a866221050, pid=11136, tid=24320
#
# JRE version: OpenJDK Runtime Environment Temurin-21.0.5+11 (21.0.5+11) (build 21.0.5+11-LTS)
# Java VM: OpenJDK 64-Bit Server VM Temurin-21.0.5+11 (21.0.5+11-LTS, mixed mode, emulated-client, sharing, tiered, compressed oops, compressed class ptrs, g1 gc, windows-amd64)
# Problematic frame:
# v  ~BufferBlob::MethodHandles adapters 0x000002a866221050
#
# No core dump will be written. Minidumps are not enabled by default on client versions of Windows
#
# If you would like to submit a bug report, please visit:
#   https://github.com/adoptium/adoptium-support/issues
#

---------------  S U M M A R Y ------------

Command Line: -XX:+ShowCodeDetailsInExceptionMessages -agentlib:jdwp=transport=dt_socket,suspend=y,address=localhost:65195 -Dcom.sun.management.jmxremote -Dcom.sun.management.jmxremote.port=65194 -Dcom.sun.management.jmxremote.authenticate=false -Dcom.sun.management.jmxremote.ssl=false -Djava.rmi.server.hostname=localhost -Dspring.jmx.enabled=true -Dmanagement.endpoints.jmx.exposure.include=* -Dspring.application.admin.enabled=true -XX:TieredStopAtLevel=1 -Dspring.boot.project.name=permansys -javaagent:C:\IDE\sts-4.27.0.RELEASE\configuration\org.eclipse.osgi\275\0\.cp\lib\javaagent-shaded.jar -Dfile.encoding=UTF-8 -Dstdout.encoding=UTF-8 -Dstderr.encoding=UTF-8 com.permansys.PerManSysApplication --spring.output.ansi.enabled=always

Host: 13th Gen Intel(R) Core(TM) i9-13900H, 20 cores, 31G,  Windows 11 , 64 bit Build 22621 (10.0.22621.4391)
Time: Tue Dec 17 14:36:32 2024  Windows 11 , 64 bit Build 22621 (10.0.22621.4391) elapsed time: 11.141343 seconds (0d 0h 0m 11s)

---------------  T H R E A D  ---------------

Current thread (0x000002a87c0f7a00):  JavaThread "restartedMain"        [_thread_in_Java, id=24320, stack(0x000000acc7900000,0x000000acc7a00000) (1024K)]

Stack: [0x000000acc7900000,0x000000acc7a00000],  sp=0x000000acc79fdde8,  free space=1015k
Native frames: (J=compiled Java code, j=interpreted, Vv=VM code, C=native code)
C  0x000002a866221050

The last pc belongs to _linkToSpecial (printed below).

siginfo: EXCEPTION_ACCESS_VIOLATION (0xc0000005), reading address 0xffffffffffffffff


Registers:
RAX=0x000002a8661f9086, RBX=0xc484994b00000000, RCX=0x000000acc79fddf0, RDX=0x0000000000000002
RSP=0x000000acc79fdde8, RBP=0x000000acc79fde38, RSI=0x000002a8778e7a38, RDI=0x000002a87dd66650
R8 =0x0000000000000004, R9 =0x0000000000000004, R10=0x00007ffe0f90d040, R11=0x000002a8000b5b20
R12=0x0000000000000000, R13=0x000000acc79fdde8, R14=0x000000acc79fde58, R15=0x000002a87c0f7a00
RIP=0x000002a866221050, EFLAGS=0x0000000000010202


Register to memory mapping:

RAX=0x000002a8661f9086 is at code_begin+3078 in an Interpreter codelet
return entry points  [0x000002a8661f8480, 0x000002a8661fa298]  7704 bytes
RBX=0xc484994b00000000 is an unknown value
RCX=0x000000acc79fddf0 is pointing into the stack for thread: 0x000002a87c0f7a00
RDX=0x0000000000000002 is an unknown value
RSP=0x000000acc79fdde8 is pointing into the stack for thread: 0x000002a87c0f7a00
RBP=0x000000acc79fde38 is pointing into the stack for thread: 0x000002a87c0f7a00
RSI=0x000002a8778e7a38 points into unknown readable memory: 0x88000a04930853a5 | a5 53 08 93 04 0a 00 88
RDI=0x000002a87dd66650 points into unknown readable memory: 0x0000001800000070 | 70 00 00 00 18 00 00 00
R8 =0x0000000000000004 is an unknown value
R9 =0x0000000000000004 is an unknown value
R10=0x00007ffe0f90d040 jvm.dll
R11={method} {0x000002a8000b5b28} 'newInvokeSpecial' '(Ljava/lang/Object;)Ljava/lang/Object;' in 'java/lang/invoke/DirectMethodHandle$Holder'
R12=0x0 is null
R13=0x000000acc79fdde8 is pointing into the stack for thread: 0x000002a87c0f7a00
R14=0x000000acc79fde58 is pointing into the stack for thread: 0x000002a87c0f7a00
R15=0x000002a87c0f7a00 is a thread

Top of Stack: (sp=0x000000acc79fdde8)
0x000000acc79fdde8:   000002a8661f9086 000000acc79fddf0
0x000000acc79fddf8:   000002a80072be1f 0000000000000004
0x000000acc79fde08:   000002a8000b0fd8 0000000605868ee8
0x000000acc79fde18:   0000000604bb04b8 000002a8000b5b20
0x000000acc79fde28:   000000acc79fdde8 000000acc79fde60
0x000000acc79fde38:   000000acc79fe1d0 000002a8666274cb
0x000000acc79fde48:   000000062424c960 000000062424ca08
0x000000acc79fde58:   000000062424c9c0 000000062424c720
0x000000acc79fde68:   0000000000000000 000000acc79fe1d0
0x000000acc79fde78:   000002a866e5ed8c 0000000000000000
0x000000acc79fde88:   0000000000000000 0000000000000000
0x000000acc79fde98:   0000000000000000 0000000000000000
0x000000acc79fdea8:   0000000000000000 0000000000000000
0x000000acc79fdeb8:   0000000000000000 0000000000000000
0x000000acc79fdec8:   0000000000000000 0000000000000000
0x000000acc79fded8:   0000000604b989f0 0000000605868ee8
0x000000acc79fdee8:   000000062424c5e8 000000062424c5e8
0x000000acc79fdef8:   000000062424c720 000000062424c9f0
0x000000acc79fdf08:   000000062424c778 0000000605868ee8
0x000000acc79fdf18:   0000000000000001 000000acc79fe1d0
0x000000acc79fdf28:   000002a800000000 0000000000000000
0x000000acc79fdf38:   0000000000000000 000000062424c9c0
0x000000acc79fdf48:   000002a86662525c 0000000000000000
0x000000acc79fdf58:   0000000000000000 0000000000000000
0x000000acc79fdf68:   0000000000000000 000002a87c0f7a00
0x000000acc79fdf78:   0000000000000000 000000062424c720
0x000000acc79fdf88:   0000000000000000 000000062424c5e8
0x000000acc79fdf98:   000000062424c9f0 000000062424c720
0x000000acc79fdfa8:   0000000000000000 000000062424c600
0x000000acc79fdfb8:   000002a8666269ec 000000acc79fe1d0
0x000000acc79fdfc8:   000002a866621bea 0000000000000000
0x000000acc79fdfd8:   000002a866415a29 000002a87c0f7a00 

Instructions: (pc=0x000002a866221050)
0x000002a866220f50:   bf d8 05 00 00 00 74 03 ff 63 38 ff 63 50 e9 9d
0x000002a866220f60:   16 00 00 66 66 66 0f 1f 84 00 00 00 00 00 66 66
0x000002a866220f70:   66 90 66 66 0f 1f 84 00 00 00 00 00 66 66 66 90
0x000002a866220f80:   48 8b 53 08 0f b7 52 2e 48 8b 0c d4 58 5b 50 44
0x000002a866220f90:   8b 51 08 49 bb 00 00 00 00 a8 02 00 00 4d 03 d3
0x000002a866220fa0:   4c 8b 5b 10 4b 8b 9c da c0 01 00 00 48 85 db 0f
0x000002a866220fb0:   84 10 00 00 00 41 80 bf d8 05 00 00 00 74 03 ff
0x000002a866220fc0:   63 38 ff 63 50 e9 36 16 00 00 66 66 66 0f 1f 84
0x000002a866220fd0:   00 00 00 00 00 66 66 66 90 0f 1f 80 00 00 00 00
0x000002a866220fe0:   58 5b 50 8b 5b 24 48 c1 e3 03 48 8b 5b 10 48 85
0x000002a866220ff0:   db 0f 84 10 00 00 00 41 80 bf d8 05 00 00 00 74
0x000002a866221000:   03 ff 63 38 ff 63 50 e9 f4 15 00 00 66 66 66 0f
0x000002a866221010:   1f 84 00 00 00 00 00 66 66 66 90 0f 1f 44 00 00
0x000002a866221020:   48 8b 53 08 0f b7 52 2e 48 8b 0c d4 58 5b 50 48
0x000002a866221030:   3b 01 8b 5b 24 48 c1 e3 03 48 8b 5b 10 48 85 db
0x000002a866221040:   0f 84 10 00 00 00 41 80 bf d8 05 00 00 00 74 03
0x000002a866221050:   ff 63 38 ff 63 50 e9 a5 15 00 00 0f 1f 44 00 00
0x000002a866221060:   48 8b 53 08 0f b7 52 2e 48 8b 0c d4 58 5b 50 44
0x000002a866221070:   8b 51 08 49 bb 00 00 00 00 a8 02 00 00 4d 03 d3
0x000002a866221080:   8b 43 18 48 c1 e0 03 48 8b 40 10 48 8b 5b 10 45
0x000002a866221090:   8b 9a a0 00 00 00 4f 8d 9c da c0 01 00 00 4d 8d
0x000002a8662210a0:   14 da 49 8b 1b 48 3b c3 74 15 48 85 db 0f 84 32
0x000002a8662210b0:   00 00 00 49 83 c3 10 49 8b 1b 48 3b c3 75 eb 45
0x000002a8662210c0:   8b 5b 08 4b 8b 1c 1a 48 85 db 0f 84 10 00 00 00
0x000002a8662210d0:   41 80 bf d8 05 00 00 00 74 03 ff 63 38 ff 63 50
0x000002a8662210e0:   e9 1b 15 00 00 e9 16 12 00 00 f4 00 00 00 00 00
0x000002a8662210f0:   00 00 00 00 00 00 00 00 00 00 00 00 00 00 00 00
0x000002a866221100:   00 00 00 00 00 00 00 00 00 00 00 00 00 00 00 00
0x000002a866221110:   00 00 00 00 00 00 00 00 00 00 00 00 00 00 00 00
0x000002a866221120:   00 00 00 00 00 00 00 00 00 00 00 00 00 00 00 00
0x000002a866221130:   00 00 00 00 00 00 00 00 00 00 00 00 00 00 00 00
0x000002a866221140:   00 00 00 00 00 00 00 00 00 00 00 00 00 00 00 00 


Stack slot to memory mapping:

stack at sp + 0 slots: 0x000002a8661f9086 is at code_begin+3078 in an Interpreter codelet
return entry points  [0x000002a8661f8480, 0x000002a8661fa298]  7704 bytes
stack at sp + 1 slots: 0x000000acc79fddf0 is pointing into the stack for thread: 0x000002a87c0f7a00
stack at sp + 2 slots: 0x000002a80072be1f is pointing into metadata
stack at sp + 3 slots: 0x0000000000000004 is an unknown value
stack at sp + 4 slots: 0x000002a8000b0fd8 is pointing into metadata
stack at sp + 5 slots: 0x0000000605868ee8 is an oop: java.lang.Class 
{0x0000000605868ee8} - klass: 'java/lang/Class'
 - ---- fields (total size 14 words):
 - private volatile transient 'classRedefinedCount' 'I' @12  1 (0x00000001)
 - injected 'klass' 'J' @16  2920595817480 (0x000002a801138408)
 - injected 'array_klass' 'J' @24  0 (0x0000000000000000)
 - injected 'oop_size' 'I' @32  14 (0x0000000e)
 - injected 'static_oop_field_count' 'I' @36  0 (0x00000000)
 - private volatile transient 'cachedConstructor' 'Ljava/lang/reflect/Constructor;' @40  null (0x00000000)
 - private transient 'name' 'Ljava/lang/String;' @44  "com.permansys.controller.EmployeeController"{0x0000000605868f58} (0xc0b0d1eb)
 - private transient 'module' 'Ljava/lang/Module;' @48  a 'java/lang/Module'{0x000000060511b6c8} (0xc0a236d9)
 - private final 'classLoader' 'Ljava/lang/ClassLoader;' @52  a 'org/springframework/boot/devtools/restart/classloader/RestartClassLoader'{0x0000000605001930} (0xc0a00326)
 - private transient 'classData' 'Ljava/lang/Object;' @56  null (0x00000000)
 - private transient 'packageName' 'Ljava/lang/String;' @60  "com.permansys.controller"{0x0000000605868c90} (0xc0b0d192)
 - private final 'componentType' 'Ljava/lang/Class;' @64  null (0x00000000)
 - private volatile transient 'reflectionData' 'Ljava/lang/ref/SoftReference;' @68  a 'java/lang/ref/SoftReference'{0x0000000605868fb0} (0xc0b0d1f6)
 - private volatile transient 'genericInfo' 'Lsun/reflect/generics/repository/ClassRepository;' @72  null (0x00000000)
 - private volatile transient 'enumConstants' '[Ljava/lang/Object;' @76  null (0x00000000)
 - private volatile transient 'enumConstantDirectory' 'Ljava/util/Map;' @80  null (0x00000000)
 - private volatile transient 'annotationData' 'Ljava/lang/Class$AnnotationData;' @84  a 'java/lang/Class$AnnotationData'{0x0000000605869028} (0xc0b0d205)
 - private volatile transient 'annotationType' 'Lsun/reflect/annotation/AnnotationType;' @88  null (0x00000000)
 - transient 'classValueMap' 'Ljava/lang/ClassValue$ClassValueMap;' @92  null (0x00000000)
 - injected 'protection_domain' 'Ljava/lang/Object;' @96  a 'java/security/ProtectionDomain'{0x0000000605197238} (0xc0a32e47)
 - injected 'signers_name' 'Ljava/lang/Object;' @100  null (0x00000000)
 - injected 'source_file' 'Ljava/lang/Object;' @104  null (0x00000000)
 - injected '<init_lock>' 'Ljava/lang/Object;' @108  null (0x00000000)
 - signature: Lcom/permansys/controller/EmployeeController;
 - ---- static fields (0):
stack at sp + 6 slots: 0x0000000604bb04b8 is an oop: java.lang.Class 
{0x0000000604bb04b8} - klass: 'java/lang/Class'
 - ---- fields (total size 14 words):
 - private volatile transient 'classRedefinedCount' 'I' @12  0 (0x00000000)
 - injected 'klass' 'J' @16  2920578485168 (0x000002a8000b0bb0)
 - injected 'array_klass' 'J' @24  0 (0x0000000000000000)
 - injected 'oop_size' 'I' @32  14 (0x0000000e)
 - injected 'static_oop_field_count' 'I' @36  0 (0x00000000)
 - private volatile transient 'cachedConstructor' 'Ljava/lang/reflect/Constructor;' @40  null (0x00000000)
 - private transient 'name' 'Ljava/lang/String;' @44  null (0x00000000)
 - private transient 'module' 'Ljava/lang/Module;' @48  a 'java/lang/Module'{0x0000000604b98a68} (0xc097314d)
 - private final 'classLoader' 'Ljava/lang/ClassLoader;' @52  null (0x00000000)
 - private transient 'classData' 'Ljava/lang/Object;' @56  null (0x00000000)
 - private transient 'packageName' 'Ljava/lang/String;' @60  null (0x00000000)
 - private final 'componentType' 'Ljava/lang/Class;' @64  null (0x00000000)
 - private volatile transient 'reflectionData' 'Ljava/lang/ref/SoftReference;' @68  null (0x00000000)
 - private volatile transient 'genericInfo' 'Lsun/reflect/generics/repository/ClassRepository;' @72  null (0x00000000)
 - private volatile transient 'enumConstants' '[Ljava/lang/Object;' @76  null (0x00000000)
 - private volatile transient 'enumConstantDirectory' 'Ljava/util/Map;' @80  null (0x00000000)
 - private volatile transient 'annotationData' 'Ljava/lang/Class$AnnotationData;' @84  null (0x00000000)
 - private volatile transient 'annotationType' 'Lsun/reflect/annotation/AnnotationType;' @88  null (0x00000000)
 - transient 'classValueMap' 'Ljava/lang/ClassValue$ClassValueMap;' @92  null (0x00000000)
 - injected 'protection_domain' 'Ljava/lang/Object;' @96  null (0x00000000)
 - injected 'signers_name' 'Ljava/lang/Object;' @100  null (0x00000000)
 - injected 'source_file' 'Ljava/lang/Object;' @104  null (0x00000000)
 - injected '<init_lock>' 'Ljava/lang/Object;' @108  null (0x00000000)
 - signature: Ljava/lang/invoke/DirectMethodHandle$Holder;
 - ---- static fields (0):
stack at sp + 7 slots: {method} {0x000002a8000b5b28} 'newInvokeSpecial' '(Ljava/lang/Object;)Ljava/lang/Object;' in 'java/lang/invoke/DirectMethodHandle$Holder'

MethodHandle::interpreter_entry::_linkToSpecial [0x000002a86622100c, 0x000002a86622105b] (79 bytes)
[MachCode]
  0x000002a86622100c: 6666 660f | 1f84 0000 | 0000 0066 | 6666 900f | 1f44 0000 | 488b 5308 | 0fb7 522e | 488b 0cd4 
  0x000002a86622102c: 585b 5048 | 3b01 8b5b | 2448 c1e3 | 0348 8b5b | 1048 85db | 0f84 1000 | 0000 4180 | bfd8 0500 
  0x000002a86622104c: 0000 7403 | ff63 38ff | 6350 e9a5 | 
[/MachCode]

---------------  P R O C E S S  ---------------

Threads class SMR info:
_java_thread_list=0x000002a87dc1f3c0, length=27, elements={
0x000002a862725db0, 0x000002a873c0d420, 0x000002a876ca24a0, 0x000002a876ca4490,
0x000002a876ca73f0, 0x000002a876ca8470, 0x000002a876ca9350, 0x000002a876cb61a0,
0x000002a876d985d0, 0x000002a876e1ee80, 0x000002a876e27880, 0x000002a876e29e80,
0x000002a8776425e0, 0x000002a87787c830, 0x000002a8778b9be0, 0x000002a8778f0f90,
0x000002a87c0ebb30, 0x000002a87c0f7a00, 0x000002a87c285360, 0x000002a87c36a270,
0x000002a87c366ce0, 0x000002a87c3652a0, 0x000002a87c366650, 0x000002a87c365fc0,
0x000002a87c368090, 0x000002a87c367a00, 0x000002a87c367370
}

Java Threads: ( => current thread )
  0x000002a862725db0 JavaThread "main"                              [_thread_blocked, id=5480, stack(0x000000acc5100000,0x000000acc5200000) (1024K)]
  0x000002a873c0d420 JavaThread "Reference Handler"          daemon [_thread_blocked, id=19596, stack(0x000000acc5900000,0x000000acc5a00000) (1024K)]
  0x000002a876ca24a0 JavaThread "Finalizer"                  daemon [_thread_blocked, id=18512, stack(0x000000acc5a00000,0x000000acc5b00000) (1024K)]
  0x000002a876ca4490 JavaThread "Signal Dispatcher"          daemon [_thread_blocked, id=14272, stack(0x000000acc5b00000,0x000000acc5c00000) (1024K)]
  0x000002a876ca73f0 JavaThread "Attach Listener"            daemon [_thread_blocked, id=15680, stack(0x000000acc5c00000,0x000000acc5d00000) (1024K)]
  0x000002a876ca8470 JavaThread "Service Thread"             daemon [_thread_blocked, id=13532, stack(0x000000acc5d00000,0x000000acc5e00000) (1024K)]
  0x000002a876ca9350 JavaThread "Monitor Deflation Thread"   daemon [_thread_blocked, id=8712, stack(0x000000acc5e00000,0x000000acc5f00000) (1024K)]
  0x000002a876cb61a0 JavaThread "C1 CompilerThread0"         daemon [_thread_blocked, id=21620, stack(0x000000acc5f00000,0x000000acc6000000) (1024K)]
  0x000002a876d985d0 JavaThread "Common-Cleaner"             daemon [_thread_blocked, id=16696, stack(0x000000acc6000000,0x000000acc6100000) (1024K)]
  0x000002a876e1ee80 JavaThread "JDWP Transport Listener: dt_socket" daemon [_thread_blocked, id=13520, stack(0x000000acc6200000,0x000000acc6300000) (1024K)]
  0x000002a876e27880 JavaThread "JDWP Event Helper Thread"   daemon [_thread_blocked, id=20972, stack(0x000000acc6300000,0x000000acc6400000) (1024K)]
  0x000002a876e29e80 JavaThread "JDWP Command Reader"        daemon [_thread_in_native, id=24024, stack(0x000000acc6400000,0x000000acc6500000) (1024K)]
  0x000002a8776425e0 JavaThread "Notification Thread"        daemon [_thread_blocked, id=11304, stack(0x000000acc6500000,0x000000acc6600000) (1024K)]
  0x000002a87787c830 JavaThread "RMI TCP Accept-0"           daemon [_thread_in_native, id=14928, stack(0x000000acc6900000,0x000000acc6a00000) (1024K)]
  0x000002a8778b9be0 JavaThread "RMI TCP Accept-65194"       daemon [_thread_in_native, id=6008, stack(0x000000acc7500000,0x000000acc7600000) (1024K)]
  0x000002a8778f0f90 JavaThread "RMI TCP Accept-0"           daemon [_thread_in_native, id=15976, stack(0x000000acc7600000,0x000000acc7700000) (1024K)]
  0x000002a87c0ebb30 JavaThread "Thread-0"                          [_thread_blocked, id=3204, stack(0x000000acc7800000,0x000000acc7900000) (1024K)]
=>0x000002a87c0f7a00 JavaThread "restartedMain"                     [_thread_in_Java, id=24320, stack(0x000000acc7900000,0x000000acc7a00000) (1024K)]
  0x000002a87c285360 JavaThread "RMI TCP Connection(1)-127.0.0.1" daemon [_thread_in_native, id=23500, stack(0x000000acc7f00000,0x000000acc8000000) (1024K)]
  0x000002a87c36a270 JavaThread "RMI Scheduler(0)"           daemon [_thread_blocked, id=20648, stack(0x000000acc8000000,0x000000acc8100000) (1024K)]
  0x000002a87c366ce0 JavaThread "RMI TCP Connection(2)-127.0.0.1" daemon [_thread_in_native, id=22332, stack(0x000000acc8200000,0x000000acc8300000) (1024K)]
  0x000002a87c3652a0 JavaThread "JMX server connection timeout 61" daemon [_thread_blocked, id=23956, stack(0x000000acc8300000,0x000000acc8400000) (1024K)]
  0x000002a87c366650 JavaThread "Catalina-utility-1"                [_thread_blocked, id=20768, stack(0x000000acc8100000,0x000000acc8200000) (1024K)]
  0x000002a87c365fc0 JavaThread "Catalina-utility-2"                [_thread_blocked, id=21028, stack(0x000000acc8800000,0x000000acc8900000) (1024K)]
  0x000002a87c368090 JavaThread "container-0"                       [_thread_blocked, id=2448, stack(0x000000acc8900000,0x000000acc8a00000) (1024K)]
  0x000002a87c367a00 JavaThread "PostgreSQL-JDBC-Cleaner"    daemon [_thread_blocked, id=12532, stack(0x000000acc8b00000,0x000000acc8c00000) (1024K)]
  0x000002a87c367370 JavaThread "HikariPool-1 housekeeper"   daemon [_thread_blocked, id=21744, stack(0x000000acc8c00000,0x000000acc8d00000) (1024K)]
Total: 27

Other Threads:
  0x000002a873bf0a90 VMThread "VM Thread"                           [id=14500, stack(0x000000acc5800000,0x000000acc5900000) (1024K)]
  0x000002a876ca1060 WatcherThread "VM Periodic Task Thread"        [id=22784, stack(0x000000acc5700000,0x000000acc5800000) (1024K)]
  0x000002a873a60800 WorkerThread "GC Thread#0"                     [id=19860, stack(0x000000acc5200000,0x000000acc5300000) (1024K)]
  0x000002a8778a1fd0 WorkerThread "GC Thread#1"                     [id=19592, stack(0x000000acc6a00000,0x000000acc6b00000) (1024K)]
  0x000002a8778a2370 WorkerThread "GC Thread#2"                     [id=22936, stack(0x000000acc6b00000,0x000000acc6c00000) (1024K)]
  0x000002a8778a2710 WorkerThread "GC Thread#3"                     [id=22836, stack(0x000000acc6c00000,0x000000acc6d00000) (1024K)]
  0x000002a8778a2ab0 WorkerThread "GC Thread#4"                     [id=9140, stack(0x000000acc6d00000,0x000000acc6e00000) (1024K)]
  0x000002a8778a2e50 WorkerThread "GC Thread#5"                     [id=22560, stack(0x000000acc6e00000,0x000000acc6f00000) (1024K)]
  0x000002a8778a5600 WorkerThread "GC Thread#6"                     [id=2672, stack(0x000000acc6f00000,0x000000acc7000000) (1024K)]
  0x000002a8778a99b0 WorkerThread "GC Thread#7"                     [id=11996, stack(0x000000acc7000000,0x000000acc7100000) (1024K)]
  0x000002a8778b1d60 WorkerThread "GC Thread#8"                     [id=9128, stack(0x000000acc7100000,0x000000acc7200000) (1024K)]
  0x000002a8778b2fd0 WorkerThread "GC Thread#9"                     [id=23932, stack(0x000000acc7200000,0x000000acc7300000) (1024K)]
  0x000002a8778b3710 WorkerThread "GC Thread#10"                    [id=3608, stack(0x000000acc7300000,0x000000acc7400000) (1024K)]
  0x000002a8778b3ab0 WorkerThread "GC Thread#11"                    [id=5488, stack(0x000000acc7400000,0x000000acc7500000) (1024K)]
  0x000002a8778b2890 WorkerThread "GC Thread#12"                    [id=18376, stack(0x000000acc7700000,0x000000acc7800000) (1024K)]
  0x000002a8778b2150 WorkerThread "GC Thread#13"                    [id=23684, stack(0x000000acc7a00000,0x000000acc7b00000) (1024K)]
  0x000002a8778b24f0 WorkerThread "GC Thread#14"                    [id=22320, stack(0x000000acc7b00000,0x000000acc7c00000) (1024K)]
  0x000002a86279ea10 ConcurrentGCThread "G1 Main Marker"            [id=22492, stack(0x000000acc5300000,0x000000acc5400000) (1024K)]
  0x000002a873a62060 WorkerThread "G1 Conc#0"                       [id=18796, stack(0x000000acc5400000,0x000000acc5500000) (1024K)]
  0x000002a8778b2c30 WorkerThread "G1 Conc#1"                       [id=20908, stack(0x000000acc7c00000,0x000000acc7d00000) (1024K)]
  0x000002a87c2eb640 WorkerThread "G1 Conc#2"                       [id=22376, stack(0x000000acc7d00000,0x000000acc7e00000) (1024K)]
  0x000002a87c2ebd80 WorkerThread "G1 Conc#3"                       [id=1832, stack(0x000000acc7e00000,0x000000acc7f00000) (1024K)]
  0x000002a873b332e0 ConcurrentGCThread "G1 Refine#0"               [id=17716, stack(0x000000acc5500000,0x000000acc5600000) (1024K)]
  0x000002a873b33e50 ConcurrentGCThread "G1 Service"                [id=11920, stack(0x000000acc5600000,0x000000acc5700000) (1024K)]
Total: 24

Threads with active compile tasks:
Total: 0

VM state: not at safepoint (normal execution)

VM Mutex/Monitor currently owned by a thread: None

Heap address: 0x0000000604800000, size: 8120 MB, Compressed Oops mode: Zero based, Oop shift amount: 3

CDS archive(s) mapped at: [0x000002a800000000-0x000002a800c80000-0x000002a800c80000), size 13107200, SharedBaseAddress: 0x000002a800000000, ArchiveRelocationMode: 1.
Compressed class space mapped at: 0x000002a801000000-0x000002a841000000, reserved size: 1073741824
Narrow klass base: 0x000002a800000000, Narrow klass shift: 0, Narrow klass range: 0x100000000

GC Precious Log:
 CardTable entry size: 512
 Card Set container configuration: InlinePtr #cards 4 size 8 Array Of Cards #cards 32 size 80 Howl #buckets 8 coarsen threshold 7372 Howl Bitmap #cards 1024 size 144 coarsen threshold 921 Card regions per heap region 1 cards per card region 8192
 CPUs: 20 total, 20 available
 Memory: 32468M
 Large Page Support: Disabled
 NUMA Support: Disabled
 Compressed Oops: Enabled (Zero based)
 Heap Region Size: 4M
 Heap Min Capacity: 8M
 Heap Initial Capacity: 508M
 Heap Max Capacity: 8120M
 Pre-touch: Disabled
 Parallel Workers: 15
 Concurrent Workers: 4
 Concurrent Refinement Workers: 15
 Periodic GC: Disabled

Heap:
 garbage-first heap   total 315392K, used 23984K [0x0000000604800000, 0x0000000800000000)
  region size 4096K, 2 young (8192K), 1 survivors (4096K)
 Metaspace       used 53685K, committed 54336K, reserved 1114112K
  class space    used 7417K, committed 7680K, reserved 1048576K

Heap Regions: E=young(eden), S=young(survivor), O=old, HS=humongous(starts), HC=humongous(continues), CS=collection set, F=free, TAMS=top-at-mark-start, PB=parsable bottom
|   0|0x0000000604800000, 0x0000000604c00000, 0x0000000604c00000|100%| O|  |TAMS 0x0000000604800000| PB 0x0000000604800000| Untracked 
|   1|0x0000000604c00000, 0x0000000605000000, 0x0000000605000000|100%| O|  |TAMS 0x0000000604c00000| PB 0x0000000604c00000| Untracked 
|   2|0x0000000605000000, 0x0000000605400000, 0x0000000605400000|100%| O|  |TAMS 0x0000000605000000| PB 0x0000000605000000| Untracked 
|   3|0x0000000605400000, 0x0000000605400000, 0x0000000605800000|  0%| F|  |TAMS 0x0000000605400000| PB 0x0000000605400000| Untracked 
|   4|0x0000000605800000, 0x0000000605c00000, 0x0000000605c00000|100%| O|  |TAMS 0x0000000605800000| PB 0x0000000605800000| Untracked 
|   5|0x0000000605c00000, 0x0000000605fc3770, 0x0000000606000000| 94%| O|  |TAMS 0x0000000605c00000| PB 0x0000000605c00000| Untracked 
|   6|0x0000000606000000, 0x0000000606000000, 0x0000000606400000|  0%| F|  |TAMS 0x0000000606000000| PB 0x0000000606000000| Untracked 
|   7|0x0000000606400000, 0x0000000606400000, 0x0000000606800000|  0%| F|  |TAMS 0x0000000606400000| PB 0x0000000606400000| Untracked 
|   8|0x0000000606800000, 0x0000000606800000, 0x0000000606c00000|  0%| F|  |TAMS 0x0000000606800000| PB 0x0000000606800000| Untracked 
|   9|0x0000000606c00000, 0x0000000606c00000, 0x0000000607000000|  0%| F|  |TAMS 0x0000000606c00000| PB 0x0000000606c00000| Untracked 
|  10|0x0000000607000000, 0x0000000607000000, 0x0000000607400000|  0%| F|  |TAMS 0x0000000607000000| PB 0x0000000607000000| Untracked 
|  11|0x0000000607400000, 0x00000006077a8af0, 0x0000000607800000| 91%| S|CS|TAMS 0x0000000607400000| PB 0x0000000607400000| Complete 
|  12|0x0000000607800000, 0x0000000607800000, 0x0000000607c00000|  0%| F|  |TAMS 0x0000000607800000| PB 0x0000000607800000| Untracked 
|  13|0x0000000607c00000, 0x0000000607c00000, 0x0000000608000000|  0%| F|  |TAMS 0x0000000607c00000| PB 0x0000000607c00000| Untracked 
|  14|0x0000000608000000, 0x0000000608000000, 0x0000000608400000|  0%| F|  |TAMS 0x0000000608000000| PB 0x0000000608000000| Untracked 
|  15|0x0000000608400000, 0x0000000608400000, 0x0000000608800000|  0%| F|  |TAMS 0x0000000608400000| PB 0x0000000608400000| Untracked 
|  16|0x0000000608800000, 0x0000000608800000, 0x0000000608c00000|  0%| F|  |TAMS 0x0000000608800000| PB 0x0000000608800000| Untracked 
|  17|0x0000000608c00000, 0x0000000608c00000, 0x0000000609000000|  0%| F|  |TAMS 0x0000000608c00000| PB 0x0000000608c00000| Untracked 
|  18|0x0000000609000000, 0x0000000609000000, 0x0000000609400000|  0%| F|  |TAMS 0x0000000609000000| PB 0x0000000609000000| Untracked 
|  19|0x0000000609400000, 0x0000000609400000, 0x0000000609800000|  0%| F|  |TAMS 0x0000000609400000| PB 0x0000000609400000| Untracked 
|  20|0x0000000609800000, 0x0000000609800000, 0x0000000609c00000|  0%| F|  |TAMS 0x0000000609800000| PB 0x0000000609800000| Untracked 
|  21|0x0000000609c00000, 0x0000000609c00000, 0x000000060a000000|  0%| F|  |TAMS 0x0000000609c00000| PB 0x0000000609c00000| Untracked 
|  22|0x000000060a000000, 0x000000060a000000, 0x000000060a400000|  0%| F|  |TAMS 0x000000060a000000| PB 0x000000060a000000| Untracked 
|  23|0x000000060a400000, 0x000000060a400000, 0x000000060a800000|  0%| F|  |TAMS 0x000000060a400000| PB 0x000000060a400000| Untracked 
|  24|0x000000060a800000, 0x000000060a800000, 0x000000060ac00000|  0%| F|  |TAMS 0x000000060a800000| PB 0x000000060a800000| Untracked 
|  25|0x000000060ac00000, 0x000000060ac00000, 0x000000060b000000|  0%| F|  |TAMS 0x000000060ac00000| PB 0x000000060ac00000| Untracked 
|  26|0x000000060b000000, 0x000000060b000000, 0x000000060b400000|  0%| F|  |TAMS 0x000000060b000000| PB 0x000000060b000000| Untracked 
|  27|0x000000060b400000, 0x000000060b400000, 0x000000060b800000|  0%| F|  |TAMS 0x000000060b400000| PB 0x000000060b400000| Untracked 
|  28|0x000000060b800000, 0x000000060b800000, 0x000000060bc00000|  0%| F|  |TAMS 0x000000060b800000| PB 0x000000060b800000| Untracked 
|  29|0x000000060bc00000, 0x000000060bc00000, 0x000000060c000000|  0%| F|  |TAMS 0x000000060bc00000| PB 0x000000060bc00000| Untracked 
|  30|0x000000060c000000, 0x000000060c000000, 0x000000060c400000|  0%| F|  |TAMS 0x000000060c000000| PB 0x000000060c000000| Untracked 
|  31|0x000000060c400000, 0x000000060c400000, 0x000000060c800000|  0%| F|  |TAMS 0x000000060c400000| PB 0x000000060c400000| Untracked 
|  32|0x000000060c800000, 0x000000060c800000, 0x000000060cc00000|  0%| F|  |TAMS 0x000000060c800000| PB 0x000000060c800000| Untracked 
|  33|0x000000060cc00000, 0x000000060cc00000, 0x000000060d000000|  0%| F|  |TAMS 0x000000060cc00000| PB 0x000000060cc00000| Untracked 
|  34|0x000000060d000000, 0x000000060d000000, 0x000000060d400000|  0%| F|  |TAMS 0x000000060d000000| PB 0x000000060d000000| Untracked 
|  35|0x000000060d400000, 0x000000060d400000, 0x000000060d800000|  0%| F|  |TAMS 0x000000060d400000| PB 0x000000060d400000| Untracked 
|  36|0x000000060d800000, 0x000000060d800000, 0x000000060dc00000|  0%| F|  |TAMS 0x000000060d800000| PB 0x000000060d800000| Untracked 
|  37|0x000000060dc00000, 0x000000060dc00000, 0x000000060e000000|  0%| F|  |TAMS 0x000000060dc00000| PB 0x000000060dc00000| Untracked 
|  38|0x000000060e000000, 0x000000060e000000, 0x000000060e400000|  0%| F|  |TAMS 0x000000060e000000| PB 0x000000060e000000| Untracked 
|  39|0x000000060e400000, 0x000000060e400000, 0x000000060e800000|  0%| F|  |TAMS 0x000000060e400000| PB 0x000000060e400000| Untracked 
|  40|0x000000060e800000, 0x000000060e800000, 0x000000060ec00000|  0%| F|  |TAMS 0x000000060e800000| PB 0x000000060e800000| Untracked 
|  41|0x000000060ec00000, 0x000000060ec00000, 0x000000060f000000|  0%| F|  |TAMS 0x000000060ec00000| PB 0x000000060ec00000| Untracked 
|  42|0x000000060f000000, 0x000000060f000000, 0x000000060f400000|  0%| F|  |TAMS 0x000000060f000000| PB 0x000000060f000000| Untracked 
|  43|0x000000060f400000, 0x000000060f400000, 0x000000060f800000|  0%| F|  |TAMS 0x000000060f400000| PB 0x000000060f400000| Untracked 
|  44|0x000000060f800000, 0x000000060f800000, 0x000000060fc00000|  0%| F|  |TAMS 0x000000060f800000| PB 0x000000060f800000| Untracked 
|  45|0x000000060fc00000, 0x000000060fc00000, 0x0000000610000000|  0%| F|  |TAMS 0x000000060fc00000| PB 0x000000060fc00000| Untracked 
|  46|0x0000000610000000, 0x0000000610000000, 0x0000000610400000|  0%| F|  |TAMS 0x0000000610000000| PB 0x0000000610000000| Untracked 
|  47|0x0000000610400000, 0x0000000610400000, 0x0000000610800000|  0%| F|  |TAMS 0x0000000610400000| PB 0x0000000610400000| Untracked 
|  48|0x0000000610800000, 0x0000000610800000, 0x0000000610c00000|  0%| F|  |TAMS 0x0000000610800000| PB 0x0000000610800000| Untracked 
|  49|0x0000000610c00000, 0x0000000610c00000, 0x0000000611000000|  0%| F|  |TAMS 0x0000000610c00000| PB 0x0000000610c00000| Untracked 
|  50|0x0000000611000000, 0x0000000611000000, 0x0000000611400000|  0%| F|  |TAMS 0x0000000611000000| PB 0x0000000611000000| Untracked 
|  51|0x0000000611400000, 0x0000000611400000, 0x0000000611800000|  0%| F|  |TAMS 0x0000000611400000| PB 0x0000000611400000| Untracked 
|  52|0x0000000611800000, 0x0000000611800000, 0x0000000611c00000|  0%| F|  |TAMS 0x0000000611800000| PB 0x0000000611800000| Untracked 
|  53|0x0000000611c00000, 0x0000000611c00000, 0x0000000612000000|  0%| F|  |TAMS 0x0000000611c00000| PB 0x0000000611c00000| Untracked 
|  54|0x0000000612000000, 0x0000000612000000, 0x0000000612400000|  0%| F|  |TAMS 0x0000000612000000| PB 0x0000000612000000| Untracked 
|  55|0x0000000612400000, 0x0000000612400000, 0x0000000612800000|  0%| F|  |TAMS 0x0000000612400000| PB 0x0000000612400000| Untracked 
|  56|0x0000000612800000, 0x0000000612800000, 0x0000000612c00000|  0%| F|  |TAMS 0x0000000612800000| PB 0x0000000612800000| Untracked 
|  57|0x0000000612c00000, 0x0000000612c00000, 0x0000000613000000|  0%| F|  |TAMS 0x0000000612c00000| PB 0x0000000612c00000| Untracked 
|  58|0x0000000613000000, 0x0000000613000000, 0x0000000613400000|  0%| F|  |TAMS 0x0000000613000000| PB 0x0000000613000000| Untracked 
|  59|0x0000000613400000, 0x0000000613400000, 0x0000000613800000|  0%| F|  |TAMS 0x0000000613400000| PB 0x0000000613400000| Untracked 
|  60|0x0000000613800000, 0x0000000613800000, 0x0000000613c00000|  0%| F|  |TAMS 0x0000000613800000| PB 0x0000000613800000| Untracked 
|  61|0x0000000613c00000, 0x0000000613c00000, 0x0000000614000000|  0%| F|  |TAMS 0x0000000613c00000| PB 0x0000000613c00000| Untracked 
|  62|0x0000000614000000, 0x0000000614000000, 0x0000000614400000|  0%| F|  |TAMS 0x0000000614000000| PB 0x0000000614000000| Untracked 
|  63|0x0000000614400000, 0x0000000614400000, 0x0000000614800000|  0%| F|  |TAMS 0x0000000614400000| PB 0x0000000614400000| Untracked 
|  64|0x0000000614800000, 0x0000000614800000, 0x0000000614c00000|  0%| F|  |TAMS 0x0000000614800000| PB 0x0000000614800000| Untracked 
|  65|0x0000000614c00000, 0x0000000614c00000, 0x0000000615000000|  0%| F|  |TAMS 0x0000000614c00000| PB 0x0000000614c00000| Untracked 
|  66|0x0000000615000000, 0x0000000615000000, 0x0000000615400000|  0%| F|  |TAMS 0x0000000615000000| PB 0x0000000615000000| Untracked 
|  67|0x0000000615400000, 0x0000000615400000, 0x0000000615800000|  0%| F|  |TAMS 0x0000000615400000| PB 0x0000000615400000| Untracked 
|  68|0x0000000615800000, 0x0000000615800000, 0x0000000615c00000|  0%| F|  |TAMS 0x0000000615800000| PB 0x0000000615800000| Untracked 
|  69|0x0000000615c00000, 0x0000000615c00000, 0x0000000616000000|  0%| F|  |TAMS 0x0000000615c00000| PB 0x0000000615c00000| Untracked 
|  70|0x0000000616000000, 0x0000000616000000, 0x0000000616400000|  0%| F|  |TAMS 0x0000000616000000| PB 0x0000000616000000| Untracked 
|  71|0x0000000616400000, 0x0000000616400000, 0x0000000616800000|  0%| F|  |TAMS 0x0000000616400000| PB 0x0000000616400000| Untracked 
|  72|0x0000000616800000, 0x0000000616800000, 0x0000000616c00000|  0%| F|  |TAMS 0x0000000616800000| PB 0x0000000616800000| Untracked 
|  73|0x0000000616c00000, 0x0000000616c00000, 0x0000000617000000|  0%| F|  |TAMS 0x0000000616c00000| PB 0x0000000616c00000| Untracked 
|  74|0x0000000617000000, 0x0000000617000000, 0x0000000617400000|  0%| F|  |TAMS 0x0000000617000000| PB 0x0000000617000000| Untracked 
|  75|0x0000000617400000, 0x0000000617400000, 0x0000000617800000|  0%| F|  |TAMS 0x0000000617400000| PB 0x0000000617400000| Untracked 
| 126|0x0000000624000000, 0x00000006243acd78, 0x0000000624400000| 91%| E|  |TAMS 0x0000000624000000| PB 0x0000000624000000| Complete 

Card table byte_map: [0x000002a86aa50000,0x000002a86ba30000] _byte_map_base: 0x000002a867a2c000

Marking Bits: (CMBitMap*) 0x000002a86278e1c0
 Bits: [0x000002a86ba30000, 0x000002a873910000)

Polling page: 0x000002a861550000

Metaspace:

Usage:
  Non-class:     45.18 MB used.
      Class:      7.24 MB used.
       Both:     52.43 MB used.

Virtual space:
  Non-class space:       64.00 MB reserved,      45.56 MB ( 71%) committed,  1 nodes.
      Class space:        1.00 GB reserved,       7.50 MB ( <1%) committed,  1 nodes.
             Both:        1.06 GB reserved,      53.06 MB (  5%) committed. 

Chunk freelists:
   Non-Class:  1.80 MB
       Class:  8.44 MB
        Both:  10.24 MB

MaxMetaspaceSize: unlimited
CompressedClassSpaceSize: 1.00 GB
Initial GC threshold: 21.00 MB
Current GC threshold: 58.88 MB
CDS: on
 - commit_granule_bytes: 65536.
 - commit_granule_words: 8192.
 - virtual_space_node_default_size: 8388608.
 - enlarge_chunks_in_place: 1.
 - use_allocation_guard: 0.


Internal statistics:

num_allocs_failed_limit: 8.
num_arena_births: 880.
num_arena_deaths: 0.
num_vsnodes_births: 2.
num_vsnodes_deaths: 0.
num_space_committed: 849.
num_space_uncommitted: 0.
num_chunks_returned_to_freelist: 8.
num_chunks_taken_from_freelist: 2758.
num_chunk_merges: 8.
num_chunk_splits: 1971.
num_chunks_enlarged: 1500.
num_inconsistent_stats: 0.

CodeCache: size=49152Kb used=9832Kb max_used=14276Kb free=39319Kb
 bounds [0x000002a8661f0000, 0x000002a866ff0000, 0x000002a8691f0000]
 total_blobs=5684 nmethods=5023 adapters=583
 compilation: enabled
              stopped_count=0, restarted_count=0
 full_count=0

Compilation events (20 events):
Event: 7.129 Thread 0x000002a876cb61a0 nmethod 5062 0x000002a866bcda10 code [0x000002a866bcdba0, 0x000002a866bcdcb0]
Event: 7.129 Thread 0x000002a876d9ac40 nmethod 5061 0x000002a866bcd690 code [0x000002a866bcd820, 0x000002a866bcd910]
Event: 7.644 Thread 0x000002a876d9ac40 5063       1       sun.rmi.runtime.Log$LoggerLog::isLoggable (9 bytes)
Event: 7.645 Thread 0x000002a876d9ac40 nmethod 5063 0x000002a866bcd290 code [0x000002a866bcd420, 0x000002a866bcd530]
Event: 7.645 Thread 0x000002a876d9ac40 5064       1       java.nio.DirectByteBuffer::address (42 bytes)
Event: 7.646 Thread 0x000002a876d9ac40 nmethod 5064 0x000002a866bccc10 code [0x000002a866bcce00, 0x000002a866bcd100]
Event: 7.646 Thread 0x000002a876d9ac40 5065       1       java.util.concurrent.locks.ReentrantReadWriteLock::readLock (5 bytes)
Event: 7.646 Thread 0x000002a876d9ac40 nmethod 5065 0x000002a866bcc910 code [0x000002a866bccaa0, 0x000002a866bccb70]
Event: 7.646 Thread 0x000002a876d9ac40 5066       1       sun.util.logging.internal.LoggingProviderImpl$JULWrapper::toJUL (40 bytes)
Event: 7.647 Thread 0x000002a876d9ac40 nmethod 5066 0x000002a866bcc590 code [0x000002a866bcc740, 0x000002a866bcc860]
Event: 8.158 Thread 0x000002a876d9ac40 5067       1       jdk.internal.misc.Unsafe::getLongUnaligned (12 bytes)
Event: 8.159 Thread 0x000002a876cb61a0 5068       1       java.io.ObjectInputStream$HandleTable::lookupException (29 bytes)
Event: 8.159 Thread 0x000002a876d9ac40 nmethod 5067 0x000002a866bcc210 code [0x000002a866bcc3c0, 0x000002a866bcc4d0]
Event: 8.160 Thread 0x000002a876cb61a0 nmethod 5068 0x000002a866bcbd90 code [0x000002a866bcbf40, 0x000002a866bcc0e8]
Event: 9.174 Thread 0x000002a876cb61a0 5069       1       java.lang.invoke.VarHandleGuards::guard_LIJ_V (135 bytes)
Event: 9.175 Thread 0x000002a876cb61a0 nmethod 5069 0x000002a866bc9d90 code [0x000002a866bca0c0, 0x000002a866bcb090]
Event: 10.686 Thread 0x000002a876cb61a0 5071       1       java.io.ObjectStreamClass::getSuperDesc (9 bytes)
Event: 10.686 Thread 0x000002a876cb61a0 nmethod 5071 0x000002a866bc9990 code [0x000002a866bc9b40, 0x000002a866bc9cc0]
Event: 10.686 Thread 0x000002a876cb61a0 5072       1       java.io.ObjectStreamClass::getSerialVersionUID (42 bytes)
Event: 10.687 Thread 0x000002a876cb61a0 nmethod 5072 0x000002a866bc9310 code [0x000002a866bc94e0, 0x000002a866bc97d0]

GC Heap History (20 events):
Event: 1.070 GC heap before
{Heap before GC invocations=6 (full 0):
 garbage-first heap   total 45056K, used 27489K [0x0000000604800000, 0x0000000800000000)
  region size 4096K, 5 young (20480K), 1 survivors (4096K)
 Metaspace       used 18157K, committed 18624K, reserved 1114112K
  class space    used 2265K, committed 2496K, reserved 1048576K
}
Event: 1.072 GC heap after
{Heap after GC invocations=7 (full 0):
 garbage-first heap   total 282624K, used 11703K [0x0000000604800000, 0x0000000800000000)
  region size 4096K, 1 young (4096K), 1 survivors (4096K)
 Metaspace       used 18157K, committed 18624K, reserved 1114112K
  class space    used 2265K, committed 2496K, reserved 1048576K
}
Event: 1.152 GC heap before
{Heap before GC invocations=7 (full 0):
 garbage-first heap   total 282624K, used 44471K [0x0000000604800000, 0x0000000800000000)
  region size 4096K, 10 young (40960K), 1 survivors (4096K)
 Metaspace       used 21134K, committed 21504K, reserved 1114112K
  class space    used 2678K, committed 2816K, reserved 1048576K
}
Event: 1.153 GC heap after
{Heap after GC invocations=8 (full 0):
 garbage-first heap   total 282624K, used 12692K [0x0000000604800000, 0x0000000800000000)
  region size 4096K, 1 young (4096K), 1 survivors (4096K)
 Metaspace       used 21134K, committed 21504K, reserved 1114112K
  class space    used 2678K, committed 2816K, reserved 1048576K
}
Event: 1.363 GC heap before
{Heap before GC invocations=9 (full 0):
 garbage-first heap   total 57344K, used 53652K [0x0000000604800000, 0x0000000800000000)
  region size 4096K, 11 young (45056K), 1 survivors (4096K)
 Metaspace       used 23110K, committed 23488K, reserved 1114112K
  class space    used 2949K, committed 3136K, reserved 1048576K
}
Event: 1.365 GC heap after
{Heap after GC invocations=10 (full 0):
 garbage-first heap   total 65536K, used 14858K [0x0000000604800000, 0x0000000800000000)
  region size 4096K, 2 young (8192K), 2 survivors (8192K)
 Metaspace       used 23110K, committed 23488K, reserved 1114112K
  class space    used 2949K, committed 3136K, reserved 1048576K
}
Event: 1.495 GC heap before
{Heap before GC invocations=10 (full 0):
 garbage-first heap   total 65536K, used 43530K [0x0000000604800000, 0x0000000800000000)
  region size 4096K, 9 young (36864K), 2 survivors (8192K)
 Metaspace       used 24525K, committed 24896K, reserved 1114112K
  class space    used 3141K, committed 3328K, reserved 1048576K
}
Event: 1.497 GC heap after
{Heap after GC invocations=11 (full 0):
 garbage-first heap   total 65536K, used 15482K [0x0000000604800000, 0x0000000800000000)
  region size 4096K, 2 young (8192K), 2 survivors (8192K)
 Metaspace       used 24525K, committed 24896K, reserved 1114112K
  class space    used 3141K, committed 3328K, reserved 1048576K
}
Event: 1.664 GC heap before
{Heap before GC invocations=11 (full 0):
 garbage-first heap   total 65536K, used 44154K [0x0000000604800000, 0x0000000800000000)
  region size 4096K, 9 young (36864K), 2 survivors (8192K)
 Metaspace       used 26253K, committed 26624K, reserved 1114112K
  class space    used 3421K, committed 3584K, reserved 1048576K
}
Event: 1.666 GC heap after
{Heap after GC invocations=12 (full 0):
 garbage-first heap   total 65536K, used 16572K [0x0000000604800000, 0x0000000800000000)
  region size 4096K, 2 young (8192K), 2 survivors (8192K)
 Metaspace       used 26253K, committed 26624K, reserved 1114112K
  class space    used 3421K, committed 3584K, reserved 1048576K
}
Event: 1.851 GC heap before
{Heap before GC invocations=12 (full 0):
 garbage-first heap   total 65536K, used 45244K [0x0000000604800000, 0x0000000800000000)
  region size 4096K, 9 young (36864K), 2 survivors (8192K)
 Metaspace       used 28729K, committed 29248K, reserved 1114112K
  class space    used 3781K, committed 4032K, reserved 1048576K
}
Event: 1.854 GC heap after
{Heap after GC invocations=13 (full 0):
 garbage-first heap   total 294912K, used 18026K [0x0000000604800000, 0x0000000800000000)
  region size 4096K, 2 young (8192K), 2 survivors (8192K)
 Metaspace       used 28729K, committed 29248K, reserved 1114112K
  class space    used 3781K, committed 4032K, reserved 1048576K
}
Event: 2.285 GC heap before
{Heap before GC invocations=13 (full 0):
 garbage-first heap   total 294912K, used 99946K [0x0000000604800000, 0x0000000800000000)
  region size 4096K, 23 young (94208K), 2 survivors (8192K)
 Metaspace       used 35538K, committed 36096K, reserved 1114112K
  class space    used 4705K, committed 4992K, reserved 1048576K
}
Event: 2.290 GC heap after
{Heap after GC invocations=14 (full 0):
 garbage-first heap   total 294912K, used 20861K [0x0000000604800000, 0x0000000800000000)
  region size 4096K, 3 young (12288K), 3 survivors (12288K)
 Metaspace       used 35538K, committed 36096K, reserved 1114112K
  class space    used 4705K, committed 4992K, reserved 1048576K
}
Event: 2.690 GC heap before
{Heap before GC invocations=15 (full 0):
 garbage-first heap   total 98304K, used 90493K [0x0000000604800000, 0x0000000800000000)
  region size 4096K, 20 young (81920K), 3 survivors (12288K)
 Metaspace       used 42038K, committed 42624K, reserved 1114112K
  class space    used 5632K, committed 5888K, reserved 1048576K
}
Event: 2.695 GC heap after
{Heap after GC invocations=16 (full 0):
 garbage-first heap   total 110592K, used 22729K [0x0000000604800000, 0x0000000800000000)
  region size 4096K, 3 young (12288K), 3 survivors (12288K)
 Metaspace       used 42038K, committed 42624K, reserved 1114112K
  class space    used 5632K, committed 5888K, reserved 1048576K
}
Event: 2.906 GC heap before
{Heap before GC invocations=16 (full 0):
 garbage-first heap   total 110592K, used 75977K [0x0000000604800000, 0x0000000800000000)
  region size 4096K, 16 young (65536K), 3 survivors (12288K)
 Metaspace       used 47614K, committed 48256K, reserved 1114112K
  class space    used 6420K, committed 6720K, reserved 1048576K
}
Event: 2.910 GC heap after
{Heap after GC invocations=17 (full 0):
 garbage-first heap   total 110592K, used 23781K [0x0000000604800000, 0x0000000800000000)
  region size 4096K, 1 young (4096K), 1 survivors (4096K)
 Metaspace       used 47614K, committed 48256K, reserved 1114112K
  class space    used 6420K, committed 6720K, reserved 1048576K
}
Event: 3.221 GC heap before
{Heap before GC invocations=17 (full 0):
 garbage-first heap   total 110592K, used 85221K [0x0000000604800000, 0x0000000800000000)
  region size 4096K, 16 young (65536K), 1 survivors (4096K)
 Metaspace       used 53409K, committed 54080K, reserved 1114112K
  class space    used 7391K, committed 7680K, reserved 1048576K
}
Event: 3.224 GC heap after
{Heap after GC invocations=18 (full 0):
 garbage-first heap   total 315392K, used 23984K [0x0000000604800000, 0x0000000800000000)
  region size 4096K, 1 young (4096K), 1 survivors (4096K)
 Metaspace       used 53409K, committed 54080K, reserved 1114112K
  class space    used 7391K, committed 7680K, reserved 1048576K
}

Dll operation events (12 events):
Event: 0.082 Loaded shared library C:\IDE\sts-4.27.0.RELEASE\plugins\org.eclipse.justj.openjdk.hotspot.jre.full.win32.x86_64_21.0.5.v20241023-1957\jre\bin\java.dll
Event: 0.119 Loaded shared library C:\IDE\sts-4.27.0.RELEASE\plugins\org.eclipse.justj.openjdk.hotspot.jre.full.win32.x86_64_21.0.5.v20241023-1957\jre\bin\zip.dll
Event: 0.278 Loaded shared library C:\IDE\sts-4.27.0.RELEASE\plugins\org.eclipse.justj.openjdk.hotspot.jre.full.win32.x86_64_21.0.5.v20241023-1957\jre\bin\instrument.dll
Event: 0.283 Loaded shared library C:\IDE\sts-4.27.0.RELEASE\plugins\org.eclipse.justj.openjdk.hotspot.jre.full.win32.x86_64_21.0.5.v20241023-1957\jre\bin\net.dll
Event: 0.285 Loaded shared library C:\IDE\sts-4.27.0.RELEASE\plugins\org.eclipse.justj.openjdk.hotspot.jre.full.win32.x86_64_21.0.5.v20241023-1957\jre\bin\nio.dll
Event: 0.287 Loaded shared library C:\IDE\sts-4.27.0.RELEASE\plugins\org.eclipse.justj.openjdk.hotspot.jre.full.win32.x86_64_21.0.5.v20241023-1957\jre\bin\zip.dll
Event: 0.395 Loaded shared library C:\IDE\sts-4.27.0.RELEASE\plugins\org.eclipse.justj.openjdk.hotspot.jre.full.win32.x86_64_21.0.5.v20241023-1957\jre\bin\jimage.dll
Event: 0.419 Loaded shared library C:\IDE\sts-4.27.0.RELEASE\plugins\org.eclipse.justj.openjdk.hotspot.jre.full.win32.x86_64_21.0.5.v20241023-1957\jre\bin\management.dll
Event: 0.425 Loaded shared library C:\IDE\sts-4.27.0.RELEASE\plugins\org.eclipse.justj.openjdk.hotspot.jre.full.win32.x86_64_21.0.5.v20241023-1957\jre\bin\management_ext.dll
Event: 0.540 Loaded shared library C:\IDE\sts-4.27.0.RELEASE\plugins\org.eclipse.justj.openjdk.hotspot.jre.full.win32.x86_64_21.0.5.v20241023-1957\jre\bin\extnet.dll
Event: 0.559 Loaded shared library C:\IDE\sts-4.27.0.RELEASE\plugins\org.eclipse.justj.openjdk.hotspot.jre.full.win32.x86_64_21.0.5.v20241023-1957\jre\bin\verify.dll
Event: 1.170 Loaded shared library C:\IDE\sts-4.27.0.RELEASE\plugins\org.eclipse.justj.openjdk.hotspot.jre.full.win32.x86_64_21.0.5.v20241023-1957\jre\bin\sunmscapi.dll

Deoptimization events (20 events):
Event: 8.671 Thread 0x000002a87c366ce0 DEOPT PACKING pc=0x000002a866f76a74 sp=0x000000acc82fe800
Event: 8.671 Thread 0x000002a87c366ce0 DEOPT UNPACKING pc=0x000002a866244e42 sp=0x000000acc82fdcf0 mode 1
Event: 9.173 Thread 0x000002a87c366ce0 DEOPT PACKING pc=0x000002a866f72714 sp=0x000000acc82fe650
Event: 9.173 Thread 0x000002a87c366ce0 DEOPT UNPACKING pc=0x000002a866244e42 sp=0x000000acc82fdb50 mode 1
Event: 9.173 Thread 0x000002a87c366ce0 DEOPT PACKING pc=0x000002a866f76a74 sp=0x000000acc82fe800
Event: 9.173 Thread 0x000002a87c366ce0 DEOPT UNPACKING pc=0x000002a866244e42 sp=0x000000acc82fdcf0 mode 1
Event: 9.677 Thread 0x000002a87c366ce0 DEOPT PACKING pc=0x000002a866f72714 sp=0x000000acc82fe650
Event: 9.677 Thread 0x000002a87c366ce0 DEOPT UNPACKING pc=0x000002a866244e42 sp=0x000000acc82fdb50 mode 1
Event: 9.677 Thread 0x000002a87c366ce0 DEOPT PACKING pc=0x000002a866f76a74 sp=0x000000acc82fe800
Event: 9.677 Thread 0x000002a87c366ce0 DEOPT UNPACKING pc=0x000002a866244e42 sp=0x000000acc82fdcf0 mode 1
Event: 10.182 Thread 0x000002a87c366ce0 DEOPT PACKING pc=0x000002a866f72714 sp=0x000000acc82fe650
Event: 10.182 Thread 0x000002a87c366ce0 DEOPT UNPACKING pc=0x000002a866244e42 sp=0x000000acc82fdb50 mode 1
Event: 10.182 Thread 0x000002a87c366ce0 DEOPT PACKING pc=0x000002a866f76a74 sp=0x000000acc82fe800
Event: 10.182 Thread 0x000002a87c366ce0 DEOPT UNPACKING pc=0x000002a866244e42 sp=0x000000acc82fdcf0 mode 1
Event: 10.686 Thread 0x000002a87c366ce0 DEOPT PACKING pc=0x000002a866f72714 sp=0x000000acc82fe650
Event: 10.686 Thread 0x000002a87c366ce0 DEOPT UNPACKING pc=0x000002a866244e42 sp=0x000000acc82fdb50 mode 1
Event: 10.686 Thread 0x000002a87c366ce0 DEOPT PACKING pc=0x000002a866f76a74 sp=0x000000acc82fe800
Event: 10.686 Thread 0x000002a87c366ce0 DEOPT UNPACKING pc=0x000002a866244e42 sp=0x000000acc82fdcf0 mode 1
Event: 11.057 Thread 0x000002a87c0f7a00 DEOPT PACKING pc=0x000002a86662bb34 sp=0x000000acc79fddf0
Event: 11.057 Thread 0x000002a87c0f7a00 DEOPT UNPACKING pc=0x000002a866244e42 sp=0x000000acc79fd2a8 mode 0

Classes loaded (20 events):
Event: 2.787 Loading class java/util/concurrent/CompletableFuture$AltResult
Event: 2.787 Loading class java/util/concurrent/CompletableFuture$AltResult done
Event: 2.787 Loading class java/util/concurrent/CompletableFuture$Completion
Event: 2.787 Loading class java/util/concurrent/CompletableFuture$AsynchronousCompletionTask
Event: 2.787 Loading class java/util/concurrent/CompletableFuture$AsynchronousCompletionTask done
Event: 2.787 Loading class java/util/concurrent/CompletableFuture$Completion done
Event: 2.816 Loading class java/util/concurrent/CancellationException
Event: 2.816 Loading class java/util/concurrent/CancellationException done
Event: 2.963 Loading class java/util/ArrayList$ListItr
Event: 2.963 Loading class java/util/ArrayList$ListItr done
Event: 3.017 Loading class java/util/AbstractList$SubList
Event: 3.017 Loading class java/util/AbstractList$SubList done
Event: 3.026 Loading class java/lang/reflect/AnnotatedArrayType
Event: 3.026 Loading class java/lang/reflect/AnnotatedArrayType done
Event: 3.055 Loading class java/lang/foreign/ValueLayout
Event: 3.055 Loading class java/lang/foreign/MemoryLayout
Event: 3.056 Loading class java/lang/foreign/MemoryLayout done
Event: 3.056 Loading class java/lang/foreign/ValueLayout done
Event: 3.260 Loading class javax/naming/Reference
Event: 3.260 Loading class javax/naming/Reference done

Classes unloaded (0 events):
No events

Classes redefined (1 events):
Event: 11.066 Thread 0x000002a873bf0a90 redefined class name=com.permansys.controller.EmployeeController, count=1

Internal exceptions (20 events):
Event: 2.186 Thread 0x000002a87c0f7a00 Exception <a 'java/lang/NoSuchMethodError'{0x0000000612d06bd0}: 'void java.lang.invoke.DelegatingMethodHandle$Holder.reinvoke_L(java.lang.Object, java.lang.Object, java.lang.Object, java.lang.Object, int, java.lang.Object, java.lang.Object, java.lang.Object)'> (0x0000000612d06bd0) 
thrown [s\src\hotspot\share\interpreter\linkResolver.cpp, line 773]
Event: 2.417 Thread 0x000002a87c0f7a00 Exception <a 'java/lang/NoSuchMethodError'{0x00000006078fd248}: 'int java.lang.invoke.DirectMethodHandle$Holder.invokeStatic(java.lang.Object)'> (0x00000006078fd248) 
thrown [s\src\hotspot\share\interpreter\linkResolver.cpp, line 773]
Event: 2.428 Thread 0x000002a87c0f7a00 Exception <a 'java/lang/NoSuchMethodError'{0x0000000607b28508}: method resolution failed> (0x0000000607b28508) 
thrown [s\src\hotspot\share\prims\methodHandles.cpp, line 1144]
Event: 2.435 Thread 0x000002a87c0f7a00 Exception <a 'java/lang/NoSuchMethodError'{0x00000006074999f8}: 'int java.lang.invoke.DirectMethodHandle$Holder.invokeStaticInit(java.lang.Object, java.lang.Object, java.lang.Object, java.lang.Object)'> (0x00000006074999f8) 
thrown [s\src\hotspot\share\interpreter\linkResolver.cpp, line 773]
Event: 2.643 Thread 0x000002a87c0f7a00 Exception <a 'java/lang/NoSuchMethodError'{0x00000006065fc090}: 'java.lang.Object java.lang.invoke.DirectMethodHandle$Holder.invokeStaticInit(java.lang.Object, java.lang.Object, java.lang.Object, java.lang.Object)'> (0x00000006065fc090) 
thrown [s\src\hotspot\share\interpreter\linkResolver.cpp, line 773]
Event: 2.648 Thread 0x000002a87c0f7a00 Exception <a 'java/lang/NoSuchMethodError'{0x00000006066c2b58}: 'int java.lang.invoke.Invokers$Holder.invokeExact_MT(java.lang.Object, java.lang.Object)'> (0x00000006066c2b58) 
thrown [s\src\hotspot\share\interpreter\linkResolver.cpp, line 773]
Event: 2.820 Thread 0x000002a87c0f7a00 Exception <a 'java/lang/IncompatibleClassChangeError'{0x0000000608926bc0}: Found class java.lang.Object, but interface was expected> (0x0000000608926bc0) 
thrown [s\src\hotspot\share\interpreter\linkResolver.cpp, line 840]
Event: 2.829 Thread 0x000002a87c0f7a00 Exception <a 'java/lang/NoSuchMethodError'{0x0000000608b7bd38}: 'java.lang.Object java.lang.invoke.DirectMethodHandle$Holder.invokeStatic(java.lang.Object, java.lang.Object, int, java.lang.Object)'> (0x0000000608b7bd38) 
thrown [s\src\hotspot\share\interpreter\linkResolver.cpp, line 773]
Event: 2.829 Thread 0x000002a87c0f7a00 Exception <a 'java/lang/NoSuchMethodError'{0x0000000608b7f570}: 'java.lang.Object java.lang.invoke.DirectMethodHandle$Holder.invokeStaticInit(java.lang.Object, java.lang.Object, int, java.lang.Object)'> (0x0000000608b7f570) 
thrown [s\src\hotspot\share\interpreter\linkResolver.cpp, line 773]
Event: 3.096 Thread 0x000002a87c0f7a00 Exception <a 'java/lang/NoSuchMethodError'{0x0000000608c7c810}: 'void java.lang.invoke.DirectMethodHandle$Holder.invokeInterface(java.lang.Object, java.lang.Object, int, java.lang.Object)'> (0x0000000608c7c810) 
thrown [s\src\hotspot\share\interpreter\linkResolver.cpp, line 773]
Event: 3.097 Thread 0x000002a87c0f7a00 Exception <a 'java/lang/NoSuchMethodError'{0x0000000608cd79f0}: 'java.lang.Object java.lang.invoke.DirectMethodHandle$Holder.newInvokeSpecial(java.lang.Object, java.lang.Object, int, java.lang.Object)'> (0x0000000608cd79f0) 
thrown [s\src\hotspot\share\interpreter\linkResolver.cpp, line 773]
Event: 3.097 Thread 0x000002a87c0f7a00 Exception <a 'java/lang/NoSuchMethodError'{0x0000000608cdb3d0}: 'java.lang.Object java.lang.invoke.Invokers$Holder.linkToTargetMethod(java.lang.Object, int, java.lang.Object, java.lang.Object)'> (0x0000000608cdb3d0) 
thrown [s\src\hotspot\share\interpreter\linkResolver.cpp, line 773]
Event: 3.106 Thread 0x000002a87c0f7a00 Exception <a 'java/lang/IncompatibleClassChangeError'{0x0000000608ebe280}: Found class java.lang.Object, but interface was expected> (0x0000000608ebe280) 
thrown [s\src\hotspot\share\interpreter\linkResolver.cpp, line 840]
Event: 3.122 Thread 0x000002a87c0f7a00 Exception <a 'java/lang/NoSuchMethodError'{0x0000000608b7f970}: 'java.lang.Object java.lang.invoke.DirectMethodHandle$Holder.newInvokeSpecial(java.lang.Object, java.lang.Object, java.lang.Object, java.lang.Object, java.lang.Object, int, java.lang.Object)'> (0x0000000608b7f970) 
thrown [s\src\hotspot\share\interpreter\linkResolver.cpp, line 773]
Event: 3.148 Thread 0x000002a87c0f7a00 Exception <a 'java/lang/NoSuchMethodError'{0x000000060817c190}: 'java.lang.Object java.lang.invoke.DirectMethodHandle$Holder.newInvokeSpecial(java.lang.Object, java.lang.Object, java.lang.Object, java.lang.Object, java.lang.Object, java.lang.Object, java.lang.Object, int)'> (0x000000060817c190) 
thrown [s\src\hotspot\share\interpreter\linkResolver.cpp, line 773]
Event: 3.148 Thread 0x000002a87c0f7a00 Exception <a 'java/lang/NoSuchMethodError'{0x00000006081807e0}: 'java.lang.Object java.lang.invoke.DirectMethodHandle$Holder.invokeSpecial(java.lang.Object, java.lang.Object, java.lang.Object, java.lang.Object, java.lang.Object, java.lang.Object, java.lang.Object, java.lang.Object, int)'> (0x00000006081807e0) 
thrown [s\src\hotspot\share\interpreter\linkResolver.cpp, line 773]
Event: 3.148 Thread 0x000002a87c0f7a00 Exception <a 'java/lang/NoSuchMethodError'{0x0000000608184818}: 'java.lang.Object java.lang.invoke.Invokers$Holder.linkToTargetMethod(java.lang.Object, java.lang.Object, java.lang.Object, java.lang.Object, java.lang.Object, java.lang.Object, int, java.lang.Object)'> (0x0000000608184818) 
thrown [s\src\hotspot\share\interpreter\linkResolver.cpp, line 773]
Event: 3.158 Thread 0x000002a87c0f7a00 Exception <a 'java/lang/NoSuchMethodError'{0x00000006083c5260}: 'java.lang.Object java.lang.invoke.DirectMethodHandle$Holder.newInvokeSpecial(java.lang.Object, java.lang.Object, java.lang.Object, java.lang.Object, java.lang.Object, java.lang.Object, java.lang.Object, java.lang.Object)'> (0x00000006083c5260) 
thrown [s\src\hotspot\share\interpreter\linkResolver.cpp, line 773]
Event: 3.161 Thread 0x000002a87c0f7a00 Exception <a 'java/lang/NoSuchMethodError'{0x0000000607c345f8}: 'void java.lang.invoke.DirectMethodHandle$Holder.invokeInterface(java.lang.Object, java.lang.Object)'> (0x0000000607c345f8) 
thrown [s\src\hotspot\share\interpreter\linkResolver.cpp, line 773]
Event: 3.265 Thread 0x000002a87c0f7a00 Exception <a 'java/lang/NoSuchMethodError'{0x00000006241fca10}: 'void java.lang.invoke.Invokers$Holder.invokeExact_MT(java.lang.Object, java.lang.Object, java.lang.Object, java.lang.Object)'> (0x00000006241fca10) 
thrown [s\src\hotspot\share\interpreter\linkResolver.cpp, line 773]

ZGC Phase Switch (0 events):
No events

VM Operations (20 events):
Event: 6.998 Executing VM operation: get/set locals
Event: 6.998 Executing VM operation: get/set locals done
Event: 6.998 Executing VM operation: get/set locals
Event: 6.998 Executing VM operation: get/set locals done
Event: 6.999 Executing VM operation: get/set locals
Event: 6.999 Executing VM operation: get/set locals done
Event: 6.999 Executing VM operation: get/set locals
Event: 6.999 Executing VM operation: get/set locals done
Event: 7.001 Executing VM operation: get/set locals
Event: 7.001 Executing VM operation: get/set locals done
Event: 7.001 Executing VM operation: get/set locals
Event: 7.001 Executing VM operation: get/set locals done
Event: 11.056 Executing VM operation: ChangeSingleStep
Event: 11.056 Executing VM operation: ChangeSingleStep done
Event: 11.057 Executing VM operation: ChangeSingleStep
Event: 11.057 Executing VM operation: ChangeSingleStep done
Event: 11.063 Executing VM operation: RedefineClasses
Event: 11.072 Executing VM operation: RedefineClasses done
Event: 11.130 Executing VM operation: ChangeSingleStep
Event: 11.130 Executing VM operation: ChangeSingleStep done

Memory protections (0 events):
No events

Nmethod flushes (20 events):
Event: 1.158 Thread 0x000002a873bf0a90 flushing  nmethod 0x000002a866916490
Event: 2.297 Thread 0x000002a873bf0a90 flushing  nmethod 0x000002a8664fc390
Event: 2.297 Thread 0x000002a873bf0a90 flushing  nmethod 0x000002a866770c10
Event: 2.297 Thread 0x000002a873bf0a90 flushing  nmethod 0x000002a866933490
Event: 2.297 Thread 0x000002a873bf0a90 flushing  nmethod 0x000002a8664afe90
Event: 2.297 Thread 0x000002a873bf0a90 flushing  nmethod 0x000002a86662ea10
Event: 2.297 Thread 0x000002a873bf0a90 flushing  nmethod 0x000002a8666bd310
Event: 2.297 Thread 0x000002a873bf0a90 flushing  nmethod 0x000002a8666bf190
Event: 2.297 Thread 0x000002a873bf0a90 flushing  nmethod 0x000002a866765290
Event: 2.297 Thread 0x000002a873bf0a90 flushing  nmethod 0x000002a86640b710
Event: 2.297 Thread 0x000002a873bf0a90 flushing  nmethod 0x000002a86640c110
Event: 2.297 Thread 0x000002a873bf0a90 flushing  nmethod 0x000002a8666d3210
Event: 2.297 Thread 0x000002a873bf0a90 flushing  nmethod 0x000002a86676a610
Event: 2.297 Thread 0x000002a873bf0a90 flushing  nmethod 0x000002a8664bc890
Event: 2.297 Thread 0x000002a873bf0a90 flushing  nmethod 0x000002a8664f6610
Event: 2.297 Thread 0x000002a873bf0a90 flushing  nmethod 0x000002a86662dd10
Event: 2.297 Thread 0x000002a873bf0a90 flushing  nmethod 0x000002a866860710
Event: 2.297 Thread 0x000002a873bf0a90 flushing  nmethod 0x000002a8668a6190
Event: 2.297 Thread 0x000002a873bf0a90 flushing  nmethod 0x000002a8668e1810
Event: 2.297 Thread 0x000002a873bf0a90 flushing  nmethod 0x000002a86693a190

Events (20 events):
Event: 1.036 Thread 0x000002a8776bdee0 Thread added: 0x000002a87c5fb800
Event: 1.036 Thread 0x000002a8776bdee0 Thread added: 0x000002a87c588cd0
Event: 1.167 Thread 0x000002a87c0f7a00 Thread added: 0x000002a87c367a00
Event: 1.180 Thread 0x000002a87c368090 Thread exited: 0x000002a87c368090
Event: 1.211 Thread 0x000002a87c367a00 Thread exited: 0x000002a87c367a00
Event: 2.117 Thread 0x000002a87c0f7a00 Thread added: 0x000002a87c366650
Event: 2.119 Thread 0x000002a87c366650 Thread added: 0x000002a87c365fc0
Event: 2.122 Thread 0x000002a87c0f7a00 Thread added: 0x000002a87c368090
Event: 2.595 Thread 0x000002a87c0f7a00 Thread added: 0x000002a87c367a00
Event: 2.606 Thread 0x000002a87c0f7a00 Thread added: 0x000002a87c367370
Event: 2.710 Thread 0x000002a87c367370 Thread added: 0x000002a87c365930
Event: 4.555 Thread 0x000002a87c588cd0 Thread exited: 0x000002a87c588cd0
Event: 4.556 Thread 0x000002a87c5fb800 Thread exited: 0x000002a87c5fb800
Event: 5.582 Thread 0x000002a87c5fa0e0 Thread exited: 0x000002a87c5fa0e0
Event: 6.088 Thread 0x000002a87c58ec10 Thread exited: 0x000002a87c58ec10
Event: 6.088 Thread 0x000002a877760390 Thread exited: 0x000002a877760390
Event: 6.592 Thread 0x000002a8777580f0 Thread exited: 0x000002a8777580f0
Event: 7.129 Thread 0x000002a8776bdee0 Thread exited: 0x000002a8776bdee0
Event: 9.084 Thread 0x000002a87c365930 Thread exited: 0x000002a87c365930
Event: 9.174 Thread 0x000002a876d9ac40 Thread exited: 0x000002a876d9ac40


Dynamic libraries:
0x00007ff71c010000 - 0x00007ff71c01e000 	C:\IDE\sts-4.27.0.RELEASE\plugins\org.eclipse.justj.openjdk.hotspot.jre.full.win32.x86_64_21.0.5.v20241023-1957\jre\bin\javaw.exe
0x00007ffe94e10000 - 0x00007ffe95027000 	C:\Windows\SYSTEM32\ntdll.dll
0x00007ffe94450000 - 0x00007ffe94514000 	C:\Windows\System32\KERNEL32.DLL
0x00007ffe92430000 - 0x00007ffe927e9000 	C:\Windows\System32\KERNELBASE.dll
0x00007ffe92890000 - 0x00007ffe929a1000 	C:\Windows\System32\ucrtbase.dll
0x00007ffe77890000 - 0x00007ffe778ae000 	C:\IDE\sts-4.27.0.RELEASE\plugins\org.eclipse.justj.openjdk.hotspot.jre.full.win32.x86_64_21.0.5.v20241023-1957\jre\bin\VCRUNTIME140.dll
0x00007ffe78760000 - 0x00007ffe78778000 	C:\IDE\sts-4.27.0.RELEASE\plugins\org.eclipse.justj.openjdk.hotspot.jre.full.win32.x86_64_21.0.5.v20241023-1957\jre\bin\jli.dll
0x00007ffe92c20000 - 0x00007ffe92dce000 	C:\Windows\System32\USER32.dll
0x00007ffe92b00000 - 0x00007ffe92b26000 	C:\Windows\System32\win32u.dll
0x00007ffe94340000 - 0x00007ffe94369000 	C:\Windows\System32\GDI32.dll
0x00007ffe929b0000 - 0x00007ffe92acb000 	C:\Windows\System32\gdi32full.dll
0x00007ffe927f0000 - 0x00007ffe9288a000 	C:\Windows\System32\msvcp_win.dll
0x00007ffe87b40000 - 0x00007ffe87dd2000 	C:\Windows\WinSxS\amd64_microsoft.windows.common-controls_6595b64144ccf1df_6.0.22621.4391_none_2715d37f73803e96\COMCTL32.dll
0x00007ffe947f0000 - 0x00007ffe94897000 	C:\Windows\System32\msvcrt.dll
0x00007ffe948a0000 - 0x00007ffe948d1000 	C:\Windows\System32\IMM32.DLL
0x00007ffe85960000 - 0x00007ffe85aba000 	\\?\CvuLurfWuCmDXDhHkwxJwlwccoKRLSVJCqAVoaG\GLOBAL??\C:\Windows\system32\tmumh\20019\AddOn\8.55.0.1333\TmUmEvt64.dll
0x00007ffe94dc0000 - 0x00007ffe94dc8000 	C:\Windows\System32\PSAPI.DLL
0x00007ffe92b50000 - 0x00007ffe92c02000 	C:\Windows\System32\ADVAPI32.dll
0x00007ffe94740000 - 0x00007ffe947e7000 	C:\Windows\System32\sechost.dll
0x00007ffe92ad0000 - 0x00007ffe92af8000 	C:\Windows\System32\bcrypt.dll
0x00007ffe93450000 - 0x00007ffe93564000 	C:\Windows\System32\RPCRT4.dll
0x0000000063530000 - 0x00000000636ae000 	\\?\CvuLurfWuCmDXDhHkwxJwlwccoKRLSVJCqAVoaG\GLOBAL??\C:\Windows\system32\tmumh\20019\TmMon\2.9.0.1181\tmmon64.dll
0x00007ffe7b450000 - 0x00007ffe7b45c000 	C:\IDE\sts-4.27.0.RELEASE\plugins\org.eclipse.justj.openjdk.hotspot.jre.full.win32.x86_64_21.0.5.v20241023-1957\jre\bin\vcruntime140_1.dll
0x00007ffe357c0000 - 0x00007ffe3584d000 	C:\IDE\sts-4.27.0.RELEASE\plugins\org.eclipse.justj.openjdk.hotspot.jre.full.win32.x86_64_21.0.5.v20241023-1957\jre\bin\msvcp140.dll
0x00007ffe0ec50000 - 0x00007ffe0f9df000 	C:\IDE\sts-4.27.0.RELEASE\plugins\org.eclipse.justj.openjdk.hotspot.jre.full.win32.x86_64_21.0.5.v20241023-1957\jre\bin\server\jvm.dll
0x00007ffe932c0000 - 0x00007ffe93331000 	C:\Windows\System32\WS2_32.dll
0x00007ffe91e30000 - 0x00007ffe91e7d000 	C:\Windows\SYSTEM32\POWRPROF.dll
0x00007ffe8d3c0000 - 0x00007ffe8d3f4000 	C:\Windows\SYSTEM32\WINMM.dll
0x00007ffe887a0000 - 0x00007ffe887aa000 	C:\Windows\SYSTEM32\VERSION.dll
0x00007ffe91e10000 - 0x00007ffe91e23000 	C:\Windows\SYSTEM32\UMPDC.dll
0x00007ffe91110000 - 0x00007ffe91128000 	C:\Windows\SYSTEM32\kernel.appcore.dll
0x00007ffe8e1b0000 - 0x00007ffe8e1ba000 	C:\IDE\sts-4.27.0.RELEASE\plugins\org.eclipse.justj.openjdk.hotspot.jre.full.win32.x86_64_21.0.5.v20241023-1957\jre\bin\jimage.dll
0x00007ffe8f4c0000 - 0x00007ffe8f6f2000 	C:\Windows\SYSTEM32\DBGHELP.DLL
0x00007ffe948e0000 - 0x00007ffe94c6f000 	C:\Windows\System32\combase.dll
0x00007ffe94370000 - 0x00007ffe94447000 	C:\Windows\System32\OLEAUT32.dll
0x00007ffe7ce70000 - 0x00007ffe7cea2000 	C:\Windows\SYSTEM32\dbgcore.DLL
0x00007ffe921d0000 - 0x00007ffe9224b000 	C:\Windows\System32\bcryptPrimitives.dll
0x00007ffe77500000 - 0x00007ffe7753c000 	C:\IDE\sts-4.27.0.RELEASE\plugins\org.eclipse.justj.openjdk.hotspot.jre.full.win32.x86_64_21.0.5.v20241023-1957\jre\bin\jdwp.dll
0x00007ffe8e1c0000 - 0x00007ffe8e1cf000 	C:\IDE\sts-4.27.0.RELEASE\plugins\org.eclipse.justj.openjdk.hotspot.jre.full.win32.x86_64_21.0.5.v20241023-1957\jre\bin\instrument.dll
0x00007ffe87f50000 - 0x00007ffe87f6f000 	C:\IDE\sts-4.27.0.RELEASE\plugins\org.eclipse.justj.openjdk.hotspot.jre.full.win32.x86_64_21.0.5.v20241023-1957\jre\bin\java.dll
0x00007ffe93ac0000 - 0x00007ffe94336000 	C:\Windows\System32\SHELL32.dll
0x00007ffe90000000 - 0x00007ffe90903000 	C:\Windows\SYSTEM32\windows.storage.dll
0x00007ffe8fec0000 - 0x00007ffe8ffff000 	C:\Windows\SYSTEM32\wintypes.dll
0x00007ffe93340000 - 0x00007ffe93439000 	C:\Windows\System32\SHCORE.dll
0x00007ffe94c70000 - 0x00007ffe94cce000 	C:\Windows\System32\shlwapi.dll
0x00007ffe92040000 - 0x00007ffe9206b000 	C:\Windows\SYSTEM32\profapi.dll
0x00007ffe87e50000 - 0x00007ffe87e68000 	C:\IDE\sts-4.27.0.RELEASE\plugins\org.eclipse.justj.openjdk.hotspot.jre.full.win32.x86_64_21.0.5.v20241023-1957\jre\bin\zip.dll
0x00007ffe88d10000 - 0x00007ffe88d1b000 	C:\IDE\sts-4.27.0.RELEASE\plugins\org.eclipse.justj.openjdk.hotspot.jre.full.win32.x86_64_21.0.5.v20241023-1957\jre\bin\dt_socket.dll
0x00007ffe90b70000 - 0x00007ffe90b9d000 	C:\Windows\SYSTEM32\IPHLPAPI.DLL
0x00007ffe91580000 - 0x00007ffe915e9000 	C:\Windows\system32\mswsock.dll
0x00007ffe90be0000 - 0x00007ffe90ce2000 	C:\Windows\SYSTEM32\DNSAPI.dll
0x00007ffe93440000 - 0x00007ffe93449000 	C:\Windows\System32\NSI.dll
0x00007ffe8d7c0000 - 0x00007ffe8d7ca000 	C:\Windows\System32\rasadhlp.dll
0x00007ffe8bfd0000 - 0x00007ffe8c053000 	C:\Windows\System32\fwpuclnt.dll
0x00007ffe857a0000 - 0x00007ffe857b0000 	C:\IDE\sts-4.27.0.RELEASE\plugins\org.eclipse.justj.openjdk.hotspot.jre.full.win32.x86_64_21.0.5.v20241023-1957\jre\bin\net.dll
0x00007ffe8e880000 - 0x00007ffe8e9b6000 	C:\Windows\SYSTEM32\WINHTTP.dll
0x00007ffe7cec0000 - 0x00007ffe7ced6000 	C:\IDE\sts-4.27.0.RELEASE\plugins\org.eclipse.justj.openjdk.hotspot.jre.full.win32.x86_64_21.0.5.v20241023-1957\jre\bin\nio.dll
0x00007ffe7ca90000 - 0x00007ffe7ca9a000 	C:\IDE\sts-4.27.0.RELEASE\plugins\org.eclipse.justj.openjdk.hotspot.jre.full.win32.x86_64_21.0.5.v20241023-1957\jre\bin\management.dll
0x00007ffe7ca80000 - 0x00007ffe7ca8b000 	C:\IDE\sts-4.27.0.RELEASE\plugins\org.eclipse.justj.openjdk.hotspot.jre.full.win32.x86_64_21.0.5.v20241023-1957\jre\bin\management_ext.dll
0x00007ffe712a0000 - 0x00007ffe712b7000 	C:\Windows\system32\napinsp.dll
0x00007ffe61020000 - 0x00007ffe6103b000 	C:\Windows\system32\pnrpnsp.dll
0x00007ffe61000000 - 0x00007ffe61011000 	C:\Windows\System32\winrnr.dll
0x00007ffe60fe0000 - 0x00007ffe60ff5000 	C:\Windows\system32\wshbth.dll
0x00007ffe60fb0000 - 0x00007ffe60fd7000 	C:\Windows\system32\nlansp_c.dll
0x00007ffe918d0000 - 0x00007ffe918eb000 	C:\Windows\SYSTEM32\CRYPTSP.dll
0x00007ffe91070000 - 0x00007ffe910a5000 	C:\Windows\system32\rsaenh.dll
0x00007ffe91620000 - 0x00007ffe91648000 	C:\Windows\SYSTEM32\USERENV.dll
0x00007ffe918b0000 - 0x00007ffe918bc000 	C:\Windows\SYSTEM32\CRYPTBASE.dll
0x00007ffe7ccd0000 - 0x00007ffe7ccd9000 	C:\IDE\sts-4.27.0.RELEASE\plugins\org.eclipse.justj.openjdk.hotspot.jre.full.win32.x86_64_21.0.5.v20241023-1957\jre\bin\extnet.dll
0x00007ffe85790000 - 0x00007ffe857a0000 	C:\IDE\sts-4.27.0.RELEASE\plugins\org.eclipse.justj.openjdk.hotspot.jre.full.win32.x86_64_21.0.5.v20241023-1957\jre\bin\verify.dll
0x00007ffe7cce0000 - 0x00007ffe7ccee000 	C:\IDE\sts-4.27.0.RELEASE\plugins\org.eclipse.justj.openjdk.hotspot.jre.full.win32.x86_64_21.0.5.v20241023-1957\jre\bin\sunmscapi.dll
0x00007ffe922c0000 - 0x00007ffe92426000 	C:\Windows\System32\CRYPT32.dll
0x00007ffe919e0000 - 0x00007ffe91a0d000 	C:\Windows\SYSTEM32\ncrypt.dll
0x00007ffe919a0000 - 0x00007ffe919d7000 	C:\Windows\SYSTEM32\NTASN1.dll

dbghelp: loaded successfully - version: 4.0.5 - missing functions: none
symbol engine: initialized successfully - sym options: 0x614 - pdb path: .;C:\IDE\sts-4.27.0.RELEASE\plugins\org.eclipse.justj.openjdk.hotspot.jre.full.win32.x86_64_21.0.5.v20241023-1957\jre\bin;C:\Windows\SYSTEM32;C:\Windows\WinSxS\amd64_microsoft.windows.common-controls_6595b64144ccf1df_6.0.22621.4391_none_2715d37f73803e96;\\?\CvuLurfWuCmDXDhHkwxJwlwccoKRLSVJCqAVoaG\GLOBAL??\C:\Windows\system32\tmumh\20019\AddOn\8.55.0.1333;\\?\CvuLurfWuCmDXDhHkwxJwlwccoKRLSVJCqAVoaG\GLOBAL??\C:\Windows\system32\tmumh\20019\TmMon\2.9.0.1181;C:\IDE\sts-4.27.0.RELEASE\plugins\org.eclipse.justj.openjdk.hotspot.jre.full.win32.x86_64_21.0.5.v20241023-1957\jre\bin\server

VM Arguments:
jvm_args: -XX:+ShowCodeDetailsInExceptionMessages -agentlib:jdwp=transport=dt_socket,suspend=y,address=localhost:65195 -Dcom.sun.management.jmxremote -Dcom.sun.management.jmxremote.port=65194 -Dcom.sun.management.jmxremote.authenticate=false -Dcom.sun.management.jmxremote.ssl=false -Djava.rmi.server.hostname=localhost -Dspring.jmx.enabled=true -Dmanagement.endpoints.jmx.exposure.include=* -Dspring.application.admin.enabled=true -XX:TieredStopAtLevel=1 -Dspring.boot.project.name=permansys -javaagent:C:\IDE\sts-4.27.0.RELEASE\configuration\org.eclipse.osgi\275\0\.cp\lib\javaagent-shaded.jar -Dfile.encoding=UTF-8 -Dstdout.encoding=UTF-8 -Dstderr.encoding=UTF-8 
java_command: com.permansys.PerManSysApplication --spring.output.ansi.enabled=always
java_class_path (initial): C:\Workspace\permansys\target\classes;C:\Users\nccc10\.m2\repository\org\springframework\boot\spring-boot-starter-thymeleaf\3.4.0\spring-boot-starter-thymeleaf-3.4.0.jar;C:\Users\nccc10\.m2\repository\org\springframework\boot\spring-boot-starter\3.4.0\spring-boot-starter-3.4.0.jar;C:\Users\nccc10\.m2\repository\org\springframework\boot\spring-boot-starter-logging\3.4.0\spring-boot-starter-logging-3.4.0.jar;C:\Users\nccc10\.m2\repository\ch\qos\logback\logback-classic\1.5.12\logback-classic-1.5.12.jar;C:\Users\nccc10\.m2\repository\ch\qos\logback\logback-core\1.5.12\logback-core-1.5.12.jar;C:\Users\nccc10\.m2\repository\org\apache\logging\log4j\log4j-to-slf4j\2.24.1\log4j-to-slf4j-2.24.1.jar;C:\Users\nccc10\.m2\repository\org\apache\logging\log4j\log4j-api\2.24.1\log4j-api-2.24.1.jar;C:\Users\nccc10\.m2\repository\org\slf4j\jul-to-slf4j\2.0.16\jul-to-slf4j-2.0.16.jar;C:\Users\nccc10\.m2\repository\org\yaml\snakeyaml\2.3\snakeyaml-2.3.jar;C:\Users\nccc10\.m2\repository\org\thymeleaf\thymeleaf-spring6\3.1.2.RELEASE\thymeleaf-spring6-3.1.2.RELEASE.jar;C:\Users\nccc10\.m2\repository\org\thymeleaf\thymeleaf\3.1.2.RELEASE\thymeleaf-3.1.2.RELEASE.jar;C:\Users\nccc10\.m2\repository\org\attoparser\attoparser\2.0.7.RELEASE\attoparser-2.0.7.RELEASE.jar;C:\Users\nccc10\.m2\repository\org\unbescape\unbescape\1.1.6.RELEASE\unbescape-1.1.6.RELEASE.jar;C:\Users\nccc10\.m2\repository\org\slf4j\slf4j-api\2.0.16\slf4j-api-2.0.16.jar;C:\Users\nccc10\.m2\repository\org\springframework\boot\spring-boot-starter-web\3.4.0\spring-boot-starter-web-3.4.0.jar;C:\Users\nccc10\.m2\repository\org\springframework\boot\spring-boot-starter-json\3.4.0\spring-boot-starter-json-3.4.0.jar;C:\Users\nccc10\.m2\repository\com\fasterxml\jackson\core\jackson-databind\2.18.1\jackson-databind-2.18.1.jar;C:\Users\nccc10\.m2\repository\com\fasterxml\jackson\core\jackson-annotations\2.18.1\jackson-annotations-2.18.1.jar;C:\Users\nccc10\.m2\repository\com\fasterxml\jackson\core\jackson-core\2.18.1\jackson-core-2.18.1.jar;C:\Users\nccc10\.m2\repository\com\fasterxml\jackson\datatype\jackson-datatype-jdk8\2.18.1\jackson-datatype-jdk8-2.18.1.jar;C:\Users\nccc10\.m2\repository\com\fasterxml\jackson\datatype\jackson-datatype-jsr310\2.18.1\jackson-datatype-jsr310-2.18.1.jar;C:\Users\nccc10\.m2\repository\com\fasterxml\jackson\module\jackson-module-parameter-names\2.18.1\jackson-module-parameter-names-2.18.1.jar;C:\Users\nccc10\.m2\repository\org\springframework\spring-web\6.2.0\spring-web-6.2.0.jar;C:\Users\nccc10\.m2\repository\org\springframework\spring-beans\6.2.0\spring-beans-6.2.0.jar;C:\Users\nccc10\.m2\repository\io\micrometer\micrometer-observation\1.14.1\micrometer-observation-1.14.1.jar;C:\Users\nccc10\.m2\repository\io\micrometer\micrometer-commons\1.14.1\micrometer-commons-1.14.1.jar;C:\Users\nccc10\.m2\repository\org\springframework\spring-webmvc\6.2.0\spring-webmvc-6.2.0.jar;C:\Users\nccc10\.m2\repository\org\springframework\spring-context\6.2.0\spring-context-6.2.0.jar;C:\Users\nccc10\.m2\repository\org\springframework\spring-expression\6.2.0\spring-expression-6.2.0.jar;C:\Users\nccc10\.m2\repository\org\springframework\boot\spring-boot-starter-tomcat\3.4.0\spring-boot-starter-tomcat-3.4.0.jar;C:\Users\nccc10\.m2\repository\jakarta\annotation\jakarta.annotation-api\2.1.1\jakarta.annotation-api-2.1.1.jar;C:\Users\nccc10\.m2\repository\org\apache\tomcat\embed\tomcat-embed-core\10.1.33\tomcat-embed-core-10.1.33.jar;C:\Users\nccc10\.m2\repository\org\apache\tomcat\embed\tomcat-embed-el\10.1.33\tomcat-embed-el-10.1.33.jar;C:\Users\nccc10\.m2\repository\org\apache\tomcat\embed\tomcat-embed-websocket\10.1.33\tomcat-embed-websocket-10.1.33.jar;C:\Users\nccc10\.m2\repository\jakarta\xml\bind\jakarta.xml.bind-api\4.0.2\jakarta.xml.bind-api-4.0.2.jar;C:\Users\nccc10\.m2\repository\jakarta\activation\jakarta.activation-api\2.1.3\jakarta.activation-api-2.1.3.jar;C:\Users\nccc10\.m2\repository\org\springframework\boot\spring-boot-starter-security\3.4.0\spring-boot-starter-security-3.4.0.jar;C:\Users\nccc10\.m2\repository\org\springframework\spring-aop\6.2.0\spring-aop-6.2.0.jar;C:\Users\nccc10\.m2\repository\org\springframework\security\spring-security-config\6.4.1\spring-security-config-6.4.1.jar;C:\Users\nccc10\.m2\repository\org\springframework\security\spring-security-core\6.4.1\spring-security-core-6.4.1.jar;C:\Users\nccc10\.m2\repository\org\springframework\security\spring-security-crypto\6.4.1\spring-security-crypto-6.4.1.jar;C:\Users\nccc10\.m2\repository\org\springframework\security\spring-security-web\6.4.1\spring-security-web-6.4.1.jar;C:\Users\nccc10\.m2\repository\org\springframework\spring-core\6.2.0\spring-core-6.2.0.jar;C:\Users\nccc10\.m2\repository\org\springframework\spring-jcl\6.2.0\spring-jcl-6.2.0.jar;C:\Users\nccc10\.m2\repository\cglib\cglib\3.3.0\cglib-3.3.0.jar;C:\Users\nccc10\.m2\repository\org\ow2\asm\asm\7.1\asm-7.1.jar;C:\Users\nccc10\.m2\repository\org\springframework\boot\spring-boot-starter-data-jpa\3.4.0\spring-boot-starter-data-jpa-3.4.0.jar;C:\Users\nccc10\.m2\repository\org\springframework\boot\spring-boot-starter-jdbc\3.4.0\spring-boot-starter-jdbc-3.4.0.jar;C:\Users\nccc10\.m2\repository\com\zaxxer\HikariCP\5.1.0\HikariCP-5.1.0.jar;C:\Users\nccc10\.m2\repository\org\springframework\spring-jdbc\6.2.0\spring-jdbc-6.2.0.jar;C:\Users\nccc10\.m2\repository\org\springframework\data\spring-data-jpa\3.4.0\spring-data-jpa-3.4.0.jar;C:\Users\nccc10\.m2\repository\org\springframework\data\spring-data-commons\3.4.0\spring-data-commons-3.4.0.jar;C:\Users\nccc10\.m2\repository\org\springframework\spring-orm\6.2.0\spring-orm-6.2.0.jar;C:\Users\nccc10\.m2\repository\org\springframework\spring-tx\6.2.0\spring-tx-6.2.0.jar;C:\Users\nccc10\.m2\repository\org\springframework\spring-aspects\6.2.0\spring-aspects-6.2.0.jar;C:\Users\nccc10\.m2\repository\org\aspectj\aspectjweaver\1.9.22.1\aspectjweaver-1.9.22.1.jar;C:\Users\nccc10\.m2\repository\org\hibernate\orm\hibernate-core\6.3.1.Final\hibernate-core-6.3.1.Final.jar;C:\Users\nccc10\.m2\repository\jakarta\persistence\jakarta.persistence-api\3.1.0\jakarta.persistence-api-3.1.0.jar;C:\Users\nccc10\.m2\repository\jakarta\transaction\jakarta.transaction-api\2.0.1\jakarta.transaction-api-2.0.1.jar;C:\Users\nccc10\.m2\repository\org\jboss\logging\jboss-logging\3.6.1.Final\jboss-logging-3.6.1.Final.jar;C:\Users\nccc10\.m2\repository\org\hibernate\common\hibernate-commons-annotations\6.0.6.Final\hibernate-commons-annotations-6.0.6.Final.jar;C:\Users\nccc10\.m2\repository\io\smallrye\jandex\3.1.2\jandex-3.1.2.jar;C:\Users\nccc10\.m2\repository\com\fasterxml\classmate\1.7.0\classmate-1.7.0.jar;C:\Users\nccc10\.m2\repository\net\bytebuddy\byte-buddy\1.15.10\byte-buddy-1.15.10.jar;C:\Users\nccc10\.m2\repository\org\glassfish\jaxb\jaxb-runtime\4.0.5\jaxb-runtime-4.0.5.jar;C:\Users\nccc10\.m2\repository\org\glassfish\jaxb\jaxb-core\4.0.5\jaxb-core-4.0.5.jar;C:\Users\nccc10\.m2\repository\org\eclipse\angus\angus-activation\2.0.2\angus-activation-2.0.2.jar;C:\Users\nccc10\.m2\repository\org\glassfish\jaxb\txw2\4.0.5\txw2-4.0.5.jar;C:\Users\nccc10\.m2\repository\com\sun\istack\istack-commons-runtime\4.1.2\istack-commons-runtime-4.1.2.jar;C:\Users\nccc10\.m2\repository\jakarta\inject\jakarta.inject-api\2.0.1\jakarta.inject-api-2.0.1.jar;C:\Users\nccc10\.m2\repository\org\antlr\antlr4-runtime\4.10.1\antlr4-runtime-4.10.1.jar;C:\Users\nccc10\.m2\repository\org\postgresql\postgresql\42.6.0\postgresql-42.6.0.jar;C:\Users\nccc10\.m2\repository\org\checkerframework\checker-qual\3.31.0\checker-qual-3.31.0.jar;C:\Users\nccc10\.m2\repository\org\springframework\boot\spring-boot-devtools\3.4.0\spring-boot-devtools-3.4.0.jar;C:\Users\nccc10\.m2\repository\org\springframework\boot\spring-boot\3.4.0\spring-boot-3.4.0.jar;C:\Users\nccc10\.m2\repository\org\springframework\boot\spring-boot-autoconfigure\3.4.0\spring-boot-autoconfigure-3.4.0.jar
Launcher Type: SUN_STANDARD

[Global flags]
     intx CICompilerCount                          = 12                                        {product} {ergonomic}
     uint ConcGCThreads                            = 4                                         {product} {ergonomic}
     uint G1ConcRefinementThreads                  = 15                                        {product} {ergonomic}
   size_t G1HeapRegionSize                         = 4194304                                   {product} {ergonomic}
    uintx GCDrainStackTargetSize                   = 64                                        {product} {ergonomic}
   size_t InitialHeapSize                          = 532676608                                 {product} {ergonomic}
     bool ManagementServer                         = true                                      {product} {command line}
   size_t MarkStackSize                            = 4194304                                   {product} {ergonomic}
   size_t MaxHeapSize                              = 8514437120                                {product} {ergonomic}
   size_t MaxNewSize                               = 5108662272                                {product} {ergonomic}
   size_t MinHeapDeltaBytes                        = 4194304                                   {product} {ergonomic}
   size_t MinHeapSize                              = 8388608                                   {product} {ergonomic}
    uintx NonNMethodCodeHeapSize                   = 4096                                   {pd product} {ergonomic}
    uintx NonProfiledCodeHeapSize                  = 0                                      {pd product} {ergonomic}
     bool ProfileInterpreter                       = false                                  {pd product} {command line}
    uintx ProfiledCodeHeapSize                     = 0                                      {pd product} {ergonomic}
     bool ShowCodeDetailsInExceptionMessages       = true                                   {manageable} {command line}
   size_t SoftMaxHeapSize                          = 8514437120                             {manageable} {ergonomic}
     intx TieredStopAtLevel                        = 1                                         {product} {command line}
     bool UseCompressedOops                        = true                           {product lp64_product} {ergonomic}
     bool UseG1GC                                  = true                                      {product} {ergonomic}
     bool UseLargePagesIndividualAllocation        = false                                  {pd product} {ergonomic}

Logging:
Log output configuration:
 #0: stdout all=warning uptime,level,tags foldmultilines=false
 #1: stderr all=off uptime,level,tags foldmultilines=false

Environment Variables:
PATH=C:\IDE\sts-4.27.0.RELEASE\plugins\org.eclipse.justj.openjdk.hotspot.jre.full.win32.x86_64_21.0.5.v20241023-1957\jre\bin;C:/IDE/sts-4.27.0.RELEASE//plugins/org.eclipse.justj.openjdk.hotspot.jre.full.win32.x86_64_21.0.5.v20241023-1957/jre/bin/server;C:/IDE/sts-4.27.0.RELEASE//plugins/org.eclipse.justj.openjdk.hotspot.jre.full.win32.x86_64_21.0.5.v20241023-1957/jre/bin;C:\Windows\system32;C:\Windows;C:\Windows\System32\Wbem;C:\Windows\System32\WindowsPowerShell\v1.0\;C:\Windows\System32\OpenSSH\;C:\App\Git\cmd;C:\App\pgsql\bin;C:\Users\nccc10\AppData\Local\Microsoft\WindowsApps;C:\Users\nccc10\AppData\Local\Programs\Microsoft VS Code\bin;C:\IDE\sts-4.27.0.RELEASE;
USERNAME=nccc10
OS=Windows_NT
PROCESSOR_IDENTIFIER=Intel64 Family 6 Model 186 Stepping 2, GenuineIntel
TMP=C:\Users\nccc10\AppData\Local\Temp
TEMP=C:\Users\nccc10\AppData\Local\Temp




Periodic native trim disabled

---------------  S Y S T E M  ---------------

OS:
 Windows 11 , 64 bit Build 22621 (10.0.22621.4391)
OS uptime: 0 days 5:32 hours
Hyper-V role detected

CPU: total 20 (initial active 20) (10 cores per cpu, 2 threads per core) family 6 model 186 stepping 2 microcode 0x410e, cx8, cmov, fxsr, ht, mmx, 3dnowpref, sse, sse2, sse3, ssse3, sse4.1, sse4.2, popcnt, lzcnt, tsc, tscinvbit, avx, avx2, aes, erms, clmul, bmi1, bmi2, adx, sha, fma, vzeroupper, clflush, clflushopt, clwb, hv, serialize, rdtscp, rdpid, fsrm, f16c, cet_ibt, cet_ss
Processor Information for processor 0
  Max Mhz: 2600, Current Mhz: 2600, Mhz Limit: 2600
Processor Information for processor 1
  Max Mhz: 2600, Current Mhz: 1496, Mhz Limit: 2600
Processor Information for processor 2
  Max Mhz: 2600, Current Mhz: 1496, Mhz Limit: 2600
Processor Information for processor 3
  Max Mhz: 2600, Current Mhz: 2600, Mhz Limit: 2600
Processor Information for processor 4
  Max Mhz: 2600, Current Mhz: 2600, Mhz Limit: 2600
Processor Information for processor 5
  Max Mhz: 2600, Current Mhz: 2600, Mhz Limit: 2600
Processor Information for processor 6
  Max Mhz: 2600, Current Mhz: 2600, Mhz Limit: 2600
Processor Information for processor 7
  Max Mhz: 2600, Current Mhz: 2600, Mhz Limit: 2600
Processor Information for processor 8
  Max Mhz: 2600, Current Mhz: 2600, Mhz Limit: 2600
Processor Information for processor 9
  Max Mhz: 2600, Current Mhz: 2600, Mhz Limit: 2600
Processor Information for processor 10
  Max Mhz: 2600, Current Mhz: 2600, Mhz Limit: 2600
Processor Information for processor 11
  Max Mhz: 2600, Current Mhz: 2600, Mhz Limit: 2600
Processor Information for processor 12
  Max Mhz: 2600, Current Mhz: 1505, Mhz Limit: 2600
Processor Information for processor 13
  Max Mhz: 2600, Current Mhz: 1505, Mhz Limit: 2600
Processor Information for processor 14
  Max Mhz: 2600, Current Mhz: 2600, Mhz Limit: 2600
Processor Information for processor 15
  Max Mhz: 2600, Current Mhz: 2600, Mhz Limit: 2600
Processor Information for processor 16
  Max Mhz: 2600, Current Mhz: 1505, Mhz Limit: 2600
Processor Information for processor 17
  Max Mhz: 2600, Current Mhz: 1505, Mhz Limit: 2600
Processor Information for processor 18
  Max Mhz: 2600, Current Mhz: 1505, Mhz Limit: 2600
Processor Information for processor 19
  Max Mhz: 2600, Current Mhz: 1505, Mhz Limit: 2600

Memory: 4k page, system-wide physical 32468M (19452M free)
TotalPageFile size 37588M (AvailPageFile size 22679M)
current process WorkingSet (physical memory assigned to process): 263M, peak: 299M
current process commit charge ("private bytes"): 518M, peak: 641M

vm_info: OpenJDK 64-Bit Server VM (21.0.5+11-LTS) for windows-amd64 JRE (21.0.5+11-LTS), built on 2024-10-15T00:00:00Z by "admin" with MS VC++ 17.7 (VS2022)

END.
