#
# A fatal error has been detected by the Java Runtime Environment:
#
#  EXCEPTION_ACCESS_VIOLATION (0xc0000005) at pc=0x00000299bfa51050, pid=24144, tid=4220
#
# JRE version: OpenJDK Runtime Environment Temurin-21.0.5+11 (21.0.5+11) (build 21.0.5+11-LTS)
# Java VM: OpenJDK 64-Bit Server VM Temurin-21.0.5+11 (21.0.5+11-LTS, mixed mode, emulated-client, sharing, tiered, compressed oops, compressed class ptrs, g1 gc, windows-amd64)
# Problematic frame:
# v  ~BufferBlob::MethodHandles adapters 0x00000299bfa51050
#
# No core dump will be written. Minidumps are not enabled by default on client versions of Windows
#
# If you would like to submit a bug report, please visit:
#   https://github.com/adoptium/adoptium-support/issues
#

---------------  S U M M A R Y ------------

Command Line: -XX:+ShowCodeDetailsInExceptionMessages -agentlib:jdwp=transport=dt_socket,suspend=y,address=localhost:65227 -Dcom.sun.management.jmxremote -Dcom.sun.management.jmxremote.port=65226 -Dcom.sun.management.jmxremote.authenticate=false -Dcom.sun.management.jmxremote.ssl=false -Djava.rmi.server.hostname=localhost -Dspring.jmx.enabled=true -Dmanagement.endpoints.jmx.exposure.include=* -Dspring.application.admin.enabled=true -XX:TieredStopAtLevel=1 -Dspring.boot.project.name=permansys -javaagent:C:\IDE\sts-4.27.0.RELEASE\configuration\org.eclipse.osgi\275\0\.cp\lib\javaagent-shaded.jar -Dfile.encoding=UTF-8 -Dstdout.encoding=UTF-8 -Dstderr.encoding=UTF-8 com.permansys.PerManSysApplication --spring.output.ansi.enabled=always

Host: 13th Gen Intel(R) Core(TM) i9-13900H, 20 cores, 31G,  Windows 11 , 64 bit Build 22621 (10.0.22621.4391)
Time: Tue Dec 17 14:36:47 2024  Windows 11 , 64 bit Build 22621 (10.0.22621.4391) elapsed time: 7.775854 seconds (0d 0h 0m 7s)

---------------  T H R E A D  ---------------

Current thread (0x00000299cd441060):  JavaThread "restartedMain"        [_thread_in_Java, id=4220, stack(0x000000c63ff00000,0x000000c640000000) (1024K)]

Stack: [0x000000c63ff00000,0x000000c640000000],  sp=0x000000c63fffdb48,  free space=1014k
Native frames: (J=compiled Java code, j=interpreted, Vv=VM code, C=native code)
C  0x00000299bfa51050

The last pc belongs to _linkToSpecial (printed below).

siginfo: EXCEPTION_ACCESS_VIOLATION (0xc0000005), reading address 0xffffffffffffffff


Registers:
RAX=0x00000299bfa29086, RBX=0xc10ff37e00000000, RCX=0x000000c63fffdb50, RDX=0x0000000000000002
RSP=0x000000c63fffdb48, RBP=0x000000c63fffdb98, RSI=0x0000029a187b4588, RDI=0x0000029a17f6eb40
R8 =0x0000000000000004, R9 =0x0000000000000004, R10=0x00007ffe0f90d040, R11=0x00000299d10b5b20
R12=0x0000000000000000, R13=0x000000c63fffdb48, R14=0x000000c63fffdbb8, R15=0x00000299cd441060
RIP=0x00000299bfa51050, EFLAGS=0x0000000000010202


Register to memory mapping:

RAX=0x00000299bfa29086 is at code_begin+3078 in an Interpreter codelet
return entry points  [0x00000299bfa28480, 0x00000299bfa2a298]  7704 bytes
RBX=0xc10ff37e00000000 is an unknown value
RCX=0x000000c63fffdb50 is pointing into the stack for thread: 0x00000299cd441060
RDX=0x0000000000000002 is an unknown value
RSP=0x000000c63fffdb48 is pointing into the stack for thread: 0x00000299cd441060
RBP=0x000000c63fffdb98 is pointing into the stack for thread: 0x00000299cd441060
RSI=0x0000029a187b4588 points into unknown readable memory: 0x8000140151117baf | af 7b 11 51 01 14 00 80
RDI=0x0000029a17f6eb40 points into unknown readable memory: 0x0000001800000070 | 70 00 00 00 18 00 00 00
R8 =0x0000000000000004 is an unknown value
R9 =0x0000000000000004 is an unknown value
R10=0x00007ffe0f90d040 jvm.dll
R11={method} {0x00000299d10b5b28} 'newInvokeSpecial' '(Ljava/lang/Object;)Ljava/lang/Object;' in 'java/lang/invoke/DirectMethodHandle$Holder'
R12=0x0 is null
R13=0x000000c63fffdb48 is pointing into the stack for thread: 0x00000299cd441060
R14=0x000000c63fffdbb8 is pointing into the stack for thread: 0x00000299cd441060
R15=0x00000299cd441060 is a thread

Top of Stack: (sp=0x000000c63fffdb48)
0x000000c63fffdb48:   00000299bfa29086 000000c63fffdb50
0x000000c63fffdb58:   00000299d172be1f 0000000000000004
0x000000c63fffdb68:   00000299d10b0fd8 0000000604d35c70
0x000000c63fffdb78:   0000000604b4d948 00000299d10b5b20
0x000000c63fffdb88:   000000c63fffdb48 000000c63fffdbc0
0x000000c63fffdb98:   000000c63fffdf30 00000299bfe557cb
0x000000c63fffdba8:   00000006087f9af8 00000006087f9ba0
0x000000c63fffdbb8:   00000006087f9b58 00000006087f98b8
0x000000c63fffdbc8:   0000000000000000 000000c63fffdf30
0x000000c63fffdbd8:   00000299c061558c 0000000000000000
0x000000c63fffdbe8:   0000000000000000 0000000000000000
0x000000c63fffdbf8:   0000000000000000 0000000000000000
0x000000c63fffdc08:   0000000000000000 0000000000000000
0x000000c63fffdc18:   0000000000000000 0000000000000000
0x000000c63fffdc28:   0000000000000000 0000000000000000
0x000000c63fffdc38:   0000000604b45bd0 0000000604d35c70
0x000000c63fffdc48:   00000006087f9780 00000006087f9780
0x000000c63fffdc58:   00000006087f98b8 00000006087f9b88
0x000000c63fffdc68:   00000006087f9910 0000000604d35c70
0x000000c63fffdc78:   0000000000000001 000000c63fffdf30
0x000000c63fffdc88:   0000029900000000 0000000000000000
0x000000c63fffdc98:   0000000000000000 00000006087f9b58
0x000000c63fffdca8:   00000299bfe573dc 0000000000000000
0x000000c63fffdcb8:   0000000000000000 0000000000000000
0x000000c63fffdcc8:   0000000000000000 00000299cd441060
0x000000c63fffdcd8:   0000000000000000 00000006087f98b8
0x000000c63fffdce8:   0000000000000000 00000006087f9780
0x000000c63fffdcf8:   00000006087f9b88 00000006087f98b8
0x000000c63fffdd08:   0000000000000000 00000006087f9800
0x000000c63fffdd18:   00000299bfe54cec 000000c63fffdf30
0x000000c63fffdd28:   00000299bfdc3fea 0000000000000000
0x000000c63fffdd38:   00000299bfcd1329 00000299cd441060 

Instructions: (pc=0x00000299bfa51050)
0x00000299bfa50f50:   bf d8 05 00 00 00 74 03 ff 63 38 ff 63 50 e9 9d
0x00000299bfa50f60:   16 00 00 66 66 66 0f 1f 84 00 00 00 00 00 66 66
0x00000299bfa50f70:   66 90 66 66 0f 1f 84 00 00 00 00 00 66 66 66 90
0x00000299bfa50f80:   48 8b 53 08 0f b7 52 2e 48 8b 0c d4 58 5b 50 44
0x00000299bfa50f90:   8b 51 08 49 bb 00 00 00 d1 99 02 00 00 4d 03 d3
0x00000299bfa50fa0:   4c 8b 5b 10 4b 8b 9c da c0 01 00 00 48 85 db 0f
0x00000299bfa50fb0:   84 10 00 00 00 41 80 bf d8 05 00 00 00 74 03 ff
0x00000299bfa50fc0:   63 38 ff 63 50 e9 36 16 00 00 66 66 66 0f 1f 84
0x00000299bfa50fd0:   00 00 00 00 00 66 66 66 90 0f 1f 80 00 00 00 00
0x00000299bfa50fe0:   58 5b 50 8b 5b 24 48 c1 e3 03 48 8b 5b 10 48 85
0x00000299bfa50ff0:   db 0f 84 10 00 00 00 41 80 bf d8 05 00 00 00 74
0x00000299bfa51000:   03 ff 63 38 ff 63 50 e9 f4 15 00 00 66 66 66 0f
0x00000299bfa51010:   1f 84 00 00 00 00 00 66 66 66 90 0f 1f 44 00 00
0x00000299bfa51020:   48 8b 53 08 0f b7 52 2e 48 8b 0c d4 58 5b 50 48
0x00000299bfa51030:   3b 01 8b 5b 24 48 c1 e3 03 48 8b 5b 10 48 85 db
0x00000299bfa51040:   0f 84 10 00 00 00 41 80 bf d8 05 00 00 00 74 03
0x00000299bfa51050:   ff 63 38 ff 63 50 e9 a5 15 00 00 0f 1f 44 00 00
0x00000299bfa51060:   48 8b 53 08 0f b7 52 2e 48 8b 0c d4 58 5b 50 44
0x00000299bfa51070:   8b 51 08 49 bb 00 00 00 d1 99 02 00 00 4d 03 d3
0x00000299bfa51080:   8b 43 18 48 c1 e0 03 48 8b 40 10 48 8b 5b 10 45
0x00000299bfa51090:   8b 9a a0 00 00 00 4f 8d 9c da c0 01 00 00 4d 8d
0x00000299bfa510a0:   14 da 49 8b 1b 48 3b c3 74 15 48 85 db 0f 84 32
0x00000299bfa510b0:   00 00 00 49 83 c3 10 49 8b 1b 48 3b c3 75 eb 45
0x00000299bfa510c0:   8b 5b 08 4b 8b 1c 1a 48 85 db 0f 84 10 00 00 00
0x00000299bfa510d0:   41 80 bf d8 05 00 00 00 74 03 ff 63 38 ff 63 50
0x00000299bfa510e0:   e9 1b 15 00 00 e9 16 12 00 00 f4 00 00 00 00 00
0x00000299bfa510f0:   00 00 00 00 00 00 00 00 00 00 00 00 00 00 00 00
0x00000299bfa51100:   00 00 00 00 00 00 00 00 00 00 00 00 00 00 00 00
0x00000299bfa51110:   00 00 00 00 00 00 00 00 00 00 00 00 00 00 00 00
0x00000299bfa51120:   00 00 00 00 00 00 00 00 00 00 00 00 00 00 00 00
0x00000299bfa51130:   00 00 00 00 00 00 00 00 00 00 00 00 00 00 00 00
0x00000299bfa51140:   00 00 00 00 00 00 00 00 00 00 00 00 00 00 00 00 


Stack slot to memory mapping:

stack at sp + 0 slots: 0x00000299bfa29086 is at code_begin+3078 in an Interpreter codelet
return entry points  [0x00000299bfa28480, 0x00000299bfa2a298]  7704 bytes
stack at sp + 1 slots: 0x000000c63fffdb50 is pointing into the stack for thread: 0x00000299cd441060
stack at sp + 2 slots: 0x00000299d172be1f is pointing into metadata
stack at sp + 3 slots: 0x0000000000000004 is an unknown value
stack at sp + 4 slots: 0x00000299d10b0fd8 is pointing into metadata
stack at sp + 5 slots: 0x0000000604d35c70 is an oop: java.lang.Class 
{0x0000000604d35c70} - klass: 'java/lang/Class'
 - ---- fields (total size 14 words):
 - private volatile transient 'classRedefinedCount' 'I' @12  1 (0x00000001)
 - injected 'klass' 'J' @16  2859677746184 (0x00000299d2138408)
 - injected 'array_klass' 'J' @24  0 (0x0000000000000000)
 - injected 'oop_size' 'I' @32  14 (0x0000000e)
 - injected 'static_oop_field_count' 'I' @36  0 (0x00000000)
 - private volatile transient 'cachedConstructor' 'Ljava/lang/reflect/Constructor;' @40  null (0x00000000)
 - private transient 'name' 'Ljava/lang/String;' @44  "com.permansys.controller.EmployeeController"{0x0000000604da7958} (0xc09b4f2b)
 - private transient 'module' 'Ljava/lang/Module;' @48  a 'java/lang/Module'{0x000000060507f7f8} (0xc0a0feff)
 - private final 'classLoader' 'Ljava/lang/ClassLoader;' @52  a 'org/springframework/boot/devtools/restart/classloader/RestartClassLoader'{0x00000006050010a0} (0xc0a00214)
 - private transient 'classData' 'Ljava/lang/Object;' @56  null (0x00000000)
 - private transient 'packageName' 'Ljava/lang/String;' @60  "com.permansys.controller"{0x0000000604da7908} (0xc09b4f21)
 - private final 'componentType' 'Ljava/lang/Class;' @64  null (0x00000000)
 - private volatile transient 'reflectionData' 'Ljava/lang/ref/SoftReference;' @68  a 'java/lang/ref/SoftReference'{0x0000000608fa9470} (0xc11f528e)
 - private volatile transient 'genericInfo' 'Lsun/reflect/generics/repository/ClassRepository;' @72  null (0x00000000)
 - private volatile transient 'enumConstants' '[Ljava/lang/Object;' @76  null (0x00000000)
 - private volatile transient 'enumConstantDirectory' 'Ljava/util/Map;' @80  null (0x00000000)
 - private volatile transient 'annotationData' 'Ljava/lang/Class$AnnotationData;' @84  a 'java/lang/Class$AnnotationData'{0x0000000608fa9360} (0xc11f526c)
 - private volatile transient 'annotationType' 'Lsun/reflect/annotation/AnnotationType;' @88  null (0x00000000)
 - transient 'classValueMap' 'Ljava/lang/ClassValue$ClassValueMap;' @92  null (0x00000000)
 - injected 'protection_domain' 'Ljava/lang/Object;' @96  a 'java/security/ProtectionDomain'{0x000000060515fb10} (0xc0a2bf62)
 - injected 'signers_name' 'Ljava/lang/Object;' @100  null (0x00000000)
 - injected 'source_file' 'Ljava/lang/Object;' @104  null (0x00000000)
 - injected '<init_lock>' 'Ljava/lang/Object;' @108  null (0x00000000)
 - signature: Lcom/permansys/controller/EmployeeController;
 - ---- static fields (0):
stack at sp + 6 slots: 0x0000000604b4d948 is an oop: java.lang.Class 
{0x0000000604b4d948} - klass: 'java/lang/Class'
 - ---- fields (total size 14 words):
 - private volatile transient 'classRedefinedCount' 'I' @12  0 (0x00000000)
 - injected 'klass' 'J' @16  2859660413872 (0x00000299d10b0bb0)
 - injected 'array_klass' 'J' @24  0 (0x0000000000000000)
 - injected 'oop_size' 'I' @32  14 (0x0000000e)
 - injected 'static_oop_field_count' 'I' @36  0 (0x00000000)
 - private volatile transient 'cachedConstructor' 'Ljava/lang/reflect/Constructor;' @40  null (0x00000000)
 - private transient 'name' 'Ljava/lang/String;' @44  null (0x00000000)
 - private transient 'module' 'Ljava/lang/Module;' @48  a 'java/lang/Module'{0x0000000604b512d8} (0xc096a25b)
 - private final 'classLoader' 'Ljava/lang/ClassLoader;' @52  null (0x00000000)
 - private transient 'classData' 'Ljava/lang/Object;' @56  null (0x00000000)
 - private transient 'packageName' 'Ljava/lang/String;' @60  null (0x00000000)
 - private final 'componentType' 'Ljava/lang/Class;' @64  null (0x00000000)
 - private volatile transient 'reflectionData' 'Ljava/lang/ref/SoftReference;' @68  null (0x00000000)
 - private volatile transient 'genericInfo' 'Lsun/reflect/generics/repository/ClassRepository;' @72  null (0x00000000)
 - private volatile transient 'enumConstants' '[Ljava/lang/Object;' @76  null (0x00000000)
 - private volatile transient 'enumConstantDirectory' 'Ljava/util/Map;' @80  null (0x00000000)
 - private volatile transient 'annotationData' 'Ljava/lang/Class$AnnotationData;' @84  null (0x00000000)
 - private volatile transient 'annotationType' 'Lsun/reflect/annotation/AnnotationType;' @88  null (0x00000000)
 - transient 'classValueMap' 'Ljava/lang/ClassValue$ClassValueMap;' @92  null (0x00000000)
 - injected 'protection_domain' 'Ljava/lang/Object;' @96  null (0x00000000)
 - injected 'signers_name' 'Ljava/lang/Object;' @100  null (0x00000000)
 - injected 'source_file' 'Ljava/lang/Object;' @104  null (0x00000000)
 - injected '<init_lock>' 'Ljava/lang/Object;' @108  null (0x00000000)
 - signature: Ljava/lang/invoke/DirectMethodHandle$Holder;
 - ---- static fields (0):
stack at sp + 7 slots: {method} {0x00000299d10b5b28} 'newInvokeSpecial' '(Ljava/lang/Object;)Ljava/lang/Object;' in 'java/lang/invoke/DirectMethodHandle$Holder'

MethodHandle::interpreter_entry::_linkToSpecial [0x00000299bfa5100c, 0x00000299bfa5105b] (79 bytes)
[MachCode]
  0x00000299bfa5100c: 6666 660f | 1f84 0000 | 0000 0066 | 6666 900f | 1f44 0000 | 488b 5308 | 0fb7 522e | 488b 0cd4 
  0x00000299bfa5102c: 585b 5048 | 3b01 8b5b | 2448 c1e3 | 0348 8b5b | 1048 85db | 0f84 1000 | 0000 4180 | bfd8 0500 
  0x00000299bfa5104c: 0000 7403 | ff63 38ff | 6350 e9a5 | 
[/MachCode]

---------------  P R O C E S S  ---------------

Threads class SMR info:
_java_thread_list=0x0000029a18171ef0, length=29, elements={
0x00000299bbf559f0, 0x00000299d04eade0, 0x00000299d04ebcf0, 0x00000299d04ef1e0,
0x00000299d04f1fa0, 0x00000299d04f29f0, 0x00000299cd43f620, 0x00000299d04f47d0,
0x00000299cd442410, 0x00000299d05d85d0, 0x00000299d0640150, 0x00000299d0673540,
0x00000299d0677b50, 0x00000299cd4409d0, 0x00000299cd43ef90, 0x00000299cd441d80,
0x00000299cd43fcb0, 0x00000299cd440340, 0x00000299cd441060, 0x0000029a16f8c4c0,
0x0000029a16f87c90, 0x0000029a16f8f2b0, 0x0000029a16f8aa80, 0x0000029a16f89d60,
0x0000029a16f8d1e0, 0x0000029a16f8cb50, 0x0000029a16f88320, 0x0000029a16f89040,
0x0000029a16f889b0
}

Java Threads: ( => current thread )
  0x00000299bbf559f0 JavaThread "main"                              [_thread_blocked, id=18852, stack(0x000000c63d800000,0x000000c63d900000) (1024K)]
  0x00000299d04eade0 JavaThread "Reference Handler"          daemon [_thread_blocked, id=5568, stack(0x000000c63e000000,0x000000c63e100000) (1024K)]
  0x00000299d04ebcf0 JavaThread "Finalizer"                  daemon [_thread_blocked, id=9604, stack(0x000000c63e100000,0x000000c63e200000) (1024K)]
  0x00000299d04ef1e0 JavaThread "Signal Dispatcher"          daemon [_thread_blocked, id=21080, stack(0x000000c63e200000,0x000000c63e300000) (1024K)]
  0x00000299d04f1fa0 JavaThread "Attach Listener"            daemon [_thread_blocked, id=12800, stack(0x000000c63e300000,0x000000c63e400000) (1024K)]
  0x00000299d04f29f0 JavaThread "Service Thread"             daemon [_thread_blocked, id=17988, stack(0x000000c63e400000,0x000000c63e500000) (1024K)]
  0x00000299cd43f620 JavaThread "Monitor Deflation Thread"   daemon [_thread_blocked, id=22736, stack(0x000000c63e500000,0x000000c63e600000) (1024K)]
  0x00000299d04f47d0 JavaThread "C1 CompilerThread0"         daemon [_thread_blocked, id=13624, stack(0x000000c63e600000,0x000000c63e700000) (1024K)]
  0x00000299cd442410 JavaThread "Common-Cleaner"             daemon [_thread_blocked, id=24124, stack(0x000000c63e700000,0x000000c63e800000) (1024K)]
  0x00000299d05d85d0 JavaThread "C1 CompilerThread1"         daemon [_thread_blocked, id=23348, stack(0x000000c63e800000,0x000000c63e900000) (1024K)]
  0x00000299d0640150 JavaThread "JDWP Transport Listener: dt_socket" daemon [_thread_blocked, id=20208, stack(0x000000c63ea00000,0x000000c63eb00000) (1024K)]
  0x00000299d0673540 JavaThread "JDWP Event Helper Thread"   daemon [_thread_blocked, id=18072, stack(0x000000c63eb00000,0x000000c63ec00000) (1024K)]
  0x00000299d0677b50 JavaThread "JDWP Command Reader"        daemon [_thread_in_native, id=24312, stack(0x000000c63ec00000,0x000000c63ed00000) (1024K)]
  0x00000299cd4409d0 JavaThread "Notification Thread"        daemon [_thread_blocked, id=18452, stack(0x000000c63ed00000,0x000000c63ee00000) (1024K)]
  0x00000299cd43ef90 JavaThread "RMI TCP Accept-0"           daemon [_thread_in_native, id=5444, stack(0x000000c63ef00000,0x000000c63f000000) (1024K)]
  0x00000299cd441d80 JavaThread "RMI TCP Accept-65226"       daemon [_thread_in_native, id=23812, stack(0x000000c63f000000,0x000000c63f100000) (1024K)]
  0x00000299cd43fcb0 JavaThread "RMI TCP Accept-0"           daemon [_thread_in_native, id=22308, stack(0x000000c63fc00000,0x000000c63fd00000) (1024K)]
  0x00000299cd440340 JavaThread "Thread-0"                          [_thread_blocked, id=13088, stack(0x000000c63fe00000,0x000000c63ff00000) (1024K)]
=>0x00000299cd441060 JavaThread "restartedMain"                     [_thread_in_Java, id=4220, stack(0x000000c63ff00000,0x000000c640000000) (1024K)]
  0x0000029a16f8c4c0 JavaThread "RMI TCP Connection(1)-127.0.0.1" daemon [_thread_in_native, id=22924, stack(0x000000c640a00000,0x000000c640b00000) (1024K)]
  0x0000029a16f87c90 JavaThread "RMI Scheduler(0)"           daemon [_thread_blocked, id=3028, stack(0x000000c640b00000,0x000000c640c00000) (1024K)]
  0x0000029a16f8f2b0 JavaThread "RMI TCP Connection(2)-127.0.0.1" daemon [_thread_in_native, id=19080, stack(0x000000c640c00000,0x000000c640d00000) (1024K)]
  0x0000029a16f8aa80 JavaThread "JMX server connection timeout 61" daemon [_thread_blocked, id=20764, stack(0x000000c640d00000,0x000000c640e00000) (1024K)]
  0x0000029a16f89d60 JavaThread "Catalina-utility-1"                [_thread_blocked, id=23472, stack(0x000000c640000000,0x000000c640100000) (1024K)]
  0x0000029a16f8d1e0 JavaThread "Catalina-utility-2"                [_thread_blocked, id=20016, stack(0x000000c640e00000,0x000000c640f00000) (1024K)]
  0x0000029a16f8cb50 JavaThread "container-0"                       [_thread_blocked, id=13196, stack(0x000000c640f00000,0x000000c641000000) (1024K)]
  0x0000029a16f88320 JavaThread "PostgreSQL-JDBC-Cleaner"    daemon [_thread_blocked, id=24488, stack(0x000000c641100000,0x000000c641200000) (1024K)]
  0x0000029a16f89040 JavaThread "HikariPool-1 housekeeper"   daemon [_thread_blocked, id=13132, stack(0x000000c641200000,0x000000c641300000) (1024K)]
  0x0000029a16f889b0 JavaThread "HikariPool-1 connection adder" daemon [_thread_blocked, id=22436, stack(0x000000c641300000,0x000000c641400000) (1024K)]
Total: 29

Other Threads:
  0x00000299cd41bcd0 VMThread "VM Thread"                           [id=18936, stack(0x000000c63df00000,0x000000c63e000000) (1024K)]
  0x00000299cd40d8e0 WatcherThread "VM Periodic Task Thread"        [id=1164, stack(0x000000c63de00000,0x000000c63df00000) (1024K)]
  0x00000299cd290800 WorkerThread "GC Thread#0"                     [id=13828, stack(0x000000c63d900000,0x000000c63da00000) (1024K)]
  0x0000029a16470dc0 WorkerThread "GC Thread#1"                     [id=8796, stack(0x000000c63f100000,0x000000c63f200000) (1024K)]
  0x0000029a1649fad0 WorkerThread "GC Thread#2"                     [id=7304, stack(0x000000c63f200000,0x000000c63f300000) (1024K)]
  0x0000029a1649fe70 WorkerThread "GC Thread#3"                     [id=17216, stack(0x000000c63f300000,0x000000c63f400000) (1024K)]
  0x0000029a164a4220 WorkerThread "GC Thread#4"                     [id=19680, stack(0x000000c63f400000,0x000000c63f500000) (1024K)]
  0x0000029a164a45c0 WorkerThread "GC Thread#5"                     [id=17656, stack(0x000000c63f500000,0x000000c63f600000) (1024K)]
  0x0000029a164acd70 WorkerThread "GC Thread#6"                     [id=8420, stack(0x000000c63f600000,0x000000c63f700000) (1024K)]
  0x0000029a164b1120 WorkerThread "GC Thread#7"                     [id=11576, stack(0x000000c63f700000,0x000000c63f800000) (1024K)]
  0x0000029a164b14c0 WorkerThread "GC Thread#8"                     [id=2564, stack(0x000000c63f800000,0x000000c63f900000) (1024K)]
  0x0000029a164b2ad0 WorkerThread "GC Thread#9"                     [id=21732, stack(0x000000c63f900000,0x000000c63fa00000) (1024K)]
  0x0000029a164b18b0 WorkerThread "GC Thread#10"                    [id=12688, stack(0x000000c63fa00000,0x000000c63fb00000) (1024K)]
  0x0000029a164b2e70 WorkerThread "GC Thread#11"                    [id=6720, stack(0x000000c63fb00000,0x000000c63fc00000) (1024K)]
  0x0000029a164b3210 WorkerThread "GC Thread#12"                    [id=4308, stack(0x000000c63fd00000,0x000000c63fe00000) (1024K)]
  0x0000029a164b1ff0 WorkerThread "GC Thread#13"                    [id=15064, stack(0x000000c640100000,0x000000c640200000) (1024K)]
  0x0000029a164b2390 WorkerThread "GC Thread#14"                    [id=23760, stack(0x000000c640200000,0x000000c640300000) (1024K)]
  0x00000299bbfce320 ConcurrentGCThread "G1 Main Marker"            [id=22828, stack(0x000000c63da00000,0x000000c63db00000) (1024K)]
  0x00000299cd2916a0 WorkerThread "G1 Conc#0"                       [id=23420, stack(0x000000c63db00000,0x000000c63dc00000) (1024K)]
  0x0000029a164b2730 WorkerThread "G1 Conc#1"                       [id=21448, stack(0x000000c640700000,0x000000c640800000) (1024K)]
  0x0000029a1708acb0 WorkerThread "G1 Conc#2"                       [id=7244, stack(0x000000c640800000,0x000000c640900000) (1024K)]
  0x0000029a1708d0f0 WorkerThread "G1 Conc#3"                       [id=19880, stack(0x000000c640900000,0x000000c640a00000) (1024K)]
  0x00000299cd363260 ConcurrentGCThread "G1 Refine#0"               [id=24376, stack(0x000000c63dc00000,0x000000c63dd00000) (1024K)]
  0x00000299cd363ce0 ConcurrentGCThread "G1 Service"                [id=19892, stack(0x000000c63dd00000,0x000000c63de00000) (1024K)]
Total: 24

Threads with active compile tasks:
Total: 0

VM state: not at safepoint (normal execution)

VM Mutex/Monitor currently owned by a thread: None

Heap address: 0x0000000604800000, size: 8120 MB, Compressed Oops mode: Zero based, Oop shift amount: 3

CDS archive(s) mapped at: [0x00000299d1000000-0x00000299d1c80000-0x00000299d1c80000), size 13107200, SharedBaseAddress: 0x00000299d1000000, ArchiveRelocationMode: 1.
Compressed class space mapped at: 0x00000299d2000000-0x0000029a12000000, reserved size: 1073741824
Narrow klass base: 0x00000299d1000000, Narrow klass shift: 0, Narrow klass range: 0x100000000

GC Precious Log:
 CardTable entry size: 512
 Card Set container configuration: InlinePtr #cards 4 size 8 Array Of Cards #cards 32 size 80 Howl #buckets 8 coarsen threshold 7372 Howl Bitmap #cards 1024 size 144 coarsen threshold 921 Card regions per heap region 1 cards per card region 8192
 CPUs: 20 total, 20 available
 Memory: 32468M
 Large Page Support: Disabled
 NUMA Support: Disabled
 Compressed Oops: Enabled (Zero based)
 Heap Region Size: 4M
 Heap Min Capacity: 8M
 Heap Initial Capacity: 508M
 Heap Max Capacity: 8120M
 Pre-touch: Disabled
 Parallel Workers: 15
 Concurrent Workers: 4
 Concurrent Refinement Workers: 15
 Periodic GC: Disabled

Heap:
 garbage-first heap   total 90112K, used 43915K [0x0000000604800000, 0x0000000800000000)
  region size 4096K, 8 young (32768K), 2 survivors (8192K)
 Metaspace       used 53402K, committed 54016K, reserved 1114112K
  class space    used 7406K, committed 7680K, reserved 1048576K

Heap Regions: E=young(eden), S=young(survivor), O=old, HS=humongous(starts), HC=humongous(continues), CS=collection set, F=free, TAMS=top-at-mark-start, PB=parsable bottom
|   0|0x0000000604800000, 0x0000000604c00000, 0x0000000604c00000|100%| O|  |TAMS 0x0000000604800000| PB 0x0000000604800000| Untracked 
|   1|0x0000000604c00000, 0x0000000605000000, 0x0000000605000000|100%| O|  |TAMS 0x0000000604c00000| PB 0x0000000604c00000| Untracked 
|   2|0x0000000605000000, 0x0000000605400000, 0x0000000605400000|100%| O|  |TAMS 0x0000000605000000| PB 0x0000000605000000| Untracked 
|   3|0x0000000605400000, 0x0000000605400000, 0x0000000605800000|  0%| F|  |TAMS 0x0000000605400000| PB 0x0000000605400000| Untracked 
|   4|0x0000000605800000, 0x0000000605bb1510, 0x0000000605c00000| 92%| O|Cm|TAMS 0x0000000605800000| PB 0x0000000605800000| Complete 
|   5|0x0000000605c00000, 0x0000000605c00000, 0x0000000606000000|  0%| F|  |TAMS 0x0000000605c00000| PB 0x0000000605c00000| Untracked 
|   6|0x0000000606000000, 0x0000000606000000, 0x0000000606400000|  0%| F|  |TAMS 0x0000000606000000| PB 0x0000000606000000| Untracked 
|   7|0x0000000606400000, 0x0000000606400000, 0x0000000606800000|  0%| F|  |TAMS 0x0000000606400000| PB 0x0000000606400000| Untracked 
|   8|0x0000000606800000, 0x0000000606800000, 0x0000000606c00000|  0%| F|  |TAMS 0x0000000606800000| PB 0x0000000606800000| Untracked 
|   9|0x0000000606c00000, 0x0000000606c00000, 0x0000000607000000|  0%| F|  |TAMS 0x0000000606c00000| PB 0x0000000606c00000| Untracked 
|  10|0x0000000607000000, 0x0000000607000000, 0x0000000607400000|  0%| F|  |TAMS 0x0000000607000000| PB 0x0000000607000000| Untracked 
|  11|0x0000000607400000, 0x0000000607400000, 0x0000000607800000|  0%| F|  |TAMS 0x0000000607400000| PB 0x0000000607400000| Untracked 
|  12|0x0000000607800000, 0x0000000607800000, 0x0000000607c00000|  0%| F|  |TAMS 0x0000000607800000| PB 0x0000000607800000| Untracked 
|  13|0x0000000607c00000, 0x0000000607c00000, 0x0000000608000000|  0%| F|  |TAMS 0x0000000607c00000| PB 0x0000000607c00000| Untracked 
|  14|0x0000000608000000, 0x00000006082c7d88, 0x0000000608400000| 69%| E|  |TAMS 0x0000000608000000| PB 0x0000000608000000| Complete 
|  15|0x0000000608400000, 0x0000000608800000, 0x0000000608800000|100%| E|CS|TAMS 0x0000000608400000| PB 0x0000000608400000| Complete 
|  16|0x0000000608800000, 0x0000000608c00000, 0x0000000608c00000|100%| E|CS|TAMS 0x0000000608800000| PB 0x0000000608800000| Complete 
|  17|0x0000000608c00000, 0x0000000609000000, 0x0000000609000000|100%| S|CS|TAMS 0x0000000608c00000| PB 0x0000000608c00000| Complete 
|  18|0x0000000609000000, 0x0000000609331aa0, 0x0000000609400000| 79%| S|CS|TAMS 0x0000000609000000| PB 0x0000000609000000| Complete 
|  51|0x0000000611400000, 0x0000000611800000, 0x0000000611800000|100%| E|CS|TAMS 0x0000000611400000| PB 0x0000000611400000| Complete 
|  52|0x0000000611800000, 0x0000000611c00000, 0x0000000611c00000|100%| E|CS|TAMS 0x0000000611800000| PB 0x0000000611800000| Complete 
| 126|0x0000000624000000, 0x0000000624400000, 0x0000000624400000|100%| E|CS|TAMS 0x0000000624000000| PB 0x0000000624000000| Complete 

Card table byte_map: [0x00000299c4280000,0x00000299c5260000] _byte_map_base: 0x00000299c125c000

Marking Bits: (CMBitMap*) 0x00000299bbfbdc80
 Bits: [0x00000299c5260000, 0x00000299cd140000)

Polling page: 0x00000299bb6d0000

Metaspace:

Usage:
  Non-class:     44.92 MB used.
      Class:      7.23 MB used.
       Both:     52.15 MB used.

Virtual space:
  Non-class space:       64.00 MB reserved,      45.25 MB ( 71%) committed,  1 nodes.
      Class space:        1.00 GB reserved,       7.50 MB ( <1%) committed,  1 nodes.
             Both:        1.06 GB reserved,      52.75 MB (  5%) committed. 

Chunk freelists:
   Non-Class:  2.57 MB
       Class:  8.45 MB
        Both:  11.02 MB

MaxMetaspaceSize: unlimited
CompressedClassSpaceSize: 1.00 GB
Initial GC threshold: 21.00 MB
Current GC threshold: 75.94 MB
CDS: on
 - commit_granule_bytes: 65536.
 - commit_granule_words: 8192.
 - virtual_space_node_default_size: 8388608.
 - enlarge_chunks_in_place: 1.
 - use_allocation_guard: 0.


Internal statistics:

num_allocs_failed_limit: 6.
num_arena_births: 860.
num_arena_deaths: 0.
num_vsnodes_births: 2.
num_vsnodes_deaths: 0.
num_space_committed: 844.
num_space_uncommitted: 0.
num_chunks_returned_to_freelist: 6.
num_chunks_taken_from_freelist: 2735.
num_chunk_merges: 6.
num_chunk_splits: 1952.
num_chunks_enlarged: 1498.
num_inconsistent_stats: 0.

CodeCache: size=49152Kb used=10258Kb max_used=13574Kb free=38893Kb
 bounds [0x00000299bfa20000, 0x00000299c0770000, 0x00000299c2a20000]
 total_blobs=5657 nmethods=4998 adapters=582
 compilation: enabled
              stopped_count=0, restarted_count=0
 full_count=0

Compilation events (20 events):
Event: 7.399 Thread 0x00000299d04f47d0 5049       1       sun.rmi.runtime.Log$LoggerLog::isLoggable (9 bytes)
Event: 7.399 Thread 0x00000299d04f47d0 nmethod 5049 0x00000299c02d6690 code [0x00000299c02d6820, 0x00000299c02d6930]
Event: 7.400 Thread 0x00000299d05d85d0 5050       1       java.io.ObjectInputStream$PeekInputStream::peek (49 bytes)
Event: 7.400 Thread 0x00000299d04f47d0 5051       1       java.io.ObjectInputStream$BlockDataInputStream::readByte (20 bytes)
Event: 7.400 Thread 0x00000299d05d85d0 nmethod 5050 0x00000299c02d6310 code [0x00000299c02d64c0, 0x00000299c02d6620]
Event: 7.400 Thread 0x00000299d05d85d0 5052       1       java.io.ObjectInputStream$BlockDataInputStream::read (62 bytes)
Event: 7.400 Thread 0x00000299d04f47d0 nmethod 5051 0x00000299c02d5e90 code [0x00000299c02d6040, 0x00000299c02d61f8]
Event: 7.400 Thread 0x00000299d04f47d0 5053       1       java.io.ObjectInputStream$PeekInputStream::read (47 bytes)
Event: 7.400 Thread 0x00000299d04f47d0 nmethod 5053 0x00000299c02d5b10 code [0x00000299c02d5cc0, 0x00000299c02d5e20]
Event: 7.400 Thread 0x00000299d05d85d0 nmethod 5052 0x00000299c02d5610 code [0x00000299c02d57e0, 0x00000299c02d59c8]
Event: 7.400 Thread 0x00000299d04f47d0 5054       1       java.lang.invoke.VarHandleByteArrayAsLongs$ArrayHandle::index (13 bytes)
Event: 7.400 Thread 0x00000299d05d85d0 5055       1       java.lang.Long::reverseBytes (46 bytes)
Event: 7.400 Thread 0x00000299d05d85d0 nmethod 5055 0x00000299c02d5310 code [0x00000299c02d54a0, 0x00000299c02d55b0]
Event: 7.400 Thread 0x00000299d04f47d0 nmethod 5054 0x00000299c02d4f90 code [0x00000299c02d5120, 0x00000299c02d5210]
Event: 7.695 Thread 0x00000299d04f47d0 5056       1       java.nio.DirectByteBuffer::address (42 bytes)
Event: 7.695 Thread 0x00000299d04f47d0 nmethod 5056 0x00000299c02d4910 code [0x00000299c02d4b00, 0x00000299c02d4e00]
Event: 7.696 Thread 0x00000299d05d85d0 5058       1       sun.util.logging.internal.LoggingProviderImpl$JULWrapper::toJUL (40 bytes)
Event: 7.696 Thread 0x00000299d04f47d0 5057       1       java.util.concurrent.locks.ReentrantReadWriteLock::readLock (5 bytes)
Event: 7.696 Thread 0x00000299d05d85d0 nmethod 5058 0x00000299c02d4590 code [0x00000299c02d4740, 0x00000299c02d4860]
Event: 7.696 Thread 0x00000299d04f47d0 nmethod 5057 0x00000299c02d4290 code [0x00000299c02d4420, 0x00000299c02d44f0]

GC Heap History (20 events):
Event: 0.913 GC heap before
{Heap before GC invocations=3 (full 0):
 garbage-first heap   total 520192K, used 18690K [0x0000000604800000, 0x0000000800000000)
  region size 4096K, 4 young (16384K), 1 survivors (4096K)
 Metaspace       used 16297K, committed 16640K, reserved 1114112K
  class space    used 2022K, committed 2176K, reserved 1048576K
}
Event: 0.916 GC heap after
{Heap after GC invocations=4 (full 0):
 garbage-first heap   total 520192K, used 11019K [0x0000000604800000, 0x0000000800000000)
  region size 4096K, 1 young (4096K), 1 survivors (4096K)
 Metaspace       used 16297K, committed 16640K, reserved 1114112K
  class space    used 2022K, committed 2176K, reserved 1048576K
}
Event: 0.965 GC heap before
{Heap before GC invocations=5 (full 0):
 garbage-first heap   total 40960K, used 39691K [0x0000000604800000, 0x0000000800000000)
  region size 4096K, 8 young (32768K), 1 survivors (4096K)
 Metaspace       used 18233K, committed 18496K, reserved 1114112K
  class space    used 2271K, committed 2368K, reserved 1048576K
}
Event: 0.968 GC heap after
{Heap after GC invocations=6 (full 0):
 garbage-first heap   total 49152K, used 11630K [0x0000000604800000, 0x0000000800000000)
  region size 4096K, 2 young (8192K), 2 survivors (8192K)
 Metaspace       used 18233K, committed 18496K, reserved 1114112K
  class space    used 2271K, committed 2368K, reserved 1048576K
}
Event: 0.992 GC heap before
{Heap before GC invocations=6 (full 0):
 garbage-first heap   total 49152K, used 32110K [0x0000000604800000, 0x0000000800000000)
  region size 4096K, 7 young (28672K), 2 survivors (8192K)
 Metaspace       used 19789K, committed 20224K, reserved 1114112K
  class space    used 2487K, committed 2688K, reserved 1048576K
}
Event: 0.994 GC heap after
{Heap after GC invocations=7 (full 0):
 garbage-first heap   total 49152K, used 11897K [0x0000000604800000, 0x0000000800000000)
  region size 4096K, 1 young (4096K), 1 survivors (4096K)
 Metaspace       used 19789K, committed 20224K, reserved 1114112K
  class space    used 2487K, committed 2688K, reserved 1048576K
}
Event: 1.065 GC heap before
{Heap before GC invocations=7 (full 0):
 garbage-first heap   total 49152K, used 36473K [0x0000000604800000, 0x0000000800000000)
  region size 4096K, 7 young (28672K), 1 survivors (4096K)
 Metaspace       used 21928K, committed 22336K, reserved 1114112K
  class space    used 2773K, committed 2944K, reserved 1048576K
}
Event: 1.067 GC heap after
{Heap after GC invocations=8 (full 0):
 garbage-first heap   total 286720K, used 13314K [0x0000000604800000, 0x0000000800000000)
  region size 4096K, 1 young (4096K), 1 survivors (4096K)
 Metaspace       used 21928K, committed 22336K, reserved 1114112K
  class space    used 2773K, committed 2944K, reserved 1048576K
}
Event: 1.569 GC heap before
{Heap before GC invocations=8 (full 0):
 garbage-first heap   total 286720K, used 103426K [0x0000000604800000, 0x0000000800000000)
  region size 4096K, 24 young (98304K), 1 survivors (4096K)
 Metaspace       used 27283K, committed 27776K, reserved 1114112K
  class space    used 3555K, committed 3776K, reserved 1048576K
}
Event: 1.572 GC heap after
{Heap after GC invocations=9 (full 0):
 garbage-first heap   total 286720K, used 16782K [0x0000000604800000, 0x0000000800000000)
  region size 4096K, 2 young (8192K), 2 survivors (8192K)
 Metaspace       used 27283K, committed 27776K, reserved 1114112K
  class space    used 3555K, committed 3776K, reserved 1048576K
}
Event: 1.802 GC heap before
{Heap before GC invocations=10 (full 0):
 garbage-first heap   total 69632K, used 65934K [0x0000000604800000, 0x0000000800000000)
  region size 4096K, 14 young (57344K), 2 survivors (8192K)
 Metaspace       used 30936K, committed 31488K, reserved 1114112K
  class space    used 4086K, committed 4352K, reserved 1048576K
}
Event: 1.806 GC heap after
{Heap after GC invocations=11 (full 0):
 garbage-first heap   total 81920K, used 19778K [0x0000000604800000, 0x0000000800000000)
  region size 4096K, 3 young (12288K), 3 survivors (12288K)
 Metaspace       used 30936K, committed 31488K, reserved 1114112K
  class space    used 4086K, committed 4352K, reserved 1048576K
}
Event: 1.981 GC heap before
{Heap before GC invocations=11 (full 0):
 garbage-first heap   total 81920K, used 56642K [0x0000000604800000, 0x0000000800000000)
  region size 4096K, 12 young (49152K), 3 survivors (12288K)
 Metaspace       used 33722K, committed 34368K, reserved 1114112K
  class space    used 4455K, committed 4736K, reserved 1048576K
}
Event: 1.985 GC heap after
{Heap after GC invocations=12 (full 0):
 garbage-first heap   total 81920K, used 19991K [0x0000000604800000, 0x0000000800000000)
  region size 4096K, 1 young (4096K), 1 survivors (4096K)
 Metaspace       used 33722K, committed 34368K, reserved 1114112K
  class space    used 4455K, committed 4736K, reserved 1048576K
}
Event: 2.139 GC heap before
{Heap before GC invocations=12 (full 0):
 garbage-first heap   total 81920K, used 65047K [0x0000000604800000, 0x0000000800000000)
  region size 4096K, 12 young (49152K), 1 survivors (4096K)
 Metaspace       used 37703K, committed 38272K, reserved 1114112K
  class space    used 5085K, committed 5312K, reserved 1048576K
}
Event: 2.142 GC heap after
{Heap after GC invocations=13 (full 0):
 garbage-first heap   total 303104K, used 20622K [0x0000000604800000, 0x0000000800000000)
  region size 4096K, 2 young (8192K), 2 survivors (8192K)
 Metaspace       used 37703K, committed 38272K, reserved 1114112K
  class space    used 5085K, committed 5312K, reserved 1048576K
}
Event: 2.740 GC heap before
{Heap before GC invocations=13 (full 0):
 garbage-first heap   total 303104K, used 98446K [0x0000000604800000, 0x0000000800000000)
  region size 4096K, 23 young (94208K), 2 survivors (8192K)
 Metaspace       used 45814K, committed 46400K, reserved 1114112K
  class space    used 6105K, committed 6400K, reserved 1048576K
}
Event: 2.744 GC heap after
{Heap after GC invocations=14 (full 0):
 garbage-first heap   total 303104K, used 22401K [0x0000000604800000, 0x0000000800000000)
  region size 4096K, 2 young (8192K), 2 survivors (8192K)
 Metaspace       used 45814K, committed 46400K, reserved 1114112K
  class space    used 6105K, committed 6400K, reserved 1048576K
}
Event: 3.001 GC heap before
{Heap before GC invocations=15 (full 0):
 garbage-first heap   total 81920K, used 79745K [0x0000000604800000, 0x0000000800000000)
  region size 4096K, 16 young (65536K), 2 survivors (8192K)
 Metaspace       used 51514K, committed 52160K, reserved 1114112K
  class space    used 7120K, committed 7424K, reserved 1048576K
}
Event: 3.005 GC heap after
{Heap after GC invocations=16 (full 0):
 garbage-first heap   total 90112K, used 23435K [0x0000000604800000, 0x0000000800000000)
  region size 4096K, 2 young (8192K), 2 survivors (8192K)
 Metaspace       used 51514K, committed 52160K, reserved 1114112K
  class space    used 7120K, committed 7424K, reserved 1048576K
}

Dll operation events (12 events):
Event: 0.019 Loaded shared library C:\IDE\sts-4.27.0.RELEASE\plugins\org.eclipse.justj.openjdk.hotspot.jre.full.win32.x86_64_21.0.5.v20241023-1957\jre\bin\java.dll
Event: 0.053 Loaded shared library C:\IDE\sts-4.27.0.RELEASE\plugins\org.eclipse.justj.openjdk.hotspot.jre.full.win32.x86_64_21.0.5.v20241023-1957\jre\bin\zip.dll
Event: 0.171 Loaded shared library C:\IDE\sts-4.27.0.RELEASE\plugins\org.eclipse.justj.openjdk.hotspot.jre.full.win32.x86_64_21.0.5.v20241023-1957\jre\bin\instrument.dll
Event: 0.177 Loaded shared library C:\IDE\sts-4.27.0.RELEASE\plugins\org.eclipse.justj.openjdk.hotspot.jre.full.win32.x86_64_21.0.5.v20241023-1957\jre\bin\net.dll
Event: 0.179 Loaded shared library C:\IDE\sts-4.27.0.RELEASE\plugins\org.eclipse.justj.openjdk.hotspot.jre.full.win32.x86_64_21.0.5.v20241023-1957\jre\bin\nio.dll
Event: 0.181 Loaded shared library C:\IDE\sts-4.27.0.RELEASE\plugins\org.eclipse.justj.openjdk.hotspot.jre.full.win32.x86_64_21.0.5.v20241023-1957\jre\bin\zip.dll
Event: 0.302 Loaded shared library C:\IDE\sts-4.27.0.RELEASE\plugins\org.eclipse.justj.openjdk.hotspot.jre.full.win32.x86_64_21.0.5.v20241023-1957\jre\bin\jimage.dll
Event: 0.326 Loaded shared library C:\IDE\sts-4.27.0.RELEASE\plugins\org.eclipse.justj.openjdk.hotspot.jre.full.win32.x86_64_21.0.5.v20241023-1957\jre\bin\management.dll
Event: 0.332 Loaded shared library C:\IDE\sts-4.27.0.RELEASE\plugins\org.eclipse.justj.openjdk.hotspot.jre.full.win32.x86_64_21.0.5.v20241023-1957\jre\bin\management_ext.dll
Event: 0.479 Loaded shared library C:\IDE\sts-4.27.0.RELEASE\plugins\org.eclipse.justj.openjdk.hotspot.jre.full.win32.x86_64_21.0.5.v20241023-1957\jre\bin\extnet.dll
Event: 0.498 Loaded shared library C:\IDE\sts-4.27.0.RELEASE\plugins\org.eclipse.justj.openjdk.hotspot.jre.full.win32.x86_64_21.0.5.v20241023-1957\jre\bin\verify.dll
Event: 1.056 Loaded shared library C:\IDE\sts-4.27.0.RELEASE\plugins\org.eclipse.justj.openjdk.hotspot.jre.full.win32.x86_64_21.0.5.v20241023-1957\jre\bin\sunmscapi.dll

Deoptimization events (20 events):
Event: 5.676 Thread 0x0000029a16f8f2b0 DEOPT PACKING pc=0x00000299c00bf9f4 sp=0x000000c640cfe9b0
Event: 5.676 Thread 0x0000029a16f8f2b0 DEOPT UNPACKING pc=0x00000299bfa74e42 sp=0x000000c640cfdea0 mode 1
Event: 6.182 Thread 0x0000029a16f8f2b0 DEOPT PACKING pc=0x00000299c0526b14 sp=0x000000c640cfe800
Event: 6.182 Thread 0x0000029a16f8f2b0 DEOPT UNPACKING pc=0x00000299bfa74e42 sp=0x000000c640cfdd00 mode 1
Event: 6.182 Thread 0x0000029a16f8f2b0 DEOPT PACKING pc=0x00000299c00bf9f4 sp=0x000000c640cfe9b0
Event: 6.182 Thread 0x0000029a16f8f2b0 DEOPT UNPACKING pc=0x00000299bfa74e42 sp=0x000000c640cfdea0 mode 1
Event: 6.685 Thread 0x0000029a16f8f2b0 DEOPT PACKING pc=0x00000299c0526b14 sp=0x000000c640cfe800
Event: 6.685 Thread 0x0000029a16f8f2b0 DEOPT UNPACKING pc=0x00000299bfa74e42 sp=0x000000c640cfdd00 mode 1
Event: 6.685 Thread 0x0000029a16f8f2b0 DEOPT PACKING pc=0x00000299c00bf9f4 sp=0x000000c640cfe9b0
Event: 6.685 Thread 0x0000029a16f8f2b0 DEOPT UNPACKING pc=0x00000299bfa74e42 sp=0x000000c640cfdea0 mode 1
Event: 7.191 Thread 0x0000029a16f8f2b0 DEOPT PACKING pc=0x00000299c0526b14 sp=0x000000c640cfe800
Event: 7.192 Thread 0x0000029a16f8f2b0 DEOPT UNPACKING pc=0x00000299bfa74e42 sp=0x000000c640cfdd00 mode 1
Event: 7.192 Thread 0x0000029a16f8f2b0 DEOPT PACKING pc=0x00000299c00bf9f4 sp=0x000000c640cfe9b0
Event: 7.192 Thread 0x0000029a16f8f2b0 DEOPT UNPACKING pc=0x00000299bfa74e42 sp=0x000000c640cfdea0 mode 1
Event: 7.696 Thread 0x0000029a16f8f2b0 DEOPT PACKING pc=0x00000299c0526b14 sp=0x000000c640cfe800
Event: 7.696 Thread 0x0000029a16f8f2b0 DEOPT UNPACKING pc=0x00000299bfa74e42 sp=0x000000c640cfdd00 mode 1
Event: 7.696 Thread 0x0000029a16f8f2b0 DEOPT PACKING pc=0x00000299c00bf9f4 sp=0x000000c640cfe9b0
Event: 7.696 Thread 0x0000029a16f8f2b0 DEOPT UNPACKING pc=0x00000299bfa74e42 sp=0x000000c640cfdea0 mode 1
Event: 7.700 Thread 0x00000299cd441060 DEOPT PACKING pc=0x00000299bfe581b4 sp=0x000000c63fffdb50
Event: 7.700 Thread 0x00000299cd441060 DEOPT UNPACKING pc=0x00000299bfa74e42 sp=0x000000c63fffd008 mode 0

Classes loaded (20 events):
Event: 2.671 Loading class java/util/concurrent/CompletableFuture$AltResult
Event: 2.671 Loading class java/util/concurrent/CompletableFuture$AltResult done
Event: 2.671 Loading class java/util/concurrent/CompletableFuture$Completion
Event: 2.671 Loading class java/util/concurrent/CompletableFuture$AsynchronousCompletionTask
Event: 2.671 Loading class java/util/concurrent/CompletableFuture$AsynchronousCompletionTask done
Event: 2.671 Loading class java/util/concurrent/CompletableFuture$Completion done
Event: 2.702 Loading class java/util/concurrent/CancellationException
Event: 2.702 Loading class java/util/concurrent/CancellationException done
Event: 2.856 Loading class java/util/ArrayList$ListItr
Event: 2.856 Loading class java/util/ArrayList$ListItr done
Event: 2.907 Loading class java/util/AbstractList$SubList
Event: 2.907 Loading class java/util/AbstractList$SubList done
Event: 2.917 Loading class java/lang/reflect/AnnotatedArrayType
Event: 2.917 Loading class java/lang/reflect/AnnotatedArrayType done
Event: 2.943 Loading class java/lang/foreign/ValueLayout
Event: 2.943 Loading class java/lang/foreign/MemoryLayout
Event: 2.944 Loading class java/lang/foreign/MemoryLayout done
Event: 2.944 Loading class java/lang/foreign/ValueLayout done
Event: 3.144 Loading class javax/naming/Reference
Event: 3.144 Loading class javax/naming/Reference done

Classes unloaded (0 events):
No events

Classes redefined (1 events):
Event: 7.711 Thread 0x00000299cd41bcd0 redefined class name=com.permansys.controller.EmployeeController, count=1

Internal exceptions (20 events):
Event: 1.954 Thread 0x00000299cd441060 Exception <a 'java/lang/NoSuchMethodError'{0x000000060733b998}: 'void java.lang.invoke.DelegatingMethodHandle$Holder.reinvoke_L(java.lang.Object, java.lang.Object, java.lang.Object, java.lang.Object, int, java.lang.Object, java.lang.Object, java.lang.Object)'> (0x000000060733b998) 
thrown [s\src\hotspot\share\interpreter\linkResolver.cpp, line 773]
Event: 2.165 Thread 0x00000299cd441060 Exception <a 'java/lang/NoSuchMethodError'{0x0000000616a0aa00}: 'int java.lang.invoke.DirectMethodHandle$Holder.invokeStatic(java.lang.Object)'> (0x0000000616a0aa00) 
thrown [s\src\hotspot\share\interpreter\linkResolver.cpp, line 773]
Event: 2.177 Thread 0x00000299cd441060 Exception <a 'java/lang/NoSuchMethodError'{0x0000000616438900}: method resolution failed> (0x0000000616438900) 
thrown [s\src\hotspot\share\prims\methodHandles.cpp, line 1144]
Event: 2.184 Thread 0x00000299cd441060 Exception <a 'java/lang/NoSuchMethodError'{0x00000006165aa5b8}: 'int java.lang.invoke.DirectMethodHandle$Holder.invokeStaticInit(java.lang.Object, java.lang.Object, java.lang.Object, java.lang.Object)'> (0x00000006165aa5b8) 
thrown [s\src\hotspot\share\interpreter\linkResolver.cpp, line 773]
Event: 2.532 Thread 0x00000299cd441060 Exception <a 'java/lang/NoSuchMethodError'{0x00000006156d6cc8}: 'java.lang.Object java.lang.invoke.DirectMethodHandle$Holder.invokeStaticInit(java.lang.Object, java.lang.Object, java.lang.Object, java.lang.Object)'> (0x00000006156d6cc8) 
thrown [s\src\hotspot\share\interpreter\linkResolver.cpp, line 773]
Event: 2.536 Thread 0x00000299cd441060 Exception <a 'java/lang/NoSuchMethodError'{0x000000061579d7c8}: 'int java.lang.invoke.Invokers$Holder.invokeExact_MT(java.lang.Object, java.lang.Object)'> (0x000000061579d7c8) 
thrown [s\src\hotspot\share\interpreter\linkResolver.cpp, line 773]
Event: 2.705 Thread 0x00000299cd441060 Exception <a 'java/lang/IncompatibleClassChangeError'{0x00000006129d4170}: Found class java.lang.Object, but interface was expected> (0x00000006129d4170) 
thrown [s\src\hotspot\share\interpreter\linkResolver.cpp, line 840]
Event: 2.714 Thread 0x00000299cd441060 Exception <a 'java/lang/NoSuchMethodError'{0x000000061242a478}: 'java.lang.Object java.lang.invoke.DirectMethodHandle$Holder.invokeStatic(java.lang.Object, java.lang.Object, int, java.lang.Object)'> (0x000000061242a478) 
thrown [s\src\hotspot\share\interpreter\linkResolver.cpp, line 773]
Event: 2.714 Thread 0x00000299cd441060 Exception <a 'java/lang/NoSuchMethodError'{0x000000061242dcb0}: 'java.lang.Object java.lang.invoke.DirectMethodHandle$Holder.invokeStaticInit(java.lang.Object, java.lang.Object, int, java.lang.Object)'> (0x000000061242dcb0) 
thrown [s\src\hotspot\share\interpreter\linkResolver.cpp, line 773]
Event: 2.980 Thread 0x00000299cd441060 Exception <a 'java/lang/NoSuchMethodError'{0x0000000605d8bcc0}: 'void java.lang.invoke.DirectMethodHandle$Holder.invokeInterface(java.lang.Object, java.lang.Object, int, java.lang.Object)'> (0x0000000605d8bcc0) 
thrown [s\src\hotspot\share\interpreter\linkResolver.cpp, line 773]
Event: 2.982 Thread 0x00000299cd441060 Exception <a 'java/lang/NoSuchMethodError'{0x0000000605de6ea0}: 'java.lang.Object java.lang.invoke.DirectMethodHandle$Holder.newInvokeSpecial(java.lang.Object, java.lang.Object, int, java.lang.Object)'> (0x0000000605de6ea0) 
thrown [s\src\hotspot\share\interpreter\linkResolver.cpp, line 773]
Event: 2.982 Thread 0x00000299cd441060 Exception <a 'java/lang/NoSuchMethodError'{0x0000000605dea880}: 'java.lang.Object java.lang.invoke.Invokers$Holder.linkToTargetMethod(java.lang.Object, int, java.lang.Object, java.lang.Object)'> (0x0000000605dea880) 
thrown [s\src\hotspot\share\interpreter\linkResolver.cpp, line 773]
Event: 2.989 Thread 0x00000299cd441060 Exception <a 'java/lang/IncompatibleClassChangeError'{0x0000000605fcd4c0}: Found class java.lang.Object, but interface was expected> (0x0000000605fcd4c0) 
thrown [s\src\hotspot\share\interpreter\linkResolver.cpp, line 840]
Event: 3.008 Thread 0x00000299cd441060 Exception <a 'java/lang/NoSuchMethodError'{0x000000062408c6e0}: 'java.lang.Object java.lang.invoke.DirectMethodHandle$Holder.newInvokeSpecial(java.lang.Object, java.lang.Object, java.lang.Object, java.lang.Object, java.lang.Object, int, java.lang.Object)'> (0x000000062408c6e0) 
thrown [s\src\hotspot\share\interpreter\linkResolver.cpp, line 773]
Event: 3.034 Thread 0x00000299cd441060 Exception <a 'java/lang/NoSuchMethodError'{0x0000000611acca88}: 'java.lang.Object java.lang.invoke.DirectMethodHandle$Holder.newInvokeSpecial(java.lang.Object, java.lang.Object, java.lang.Object, java.lang.Object, java.lang.Object, java.lang.Object, java.lang.Object, int)'> (0x0000000611acca88) 
thrown [s\src\hotspot\share\interpreter\linkResolver.cpp, line 773]
Event: 3.034 Thread 0x00000299cd441060 Exception <a 'java/lang/NoSuchMethodError'{0x0000000611ad10d8}: 'java.lang.Object java.lang.invoke.DirectMethodHandle$Holder.invokeSpecial(java.lang.Object, java.lang.Object, java.lang.Object, java.lang.Object, java.lang.Object, java.lang.Object, java.lang.Object, java.lang.Object, int)'> (0x0000000611ad10d8) 
thrown [s\src\hotspot\share\interpreter\linkResolver.cpp, line 773]
Event: 3.034 Thread 0x00000299cd441060 Exception <a 'java/lang/NoSuchMethodError'{0x0000000611ad5110}: 'java.lang.Object java.lang.invoke.Invokers$Holder.linkToTargetMethod(java.lang.Object, java.lang.Object, java.lang.Object, java.lang.Object, java.lang.Object, java.lang.Object, int, java.lang.Object)'> (0x0000000611ad5110) 
thrown [s\src\hotspot\share\interpreter\linkResolver.cpp, line 773]
Event: 3.044 Thread 0x00000299cd441060 Exception <a 'java/lang/NoSuchMethodError'{0x0000000611513898}: 'java.lang.Object java.lang.invoke.DirectMethodHandle$Holder.newInvokeSpecial(java.lang.Object, java.lang.Object, java.lang.Object, java.lang.Object, java.lang.Object, java.lang.Object, java.lang.Object, java.lang.Object)'> (0x0000000611513898) 
thrown [s\src\hotspot\share\interpreter\linkResolver.cpp, line 773]
Event: 3.046 Thread 0x00000299cd441060 Exception <a 'java/lang/NoSuchMethodError'{0x0000000611581228}: 'void java.lang.invoke.DirectMethodHandle$Holder.invokeInterface(java.lang.Object, java.lang.Object)'> (0x0000000611581228) 
thrown [s\src\hotspot\share\interpreter\linkResolver.cpp, line 773]
Event: 3.148 Thread 0x00000299cd441060 Exception <a 'java/lang/NoSuchMethodError'{0x00000006087a9358}: 'void java.lang.invoke.Invokers$Holder.invokeExact_MT(java.lang.Object, java.lang.Object, java.lang.Object, java.lang.Object)'> (0x00000006087a9358) 
thrown [s\src\hotspot\share\interpreter\linkResolver.cpp, line 773]

ZGC Phase Switch (0 events):
No events

VM Operations (20 events):
Event: 4.170 Executing VM operation: get/set locals
Event: 4.170 Executing VM operation: get/set locals done
Event: 4.170 Executing VM operation: get/set locals
Event: 4.170 Executing VM operation: get/set locals done
Event: 4.173 Executing VM operation: get/set locals
Event: 4.173 Executing VM operation: get/set locals done
Event: 4.174 Executing VM operation: get/set locals
Event: 4.174 Executing VM operation: get/set locals done
Event: 5.181 Executing VM operation: Cleanup
Event: 5.181 Executing VM operation: Cleanup done
Event: 6.193 Executing VM operation: Cleanup
Event: 6.193 Executing VM operation: Cleanup done
Event: 7.699 Executing VM operation: ChangeSingleStep
Event: 7.699 Executing VM operation: ChangeSingleStep done
Event: 7.700 Executing VM operation: ChangeSingleStep
Event: 7.700 Executing VM operation: ChangeSingleStep done
Event: 7.709 Executing VM operation: RedefineClasses
Event: 7.718 Executing VM operation: RedefineClasses done
Event: 7.770 Executing VM operation: ChangeSingleStep
Event: 7.770 Executing VM operation: ChangeSingleStep done

Memory protections (0 events):
No events

Nmethod flushes (20 events):
Event: 1.576 Thread 0x00000299cd41bcd0 flushing  nmethod 0x00000299c00d2610
Event: 2.753 Thread 0x00000299cd41bcd0 flushing  nmethod 0x00000299bff08010
Event: 2.753 Thread 0x00000299cd41bcd0 flushing  nmethod 0x00000299bff13990
Event: 2.753 Thread 0x00000299cd41bcd0 flushing  nmethod 0x00000299c0408710
Event: 2.753 Thread 0x00000299cd41bcd0 flushing  nmethod 0x00000299bfe61a90
Event: 2.753 Thread 0x00000299cd41bcd0 flushing  nmethod 0x00000299c043bc90
Event: 2.753 Thread 0x00000299cd41bcd0 flushing  nmethod 0x00000299bfd79590
Event: 2.753 Thread 0x00000299cd41bcd0 flushing  nmethod 0x00000299bfdb3310
Event: 2.753 Thread 0x00000299cd41bcd0 flushing  nmethod 0x00000299bff0d010
Event: 2.753 Thread 0x00000299cd41bcd0 flushing  nmethod 0x00000299c00a2090
Event: 2.753 Thread 0x00000299cd41bcd0 flushing  nmethod 0x00000299c04c7490
Event: 2.753 Thread 0x00000299cd41bcd0 flushing  nmethod 0x00000299c04cbb90
Event: 2.753 Thread 0x00000299cd41bcd0 flushing  nmethod 0x00000299c0524d10
Event: 2.753 Thread 0x00000299cd41bcd0 flushing  nmethod 0x00000299c0410c90
Event: 2.753 Thread 0x00000299cd41bcd0 flushing  nmethod 0x00000299c04f0410
Event: 2.753 Thread 0x00000299cd41bcd0 flushing  nmethod 0x00000299c0004590
Event: 2.753 Thread 0x00000299cd41bcd0 flushing  nmethod 0x00000299c00bf290
Event: 2.753 Thread 0x00000299cd41bcd0 flushing  nmethod 0x00000299c0469f90
Event: 2.753 Thread 0x00000299cd41bcd0 flushing  nmethod 0x00000299c04bcb90
Event: 2.753 Thread 0x00000299cd41bcd0 flushing  nmethod 0x00000299c0617e90

Events (20 events):
Event: 0.912 Thread 0x00000299d05d85d0 Thread added: 0x0000029a1696d470
Event: 0.969 Thread 0x00000299cd441d80 Thread added: 0x0000029a16f8c4c0
Event: 0.975 Thread 0x0000029a16f8c4c0 Thread added: 0x0000029a16f87c90
Event: 0.976 Thread 0x00000299cd43ef90 Thread added: 0x0000029a16f8f2b0
Event: 0.984 Thread 0x0000029a16f8f2b0 Thread added: 0x0000029a16f8aa80
Event: 1.046 Thread 0x00000299cd441060 Thread added: 0x0000029a16f8b7a0
Event: 1.059 Thread 0x00000299cd4416f0 Thread exited: 0x00000299cd4416f0
Event: 1.089 Thread 0x0000029a16f8b7a0 Thread exited: 0x0000029a16f8b7a0
Event: 1.876 Thread 0x00000299cd441060 Thread added: 0x0000029a16f89d60
Event: 1.877 Thread 0x0000029a16f89d60 Thread added: 0x0000029a16f8d1e0
Event: 1.895 Thread 0x00000299cd441060 Thread added: 0x0000029a16f8cb50
Event: 2.486 Thread 0x00000299cd441060 Thread added: 0x0000029a16f88320
Event: 2.495 Thread 0x00000299cd441060 Thread added: 0x0000029a16f89040
Event: 2.602 Thread 0x0000029a16f89040 Thread added: 0x0000029a16f889b0
Event: 4.620 Thread 0x0000029a1696d470 Thread exited: 0x0000029a1696d470
Event: 4.620 Thread 0x0000029a1696cdd0 Thread exited: 0x0000029a1696cdd0
Event: 4.624 Thread 0x0000029a16d0fca0 Thread exited: 0x0000029a16d0fca0
Event: 5.674 Thread 0x0000029a16d0f600 Thread exited: 0x0000029a16d0f600
Event: 5.674 Thread 0x0000029a16310940 Thread exited: 0x0000029a16310940
Event: 6.180 Thread 0x00000299d05dbb60 Thread exited: 0x00000299d05dbb60


Dynamic libraries:
0x00007ff71c010000 - 0x00007ff71c01e000 	C:\IDE\sts-4.27.0.RELEASE\plugins\org.eclipse.justj.openjdk.hotspot.jre.full.win32.x86_64_21.0.5.v20241023-1957\jre\bin\javaw.exe
0x00007ffe94e10000 - 0x00007ffe95027000 	C:\Windows\SYSTEM32\ntdll.dll
0x00007ffe94450000 - 0x00007ffe94514000 	C:\Windows\System32\KERNEL32.DLL
0x00007ffe92430000 - 0x00007ffe927e9000 	C:\Windows\System32\KERNELBASE.dll
0x00007ffe92890000 - 0x00007ffe929a1000 	C:\Windows\System32\ucrtbase.dll
0x00007ffe78760000 - 0x00007ffe78778000 	C:\IDE\sts-4.27.0.RELEASE\plugins\org.eclipse.justj.openjdk.hotspot.jre.full.win32.x86_64_21.0.5.v20241023-1957\jre\bin\jli.dll
0x00007ffe77890000 - 0x00007ffe778ae000 	C:\IDE\sts-4.27.0.RELEASE\plugins\org.eclipse.justj.openjdk.hotspot.jre.full.win32.x86_64_21.0.5.v20241023-1957\jre\bin\VCRUNTIME140.dll
0x00007ffe92c20000 - 0x00007ffe92dce000 	C:\Windows\System32\USER32.dll
0x00007ffe92b00000 - 0x00007ffe92b26000 	C:\Windows\System32\win32u.dll
0x00007ffe94340000 - 0x00007ffe94369000 	C:\Windows\System32\GDI32.dll
0x00007ffe929b0000 - 0x00007ffe92acb000 	C:\Windows\System32\gdi32full.dll
0x00007ffe927f0000 - 0x00007ffe9288a000 	C:\Windows\System32\msvcp_win.dll
0x00007ffe87b40000 - 0x00007ffe87dd2000 	C:\Windows\WinSxS\amd64_microsoft.windows.common-controls_6595b64144ccf1df_6.0.22621.4391_none_2715d37f73803e96\COMCTL32.dll
0x00007ffe947f0000 - 0x00007ffe94897000 	C:\Windows\System32\msvcrt.dll
0x00007ffe948a0000 - 0x00007ffe948d1000 	C:\Windows\System32\IMM32.DLL
0x00007ffe85960000 - 0x00007ffe85aba000 	\\?\CvuLurfWuCmDXDhHkwxJwlwccoKRLSVJCqAVoaG\GLOBAL??\C:\Windows\system32\tmumh\20019\AddOn\8.55.0.1333\TmUmEvt64.dll
0x00007ffe94dc0000 - 0x00007ffe94dc8000 	C:\Windows\System32\PSAPI.DLL
0x00007ffe92b50000 - 0x00007ffe92c02000 	C:\Windows\System32\ADVAPI32.dll
0x00007ffe94740000 - 0x00007ffe947e7000 	C:\Windows\System32\sechost.dll
0x00007ffe92ad0000 - 0x00007ffe92af8000 	C:\Windows\System32\bcrypt.dll
0x00007ffe93450000 - 0x00007ffe93564000 	C:\Windows\System32\RPCRT4.dll
0x0000000063530000 - 0x00000000636ae000 	\\?\CvuLurfWuCmDXDhHkwxJwlwccoKRLSVJCqAVoaG\GLOBAL??\C:\Windows\system32\tmumh\20019\TmMon\2.9.0.1181\tmmon64.dll
0x00007ffe7b450000 - 0x00007ffe7b45c000 	C:\IDE\sts-4.27.0.RELEASE\plugins\org.eclipse.justj.openjdk.hotspot.jre.full.win32.x86_64_21.0.5.v20241023-1957\jre\bin\vcruntime140_1.dll
0x00007ffe357c0000 - 0x00007ffe3584d000 	C:\IDE\sts-4.27.0.RELEASE\plugins\org.eclipse.justj.openjdk.hotspot.jre.full.win32.x86_64_21.0.5.v20241023-1957\jre\bin\msvcp140.dll
0x00007ffe0ec50000 - 0x00007ffe0f9df000 	C:\IDE\sts-4.27.0.RELEASE\plugins\org.eclipse.justj.openjdk.hotspot.jre.full.win32.x86_64_21.0.5.v20241023-1957\jre\bin\server\jvm.dll
0x00007ffe932c0000 - 0x00007ffe93331000 	C:\Windows\System32\WS2_32.dll
0x00007ffe91e30000 - 0x00007ffe91e7d000 	C:\Windows\SYSTEM32\POWRPROF.dll
0x00007ffe8d3c0000 - 0x00007ffe8d3f4000 	C:\Windows\SYSTEM32\WINMM.dll
0x00007ffe887a0000 - 0x00007ffe887aa000 	C:\Windows\SYSTEM32\VERSION.dll
0x00007ffe91e10000 - 0x00007ffe91e23000 	C:\Windows\SYSTEM32\UMPDC.dll
0x00007ffe91110000 - 0x00007ffe91128000 	C:\Windows\SYSTEM32\kernel.appcore.dll
0x00007ffe8e1b0000 - 0x00007ffe8e1ba000 	C:\IDE\sts-4.27.0.RELEASE\plugins\org.eclipse.justj.openjdk.hotspot.jre.full.win32.x86_64_21.0.5.v20241023-1957\jre\bin\jimage.dll
0x00007ffe8f4c0000 - 0x00007ffe8f6f2000 	C:\Windows\SYSTEM32\DBGHELP.DLL
0x00007ffe948e0000 - 0x00007ffe94c6f000 	C:\Windows\System32\combase.dll
0x00007ffe94370000 - 0x00007ffe94447000 	C:\Windows\System32\OLEAUT32.dll
0x00007ffe7ce70000 - 0x00007ffe7cea2000 	C:\Windows\SYSTEM32\dbgcore.DLL
0x00007ffe921d0000 - 0x00007ffe9224b000 	C:\Windows\System32\bcryptPrimitives.dll
0x00007ffe77500000 - 0x00007ffe7753c000 	C:\IDE\sts-4.27.0.RELEASE\plugins\org.eclipse.justj.openjdk.hotspot.jre.full.win32.x86_64_21.0.5.v20241023-1957\jre\bin\jdwp.dll
0x00007ffe8e1c0000 - 0x00007ffe8e1cf000 	C:\IDE\sts-4.27.0.RELEASE\plugins\org.eclipse.justj.openjdk.hotspot.jre.full.win32.x86_64_21.0.5.v20241023-1957\jre\bin\instrument.dll
0x00007ffe87f50000 - 0x00007ffe87f6f000 	C:\IDE\sts-4.27.0.RELEASE\plugins\org.eclipse.justj.openjdk.hotspot.jre.full.win32.x86_64_21.0.5.v20241023-1957\jre\bin\java.dll
0x00007ffe93ac0000 - 0x00007ffe94336000 	C:\Windows\System32\SHELL32.dll
0x00007ffe90000000 - 0x00007ffe90903000 	C:\Windows\SYSTEM32\windows.storage.dll
0x00007ffe8fec0000 - 0x00007ffe8ffff000 	C:\Windows\SYSTEM32\wintypes.dll
0x00007ffe93340000 - 0x00007ffe93439000 	C:\Windows\System32\SHCORE.dll
0x00007ffe94c70000 - 0x00007ffe94cce000 	C:\Windows\System32\shlwapi.dll
0x00007ffe92040000 - 0x00007ffe9206b000 	C:\Windows\SYSTEM32\profapi.dll
0x00007ffe87e50000 - 0x00007ffe87e68000 	C:\IDE\sts-4.27.0.RELEASE\plugins\org.eclipse.justj.openjdk.hotspot.jre.full.win32.x86_64_21.0.5.v20241023-1957\jre\bin\zip.dll
0x00007ffe88d10000 - 0x00007ffe88d1b000 	C:\IDE\sts-4.27.0.RELEASE\plugins\org.eclipse.justj.openjdk.hotspot.jre.full.win32.x86_64_21.0.5.v20241023-1957\jre\bin\dt_socket.dll
0x00007ffe90b70000 - 0x00007ffe90b9d000 	C:\Windows\SYSTEM32\IPHLPAPI.DLL
0x00007ffe91580000 - 0x00007ffe915e9000 	C:\Windows\system32\mswsock.dll
0x00007ffe90be0000 - 0x00007ffe90ce2000 	C:\Windows\SYSTEM32\DNSAPI.dll
0x00007ffe93440000 - 0x00007ffe93449000 	C:\Windows\System32\NSI.dll
0x00007ffe8d7c0000 - 0x00007ffe8d7ca000 	C:\Windows\System32\rasadhlp.dll
0x00007ffe8bfd0000 - 0x00007ffe8c053000 	C:\Windows\System32\fwpuclnt.dll
0x00007ffe857a0000 - 0x00007ffe857b0000 	C:\IDE\sts-4.27.0.RELEASE\plugins\org.eclipse.justj.openjdk.hotspot.jre.full.win32.x86_64_21.0.5.v20241023-1957\jre\bin\net.dll
0x00007ffe8e880000 - 0x00007ffe8e9b6000 	C:\Windows\SYSTEM32\WINHTTP.dll
0x00007ffe7cec0000 - 0x00007ffe7ced6000 	C:\IDE\sts-4.27.0.RELEASE\plugins\org.eclipse.justj.openjdk.hotspot.jre.full.win32.x86_64_21.0.5.v20241023-1957\jre\bin\nio.dll
0x00007ffe7ca90000 - 0x00007ffe7ca9a000 	C:\IDE\sts-4.27.0.RELEASE\plugins\org.eclipse.justj.openjdk.hotspot.jre.full.win32.x86_64_21.0.5.v20241023-1957\jre\bin\management.dll
0x00007ffe7ca80000 - 0x00007ffe7ca8b000 	C:\IDE\sts-4.27.0.RELEASE\plugins\org.eclipse.justj.openjdk.hotspot.jre.full.win32.x86_64_21.0.5.v20241023-1957\jre\bin\management_ext.dll
0x00007ffe712a0000 - 0x00007ffe712b7000 	C:\Windows\system32\napinsp.dll
0x00007ffe61020000 - 0x00007ffe6103b000 	C:\Windows\system32\pnrpnsp.dll
0x00007ffe61000000 - 0x00007ffe61011000 	C:\Windows\System32\winrnr.dll
0x00007ffe60fe0000 - 0x00007ffe60ff5000 	C:\Windows\system32\wshbth.dll
0x00007ffe60fb0000 - 0x00007ffe60fd7000 	C:\Windows\system32\nlansp_c.dll
0x00007ffe918d0000 - 0x00007ffe918eb000 	C:\Windows\SYSTEM32\CRYPTSP.dll
0x00007ffe91070000 - 0x00007ffe910a5000 	C:\Windows\system32\rsaenh.dll
0x00007ffe91620000 - 0x00007ffe91648000 	C:\Windows\SYSTEM32\USERENV.dll
0x00007ffe918b0000 - 0x00007ffe918bc000 	C:\Windows\SYSTEM32\CRYPTBASE.dll
0x00007ffe7ccd0000 - 0x00007ffe7ccd9000 	C:\IDE\sts-4.27.0.RELEASE\plugins\org.eclipse.justj.openjdk.hotspot.jre.full.win32.x86_64_21.0.5.v20241023-1957\jre\bin\extnet.dll
0x00007ffe85790000 - 0x00007ffe857a0000 	C:\IDE\sts-4.27.0.RELEASE\plugins\org.eclipse.justj.openjdk.hotspot.jre.full.win32.x86_64_21.0.5.v20241023-1957\jre\bin\verify.dll
0x00007ffe7cce0000 - 0x00007ffe7ccee000 	C:\IDE\sts-4.27.0.RELEASE\plugins\org.eclipse.justj.openjdk.hotspot.jre.full.win32.x86_64_21.0.5.v20241023-1957\jre\bin\sunmscapi.dll
0x00007ffe922c0000 - 0x00007ffe92426000 	C:\Windows\System32\CRYPT32.dll
0x00007ffe919e0000 - 0x00007ffe91a0d000 	C:\Windows\SYSTEM32\ncrypt.dll
0x00007ffe919a0000 - 0x00007ffe919d7000 	C:\Windows\SYSTEM32\NTASN1.dll

dbghelp: loaded successfully - version: 4.0.5 - missing functions: none
symbol engine: initialized successfully - sym options: 0x614 - pdb path: .;C:\IDE\sts-4.27.0.RELEASE\plugins\org.eclipse.justj.openjdk.hotspot.jre.full.win32.x86_64_21.0.5.v20241023-1957\jre\bin;C:\Windows\SYSTEM32;C:\Windows\WinSxS\amd64_microsoft.windows.common-controls_6595b64144ccf1df_6.0.22621.4391_none_2715d37f73803e96;\\?\CvuLurfWuCmDXDhHkwxJwlwccoKRLSVJCqAVoaG\GLOBAL??\C:\Windows\system32\tmumh\20019\AddOn\8.55.0.1333;\\?\CvuLurfWuCmDXDhHkwxJwlwccoKRLSVJCqAVoaG\GLOBAL??\C:\Windows\system32\tmumh\20019\TmMon\2.9.0.1181;C:\IDE\sts-4.27.0.RELEASE\plugins\org.eclipse.justj.openjdk.hotspot.jre.full.win32.x86_64_21.0.5.v20241023-1957\jre\bin\server

VM Arguments:
jvm_args: -XX:+ShowCodeDetailsInExceptionMessages -agentlib:jdwp=transport=dt_socket,suspend=y,address=localhost:65227 -Dcom.sun.management.jmxremote -Dcom.sun.management.jmxremote.port=65226 -Dcom.sun.management.jmxremote.authenticate=false -Dcom.sun.management.jmxremote.ssl=false -Djava.rmi.server.hostname=localhost -Dspring.jmx.enabled=true -Dmanagement.endpoints.jmx.exposure.include=* -Dspring.application.admin.enabled=true -XX:TieredStopAtLevel=1 -Dspring.boot.project.name=permansys -javaagent:C:\IDE\sts-4.27.0.RELEASE\configuration\org.eclipse.osgi\275\0\.cp\lib\javaagent-shaded.jar -Dfile.encoding=UTF-8 -Dstdout.encoding=UTF-8 -Dstderr.encoding=UTF-8 
java_command: com.permansys.PerManSysApplication --spring.output.ansi.enabled=always
java_class_path (initial): C:\Workspace\permansys\target\classes;C:\Users\nccc10\.m2\repository\org\springframework\boot\spring-boot-starter-thymeleaf\3.4.0\spring-boot-starter-thymeleaf-3.4.0.jar;C:\Users\nccc10\.m2\repository\org\springframework\boot\spring-boot-starter\3.4.0\spring-boot-starter-3.4.0.jar;C:\Users\nccc10\.m2\repository\org\springframework\boot\spring-boot-starter-logging\3.4.0\spring-boot-starter-logging-3.4.0.jar;C:\Users\nccc10\.m2\repository\ch\qos\logback\logback-classic\1.5.12\logback-classic-1.5.12.jar;C:\Users\nccc10\.m2\repository\ch\qos\logback\logback-core\1.5.12\logback-core-1.5.12.jar;C:\Users\nccc10\.m2\repository\org\apache\logging\log4j\log4j-to-slf4j\2.24.1\log4j-to-slf4j-2.24.1.jar;C:\Users\nccc10\.m2\repository\org\apache\logging\log4j\log4j-api\2.24.1\log4j-api-2.24.1.jar;C:\Users\nccc10\.m2\repository\org\slf4j\jul-to-slf4j\2.0.16\jul-to-slf4j-2.0.16.jar;C:\Users\nccc10\.m2\repository\org\yaml\snakeyaml\2.3\snakeyaml-2.3.jar;C:\Users\nccc10\.m2\repository\org\thymeleaf\thymeleaf-spring6\3.1.2.RELEASE\thymeleaf-spring6-3.1.2.RELEASE.jar;C:\Users\nccc10\.m2\repository\org\thymeleaf\thymeleaf\3.1.2.RELEASE\thymeleaf-3.1.2.RELEASE.jar;C:\Users\nccc10\.m2\repository\org\attoparser\attoparser\2.0.7.RELEASE\attoparser-2.0.7.RELEASE.jar;C:\Users\nccc10\.m2\repository\org\unbescape\unbescape\1.1.6.RELEASE\unbescape-1.1.6.RELEASE.jar;C:\Users\nccc10\.m2\repository\org\slf4j\slf4j-api\2.0.16\slf4j-api-2.0.16.jar;C:\Users\nccc10\.m2\repository\org\springframework\boot\spring-boot-starter-web\3.4.0\spring-boot-starter-web-3.4.0.jar;C:\Users\nccc10\.m2\repository\org\springframework\boot\spring-boot-starter-json\3.4.0\spring-boot-starter-json-3.4.0.jar;C:\Users\nccc10\.m2\repository\com\fasterxml\jackson\core\jackson-databind\2.18.1\jackson-databind-2.18.1.jar;C:\Users\nccc10\.m2\repository\com\fasterxml\jackson\core\jackson-annotations\2.18.1\jackson-annotations-2.18.1.jar;C:\Users\nccc10\.m2\repository\com\fasterxml\jackson\core\jackson-core\2.18.1\jackson-core-2.18.1.jar;C:\Users\nccc10\.m2\repository\com\fasterxml\jackson\datatype\jackson-datatype-jdk8\2.18.1\jackson-datatype-jdk8-2.18.1.jar;C:\Users\nccc10\.m2\repository\com\fasterxml\jackson\datatype\jackson-datatype-jsr310\2.18.1\jackson-datatype-jsr310-2.18.1.jar;C:\Users\nccc10\.m2\repository\com\fasterxml\jackson\module\jackson-module-parameter-names\2.18.1\jackson-module-parameter-names-2.18.1.jar;C:\Users\nccc10\.m2\repository\org\springframework\spring-web\6.2.0\spring-web-6.2.0.jar;C:\Users\nccc10\.m2\repository\org\springframework\spring-beans\6.2.0\spring-beans-6.2.0.jar;C:\Users\nccc10\.m2\repository\io\micrometer\micrometer-observation\1.14.1\micrometer-observation-1.14.1.jar;C:\Users\nccc10\.m2\repository\io\micrometer\micrometer-commons\1.14.1\micrometer-commons-1.14.1.jar;C:\Users\nccc10\.m2\repository\org\springframework\spring-webmvc\6.2.0\spring-webmvc-6.2.0.jar;C:\Users\nccc10\.m2\repository\org\springframework\spring-context\6.2.0\spring-context-6.2.0.jar;C:\Users\nccc10\.m2\repository\org\springframework\spring-expression\6.2.0\spring-expression-6.2.0.jar;C:\Users\nccc10\.m2\repository\org\springframework\boot\spring-boot-starter-tomcat\3.4.0\spring-boot-starter-tomcat-3.4.0.jar;C:\Users\nccc10\.m2\repository\jakarta\annotation\jakarta.annotation-api\2.1.1\jakarta.annotation-api-2.1.1.jar;C:\Users\nccc10\.m2\repository\org\apache\tomcat\embed\tomcat-embed-core\10.1.33\tomcat-embed-core-10.1.33.jar;C:\Users\nccc10\.m2\repository\org\apache\tomcat\embed\tomcat-embed-el\10.1.33\tomcat-embed-el-10.1.33.jar;C:\Users\nccc10\.m2\repository\org\apache\tomcat\embed\tomcat-embed-websocket\10.1.33\tomcat-embed-websocket-10.1.33.jar;C:\Users\nccc10\.m2\repository\jakarta\xml\bind\jakarta.xml.bind-api\4.0.2\jakarta.xml.bind-api-4.0.2.jar;C:\Users\nccc10\.m2\repository\jakarta\activation\jakarta.activation-api\2.1.3\jakarta.activation-api-2.1.3.jar;C:\Users\nccc10\.m2\repository\org\springframework\boot\spring-boot-starter-security\3.4.0\spring-boot-starter-security-3.4.0.jar;C:\Users\nccc10\.m2\repository\org\springframework\spring-aop\6.2.0\spring-aop-6.2.0.jar;C:\Users\nccc10\.m2\repository\org\springframework\security\spring-security-config\6.4.1\spring-security-config-6.4.1.jar;C:\Users\nccc10\.m2\repository\org\springframework\security\spring-security-core\6.4.1\spring-security-core-6.4.1.jar;C:\Users\nccc10\.m2\repository\org\springframework\security\spring-security-crypto\6.4.1\spring-security-crypto-6.4.1.jar;C:\Users\nccc10\.m2\repository\org\springframework\security\spring-security-web\6.4.1\spring-security-web-6.4.1.jar;C:\Users\nccc10\.m2\repository\org\springframework\spring-core\6.2.0\spring-core-6.2.0.jar;C:\Users\nccc10\.m2\repository\org\springframework\spring-jcl\6.2.0\spring-jcl-6.2.0.jar;C:\Users\nccc10\.m2\repository\cglib\cglib\3.3.0\cglib-3.3.0.jar;C:\Users\nccc10\.m2\repository\org\ow2\asm\asm\7.1\asm-7.1.jar;C:\Users\nccc10\.m2\repository\org\springframework\boot\spring-boot-starter-data-jpa\3.4.0\spring-boot-starter-data-jpa-3.4.0.jar;C:\Users\nccc10\.m2\repository\org\springframework\boot\spring-boot-starter-jdbc\3.4.0\spring-boot-starter-jdbc-3.4.0.jar;C:\Users\nccc10\.m2\repository\com\zaxxer\HikariCP\5.1.0\HikariCP-5.1.0.jar;C:\Users\nccc10\.m2\repository\org\springframework\spring-jdbc\6.2.0\spring-jdbc-6.2.0.jar;C:\Users\nccc10\.m2\repository\org\springframework\data\spring-data-jpa\3.4.0\spring-data-jpa-3.4.0.jar;C:\Users\nccc10\.m2\repository\org\springframework\data\spring-data-commons\3.4.0\spring-data-commons-3.4.0.jar;C:\Users\nccc10\.m2\repository\org\springframework\spring-orm\6.2.0\spring-orm-6.2.0.jar;C:\Users\nccc10\.m2\repository\org\springframework\spring-tx\6.2.0\spring-tx-6.2.0.jar;C:\Users\nccc10\.m2\repository\org\springframework\spring-aspects\6.2.0\spring-aspects-6.2.0.jar;C:\Users\nccc10\.m2\repository\org\aspectj\aspectjweaver\1.9.22.1\aspectjweaver-1.9.22.1.jar;C:\Users\nccc10\.m2\repository\org\hibernate\orm\hibernate-core\6.3.1.Final\hibernate-core-6.3.1.Final.jar;C:\Users\nccc10\.m2\repository\jakarta\persistence\jakarta.persistence-api\3.1.0\jakarta.persistence-api-3.1.0.jar;C:\Users\nccc10\.m2\repository\jakarta\transaction\jakarta.transaction-api\2.0.1\jakarta.transaction-api-2.0.1.jar;C:\Users\nccc10\.m2\repository\org\jboss\logging\jboss-logging\3.6.1.Final\jboss-logging-3.6.1.Final.jar;C:\Users\nccc10\.m2\repository\org\hibernate\common\hibernate-commons-annotations\6.0.6.Final\hibernate-commons-annotations-6.0.6.Final.jar;C:\Users\nccc10\.m2\repository\io\smallrye\jandex\3.1.2\jandex-3.1.2.jar;C:\Users\nccc10\.m2\repository\com\fasterxml\classmate\1.7.0\classmate-1.7.0.jar;C:\Users\nccc10\.m2\repository\net\bytebuddy\byte-buddy\1.15.10\byte-buddy-1.15.10.jar;C:\Users\nccc10\.m2\repository\org\glassfish\jaxb\jaxb-runtime\4.0.5\jaxb-runtime-4.0.5.jar;C:\Users\nccc10\.m2\repository\org\glassfish\jaxb\jaxb-core\4.0.5\jaxb-core-4.0.5.jar;C:\Users\nccc10\.m2\repository\org\eclipse\angus\angus-activation\2.0.2\angus-activation-2.0.2.jar;C:\Users\nccc10\.m2\repository\org\glassfish\jaxb\txw2\4.0.5\txw2-4.0.5.jar;C:\Users\nccc10\.m2\repository\com\sun\istack\istack-commons-runtime\4.1.2\istack-commons-runtime-4.1.2.jar;C:\Users\nccc10\.m2\repository\jakarta\inject\jakarta.inject-api\2.0.1\jakarta.inject-api-2.0.1.jar;C:\Users\nccc10\.m2\repository\org\antlr\antlr4-runtime\4.10.1\antlr4-runtime-4.10.1.jar;C:\Users\nccc10\.m2\repository\org\postgresql\postgresql\42.6.0\postgresql-42.6.0.jar;C:\Users\nccc10\.m2\repository\org\checkerframework\checker-qual\3.31.0\checker-qual-3.31.0.jar;C:\Users\nccc10\.m2\repository\org\springframework\boot\spring-boot-devtools\3.4.0\spring-boot-devtools-3.4.0.jar;C:\Users\nccc10\.m2\repository\org\springframework\boot\spring-boot\3.4.0\spring-boot-3.4.0.jar;C:\Users\nccc10\.m2\repository\org\springframework\boot\spring-boot-autoconfigure\3.4.0\spring-boot-autoconfigure-3.4.0.jar
Launcher Type: SUN_STANDARD

[Global flags]
     intx CICompilerCount                          = 12                                        {product} {ergonomic}
     uint ConcGCThreads                            = 4                                         {product} {ergonomic}
     uint G1ConcRefinementThreads                  = 15                                        {product} {ergonomic}
   size_t G1HeapRegionSize                         = 4194304                                   {product} {ergonomic}
    uintx GCDrainStackTargetSize                   = 64                                        {product} {ergonomic}
   size_t InitialHeapSize                          = 532676608                                 {product} {ergonomic}
     bool ManagementServer                         = true                                      {product} {command line}
   size_t MarkStackSize                            = 4194304                                   {product} {ergonomic}
   size_t MaxHeapSize                              = 8514437120                                {product} {ergonomic}
   size_t MaxNewSize                               = 5108662272                                {product} {ergonomic}
   size_t MinHeapDeltaBytes                        = 4194304                                   {product} {ergonomic}
   size_t MinHeapSize                              = 8388608                                   {product} {ergonomic}
    uintx NonNMethodCodeHeapSize                   = 4096                                   {pd product} {ergonomic}
    uintx NonProfiledCodeHeapSize                  = 0                                      {pd product} {ergonomic}
     bool ProfileInterpreter                       = false                                  {pd product} {command line}
    uintx ProfiledCodeHeapSize                     = 0                                      {pd product} {ergonomic}
     bool ShowCodeDetailsInExceptionMessages       = true                                   {manageable} {command line}
   size_t SoftMaxHeapSize                          = 8514437120                             {manageable} {ergonomic}
     intx TieredStopAtLevel                        = 1                                         {product} {command line}
     bool UseCompressedOops                        = true                           {product lp64_product} {ergonomic}
     bool UseG1GC                                  = true                                      {product} {ergonomic}
     bool UseLargePagesIndividualAllocation        = false                                  {pd product} {ergonomic}

Logging:
Log output configuration:
 #0: stdout all=warning uptime,level,tags foldmultilines=false
 #1: stderr all=off uptime,level,tags foldmultilines=false

Environment Variables:
PATH=C:\IDE\sts-4.27.0.RELEASE\plugins\org.eclipse.justj.openjdk.hotspot.jre.full.win32.x86_64_21.0.5.v20241023-1957\jre\bin;C:/IDE/sts-4.27.0.RELEASE//plugins/org.eclipse.justj.openjdk.hotspot.jre.full.win32.x86_64_21.0.5.v20241023-1957/jre/bin/server;C:/IDE/sts-4.27.0.RELEASE//plugins/org.eclipse.justj.openjdk.hotspot.jre.full.win32.x86_64_21.0.5.v20241023-1957/jre/bin;C:\Windows\system32;C:\Windows;C:\Windows\System32\Wbem;C:\Windows\System32\WindowsPowerShell\v1.0\;C:\Windows\System32\OpenSSH\;C:\App\Git\cmd;C:\App\pgsql\bin;C:\Users\nccc10\AppData\Local\Microsoft\WindowsApps;C:\Users\nccc10\AppData\Local\Programs\Microsoft VS Code\bin;C:\IDE\sts-4.27.0.RELEASE;
USERNAME=nccc10
OS=Windows_NT
PROCESSOR_IDENTIFIER=Intel64 Family 6 Model 186 Stepping 2, GenuineIntel
TMP=C:\Users\nccc10\AppData\Local\Temp
TEMP=C:\Users\nccc10\AppData\Local\Temp




Periodic native trim disabled

---------------  S Y S T E M  ---------------

OS:
 Windows 11 , 64 bit Build 22621 (10.0.22621.4391)
OS uptime: 0 days 5:33 hours
Hyper-V role detected

CPU: total 20 (initial active 20) (10 cores per cpu, 2 threads per core) family 6 model 186 stepping 2 microcode 0x410e, cx8, cmov, fxsr, ht, mmx, 3dnowpref, sse, sse2, sse3, ssse3, sse4.1, sse4.2, popcnt, lzcnt, tsc, tscinvbit, avx, avx2, aes, erms, clmul, bmi1, bmi2, adx, sha, fma, vzeroupper, clflush, clflushopt, clwb, hv, serialize, rdtscp, rdpid, fsrm, f16c, cet_ibt, cet_ss
Processor Information for processor 0
  Max Mhz: 2600, Current Mhz: 2600, Mhz Limit: 2600
Processor Information for processor 1
  Max Mhz: 2600, Current Mhz: 2600, Mhz Limit: 2600
Processor Information for processor 2
  Max Mhz: 2600, Current Mhz: 2600, Mhz Limit: 2600
Processor Information for processor 3
  Max Mhz: 2600, Current Mhz: 2600, Mhz Limit: 2600
Processor Information for processor 4
  Max Mhz: 2600, Current Mhz: 2600, Mhz Limit: 2600
Processor Information for processor 5
  Max Mhz: 2600, Current Mhz: 2600, Mhz Limit: 2600
Processor Information for processor 6
  Max Mhz: 2600, Current Mhz: 2600, Mhz Limit: 2600
Processor Information for processor 7
  Max Mhz: 2600, Current Mhz: 2600, Mhz Limit: 2600
Processor Information for processor 8
  Max Mhz: 2600, Current Mhz: 2600, Mhz Limit: 2600
Processor Information for processor 9
  Max Mhz: 2600, Current Mhz: 2600, Mhz Limit: 2600
Processor Information for processor 10
  Max Mhz: 2600, Current Mhz: 2600, Mhz Limit: 2600
Processor Information for processor 11
  Max Mhz: 2600, Current Mhz: 2600, Mhz Limit: 2600
Processor Information for processor 12
  Max Mhz: 2600, Current Mhz: 2600, Mhz Limit: 2600
Processor Information for processor 13
  Max Mhz: 2600, Current Mhz: 2600, Mhz Limit: 2600
Processor Information for processor 14
  Max Mhz: 2600, Current Mhz: 2600, Mhz Limit: 2600
Processor Information for processor 15
  Max Mhz: 2600, Current Mhz: 2600, Mhz Limit: 2600
Processor Information for processor 16
  Max Mhz: 2600, Current Mhz: 2600, Mhz Limit: 2600
Processor Information for processor 17
  Max Mhz: 2600, Current Mhz: 1505, Mhz Limit: 2600
Processor Information for processor 18
  Max Mhz: 2600, Current Mhz: 2600, Mhz Limit: 2600
Processor Information for processor 19
  Max Mhz: 2600, Current Mhz: 1505, Mhz Limit: 2600

Memory: 4k page, system-wide physical 32468M (19436M free)
TotalPageFile size 37588M (AvailPageFile size 22850M)
current process WorkingSet (physical memory assigned to process): 240M, peak: 309M
current process commit charge ("private bytes"): 292M, peak: 653M

vm_info: OpenJDK 64-Bit Server VM (21.0.5+11-LTS) for windows-amd64 JRE (21.0.5+11-LTS), built on 2024-10-15T00:00:00Z by "admin" with MS VC++ 17.7 (VS2022)

END.
